Process 0 (that is, the initial process):
{1}new Kas: key;
{2}new Kbs: key;
{3}insert keys(A,Kas);
{4}insert keys(B,Kbs);
(
    {5}!
    {6}in(c, (xA: host,xB2: host));
    {7}if ((xA = A) || (xA = B)) then
    {13}get keys(=xA,kas: key) in
    {8}event beginBparam(xA,xB2);
    {9}out(c, xA);
    {10}in(c, n: nonce);
    {11}event beginBfull(xA,xB2,n);
    {12}out(c, encrypt((m3,xB2,n),kas))
) | (
    {14}!
    {15}in(c, xB: host);
    {16}if ((xB = A) || (xB = B)) then
    {27}get keys(=xB,kbs: key) in
    {17}in(c, xA2: host);
    {18}new N: nonce;
    {19}out(c, N);
    {20}in(c, m: bitstring);
    {21}out(c, (xA2,xB,m));
    {22}in(c, m2: bitstring);
    {23}let (=m5,=xA2,=N) = decrypt(m2,kbs) in
    {24}if ((xA2 = A) || (xA2 = B)) then
    {25}event endBparam(xA2,xB);
    {26}event endBfull(xA2,xB,N)
) | (
    {28}!
    {29}in(c, (xA1: host,xB1: host,m2_1: bitstring));
    {33}get keys(=xB1,kbs_1: key) in
    {32}get keys(=xA1,kas_1: key) in
    {30}let (=m3,=xB1,n_1: nonce) = decrypt(m2_1,kas_1) in
    {31}out(c, encrypt((m5,xA1,n_1),kbs_1))
) | (
    {34}!
    {35}in(c, (h: host,k: key));
    {36}if ((h ≠ A) && (h ≠ B)) then
    {37}insert keys(h,k)
)

-- Query inj-event(endBparam(x,y)) ==> inj-event(beginBparam(x,y)) in process 0.
Translating the process into Horn clauses...
Completing...
ok, secrecy assumption verified: fact unreachable attacker(Kas[])
ok, secrecy assumption verified: fact unreachable attacker(Kbs[])
Starting query inj-event(endBparam(x,y)) ==> inj-event(beginBparam(x,y))
goal reachable: b-event(@p_act(@occ10_1,N_1)) && b-inj-event(beginBparam(B[],B[]),@occ8_1) && attacker(m_1) -> inj-event(endBparam(B[],B[]),@occ25_1)
The 1st, 2nd hypotheses occur strictly before the conclusion.
The 3rd hypothesis occurs before the conclusion.
Abbreviations:
N_1 = N[xA2 = B[],kbs = Kbs[],xB = B[],!1 = @sid]
@occ25_1 = @occ25[m2 = encrypt((m5,B[],N_1),Kbs[]),m = m_1,xA2 = B[],kbs = Kbs[],xB = B[],!1 = @sid]
@occ10_1 = @occ10[!1 = @sid_1]
@occ8_1 = @occ8[kas = Kbs[],xB2 = B[],xA = B[],!1 = @sid_1]
goal reachable: b-event(@p_act(@occ10_1,N_1)) && b-inj-event(beginBparam(B[],A[]),@occ8_1) && attacker(m_1) -> inj-event(endBparam(B[],A[]),@occ25_1)
The 1st, 2nd hypotheses occur strictly before the conclusion.
The 3rd hypothesis occurs before the conclusion.
Abbreviations:
N_1 = N[xA2 = B[],kbs = Kas[],xB = A[],!1 = @sid]
@occ25_1 = @occ25[m2 = encrypt((m5,B[],N_1),Kas[]),m = m_1,xA2 = B[],kbs = Kas[],xB = A[],!1 = @sid]
@occ10_1 = @occ10[!1 = @sid_1]
@occ8_1 = @occ8[kas = Kbs[],xB2 = A[],xA = B[],!1 = @sid_1]
goal reachable: b-event(@p_act(@occ10_1,N_1)) && b-inj-event(beginBparam(A[],B[]),@occ8_1) && attacker(m_1) -> inj-event(endBparam(A[],B[]),@occ25_1)
The 1st, 2nd hypotheses occur strictly before the conclusion.
The 3rd hypothesis occurs before the conclusion.
Abbreviations:
N_1 = N[xA2 = A[],kbs = Kbs[],xB = B[],!1 = @sid]
@occ25_1 = @occ25[m2 = encrypt((m5,A[],N_1),Kbs[]),m = m_1,xA2 = A[],kbs = Kbs[],xB = B[],!1 = @sid]
@occ10_1 = @occ10[!1 = @sid_1]
@occ8_1 = @occ8[kas = Kas[],xB2 = B[],xA = A[],!1 = @sid_1]
goal reachable: b-event(@p_act(@occ10_1,N_1)) && b-inj-event(beginBparam(A[],A[]),@occ8_1) && attacker(m_1) -> inj-event(endBparam(A[],A[]),@occ25_1)
The 1st, 2nd hypotheses occur strictly before the conclusion.
The 3rd hypothesis occurs before the conclusion.
Abbreviations:
N_1 = N[xA2 = A[],kbs = Kas[],xB = A[],!1 = @sid]
@occ25_1 = @occ25[m2 = encrypt((m5,A[],N_1),Kas[]),m = m_1,xA2 = A[],kbs = Kas[],xB = A[],!1 = @sid]
@occ10_1 = @occ10[!1 = @sid_1]
@occ8_1 = @occ8[kas = Kas[],xB2 = A[],xA = A[],!1 = @sid_1]
RESULT inj-event(endBparam(x,y)) ==> inj-event(beginBparam(x,y)) is true.
-- Query inj-event(endBfull(x,y,z)) ==> inj-event(beginBfull(x,y,z)) in process 0.
Translating the process into Horn clauses...
Completing...
ok, secrecy assumption verified: fact unreachable attacker(Kas[])
ok, secrecy assumption verified: fact unreachable attacker(Kbs[])
Starting query inj-event(endBfull(x,y,z)) ==> inj-event(beginBfull(x,y,z))
goal reachable: b-inj-event(beginBfull(B[],B[],N_1),@occ11_1) && attacker(m_1) -> inj-event(endBfull(B[],B[],N_1),@occ26_1)
The 1st hypothesis occurs strictly before the conclusion.
The 2nd hypothesis occurs before the conclusion.
Abbreviations:
N_1 = N[xA2 = B[],kbs = Kbs[],xB = B[],!1 = @sid]
@occ26_1 = @occ26[m2 = encrypt((m5,B[],N_1),Kbs[]),m = m_1,xA2 = B[],kbs = Kbs[],xB = B[],!1 = @sid]
@occ11_1 = @occ11[n = N_1,kas = Kbs[],xB2 = B[],xA = B[],!1 = @sid_1]
goal reachable: b-inj-event(beginBfull(B[],A[],N_1),@occ11_1) && attacker(m_1) -> inj-event(endBfull(B[],A[],N_1),@occ26_1)
The 1st hypothesis occurs strictly before the conclusion.
The 2nd hypothesis occurs before the conclusion.
Abbreviations:
N_1 = N[xA2 = B[],kbs = Kas[],xB = A[],!1 = @sid]
@occ26_1 = @occ26[m2 = encrypt((m5,B[],N_1),Kas[]),m = m_1,xA2 = B[],kbs = Kas[],xB = A[],!1 = @sid]
@occ11_1 = @occ11[n = N_1,kas = Kbs[],xB2 = A[],xA = B[],!1 = @sid_1]
goal reachable: b-inj-event(beginBfull(A[],B[],N_1),@occ11_1) && attacker(m_1) -> inj-event(endBfull(A[],B[],N_1),@occ26_1)
The 1st hypothesis occurs strictly before the conclusion.
The 2nd hypothesis occurs before the conclusion.
Abbreviations:
N_1 = N[xA2 = A[],kbs = Kbs[],xB = B[],!1 = @sid]
@occ26_1 = @occ26[m2 = encrypt((m5,A[],N_1),Kbs[]),m = m_1,xA2 = A[],kbs = Kbs[],xB = B[],!1 = @sid]
@occ11_1 = @occ11[n = N_1,kas = Kas[],xB2 = B[],xA = A[],!1 = @sid_1]
goal reachable: b-inj-event(beginBfull(A[],A[],N_1),@occ11_1) && attacker(m_1) -> inj-event(endBfull(A[],A[],N_1),@occ26_1)
The 1st hypothesis occurs strictly before the conclusion.
The 2nd hypothesis occurs before the conclusion.
Abbreviations:
N_1 = N[xA2 = A[],kbs = Kas[],xB = A[],!1 = @sid]
@occ26_1 = @occ26[m2 = encrypt((m5,A[],N_1),Kas[]),m = m_1,xA2 = A[],kbs = Kas[],xB = A[],!1 = @sid]
@occ11_1 = @occ11[n = N_1,kas = Kas[],xB2 = A[],xA = A[],!1 = @sid_1]
RESULT inj-event(endBfull(x,y,z)) ==> inj-event(beginBfull(x,y,z)) is true.

--------------------------------------------------------------
Verification summary:

Query inj-event(endBparam(x,y)) ==> inj-event(beginBparam(x,y)) is true.

Query inj-event(endBfull(x,y,z)) ==> inj-event(beginBfull(x,y,z)) is true.

--------------------------------------------------------------

