Linear part:
exp(exp(g,x),y) = exp(exp(g,y),x)
Completing equations...
Completed equations:
exp(exp(g,x),y) = exp(exp(g,y),x)
Convergent part: No equation.
Process 0 (that is, the initial process):
{1}new SSigKey: skey;
{2}let SVerKey: pkey = pk(SSigKey) in
{3}out(c, SVerKey);
(
    {4}!
    {5}new dhsecretC: exponent;
    {6}let dhpublicC: G = exp(g,dhsecretC) in
    {7}out(c, (KEXDHINIT,dhpublicC));
    {8}in(c, (=KEXDHREPLY,ServerVerKey: pkey,dhpublicS: G,sign: bitstring));
    {9}let K: G = exp(dhpublicS,dhsecretC) in
    {10}let h: key = H((ServerVerKey,dhpublicC,dhpublicS,K)) in
    {11}if (checknmrsign(ServerVerKey,sign,h) = true) then
    {12}let enckeyCtoS: key = H((K,h,keyEncCtoS)) in
    {13}let enckeyStoC: key = H((K,h,keyEncStoC)) in
    {14}let mackeyCtoS: key = H((K,h,keyMacCtoS)) in
    {15}let mackeyStoC: key = H((K,h,keyMacStoC)) in
    {16}new CsecchannelToS: channel;
    {17}new CsecchannelFromS: channel;
    (
        {18}!
        {19}in(CsecchannelToS, m2payload: bitstring);
        {20}out(c, (enc(enckeyCtoS,m2payload),mac(mackeyCtoS,m2payload)))
    ) | (
        {21}!
        {22}in(c, (m4enc: bitstring,m4mac: bitstring));
        {23}let m4payload: bitstring = dec(enckeyStoC,m4enc) in
        {24}if (m4mac = mac(mackeyStoC,m4payload)) then
        {25}out(CsecchannelFromS, m4payload)
    ) | (
        {26}out(CsecchannelToS, secretC)
    )
) | (
    {27}!
    {28}let SSigKey_1: skey = SSigKey in
    {29}in(c, (=KEXDHINIT,dhpublicC_1: G));
    {30}new dhsecretS: exponent;
    {31}let dhpublicS_1: G = exp(g,dhsecretS) in
    {32}let K_1: G = exp(dhpublicC_1,dhsecretS) in
    {33}let h_1: key = H((SVerKey,dhpublicC_1,dhpublicS_1,K_1)) in
    {34}out(c, (KEXDHREPLY,SVerKey,dhpublicS_1,nmrsign(SSigKey_1,h_1)));
    {35}let enckeyCtoS_1: key = H((K_1,h_1,keyEncCtoS)) in
    {36}let enckeyStoC_1: key = H((K_1,h_1,keyEncStoC)) in
    {37}let mackeyCtoS_1: key = H((K_1,h_1,keyMacCtoS)) in
    {38}let mackeyStoC_1: key = H((K_1,h_1,keyMacStoC)) in
    {39}new SsecchannelToC: channel;
    {40}new SsecchannelFromC: channel;
    (
        {41}!
        {42}in(SsecchannelToC, m3payload: bitstring);
        {43}out(c, (enc(enckeyStoC_1,m3payload),mac(mackeyStoC_1,m3payload)))
    ) | (
        {44}!
        {45}in(c, (m2enc: bitstring,m2mac: bitstring));
        {46}let m2payload_1: bitstring = dec(enckeyCtoS_1,m2enc) in
        {47}if (m2mac = mac(mackeyCtoS_1,m2payload_1)) then
        {48}out(SsecchannelFromC, m2payload_1)
    ) | (
        0
    )
)

--  Process 1 (that is, process 0, with let moved downwards):
{1}new SSigKey: skey;
{2}let SVerKey: pkey = pk(SSigKey) in
{3}out(c, SVerKey);
(
    {4}!
    {5}new dhsecretC: exponent;
    {6}let dhpublicC: G = exp(g,dhsecretC) in
    {7}out(c, (KEXDHINIT,dhpublicC));
    {8}in(c, (=KEXDHREPLY,ServerVerKey: pkey,dhpublicS: G,sign: bitstring));
    {9}let K: G = exp(dhpublicS,dhsecretC) in
    {10}let h: key = H((ServerVerKey,dhpublicC,dhpublicS,K)) in
    {11}if (checknmrsign(ServerVerKey,sign,h) = true) then
    {16}new CsecchannelToS: channel;
    {17}new CsecchannelFromS: channel;
    (
        {18}!
        {19}in(CsecchannelToS, m2payload: bitstring);
        {14}let mackeyCtoS: key = H((K,h,keyMacCtoS)) in
        {12}let enckeyCtoS: key = H((K,h,keyEncCtoS)) in
        {20}out(c, (enc(enckeyCtoS,m2payload),mac(mackeyCtoS,m2payload)))
    ) | (
        {21}!
        {22}in(c, (m4enc: bitstring,m4mac: bitstring));
        {13}let enckeyStoC: key = H((K,h,keyEncStoC)) in
        {23}let m4payload: bitstring = dec(enckeyStoC,m4enc) in
        {15}let mackeyStoC: key = H((K,h,keyMacStoC)) in
        {24}if (m4mac = mac(mackeyStoC,m4payload)) then
        {25}out(CsecchannelFromS, m4payload)
    ) | (
        {26}out(CsecchannelToS, secretC)
    )
) | (
    {27}!
    {29}in(c, (=KEXDHINIT,dhpublicC_1: G));
    {30}new dhsecretS: exponent;
    {32}let K_1: G = exp(dhpublicC_1,dhsecretS) in
    {31}let dhpublicS_1: G = exp(g,dhsecretS) in
    {33}let h_1: key = H((SVerKey,dhpublicC_1,dhpublicS_1,K_1)) in
    {28}let SSigKey_1: skey = SSigKey in
    {34}out(c, (KEXDHREPLY,SVerKey,dhpublicS_1,nmrsign(SSigKey_1,h_1)));
    {39}new SsecchannelToC: channel;
    {40}new SsecchannelFromC: channel;
    (
        {41}!
        {42}in(SsecchannelToC, m3payload: bitstring);
        {38}let mackeyStoC_1: key = H((K_1,h_1,keyMacStoC)) in
        {36}let enckeyStoC_1: key = H((K_1,h_1,keyEncStoC)) in
        {43}out(c, (enc(enckeyStoC_1,m3payload),mac(mackeyStoC_1,m3payload)))
    ) | (
        {44}!
        {45}in(c, (m2enc: bitstring,m2mac: bitstring));
        {35}let enckeyCtoS_1: key = H((K_1,h_1,keyEncCtoS)) in
        {46}let m2payload_1: bitstring = dec(enckeyCtoS_1,m2enc) in
        {37}let mackeyCtoS_1: key = H((K_1,h_1,keyMacCtoS)) in
        {47}if (m2mac = mac(mackeyCtoS_1,m2payload_1)) then
        {48}out(SsecchannelFromC, m2payload_1)
    ) | (
        0
    )
)

-- Query not attacker(secretC[]) in process 1.
Translating the process into Horn clauses...
Completing...
200 rules inserted. Base: 118 rules (50 with conclusion selected). Queue: 8 rules.
ok, secrecy assumption verified: fact unreachable attacker(dhsecretC[!1 = v])
ok, secrecy assumption verified: fact unreachable attacker(dhsecretS[dhpublicC_1 = v,!1 = v_1])
ok, secrecy assumption verified: fact unreachable attacker(SSigKey[])
Starting query not attacker(secretC[])
goal reachable: attacker(secretC[])

Derivation:
Abbreviations:
dhsecretC_1 = dhsecretC[!1 = @sid]
CsecchannelToS_1 = CsecchannelToS[sign = nmrsign(y,H((pk(y),exp(g,dhsecretC_1),g,exp(g,dhsecretC_1)))),dhpublicS = g,ServerVerKey = pk(y),!1 = @sid]

1. The message (KEXDHINIT,exp(g,dhsecretC_1)) may be sent to the attacker at output {7}.
attacker((KEXDHINIT,exp(g,dhsecretC_1))).

2. By 1, the attacker may know (KEXDHINIT,exp(g,dhsecretC_1)).
Using the function 2-proj-2-tuple the attacker may obtain exp(g,dhsecretC_1).
attacker(exp(g,dhsecretC_1)).

3. Using the function g the attacker may obtain g.
attacker(g).

4. The attacker has some term y.
attacker(y).

5. By 4, the attacker may know y.
Using the function pk the attacker may obtain pk(y).
attacker(pk(y)).

6. By 5, the attacker may know pk(y).
By 2, the attacker may know exp(g,dhsecretC_1).
By 3, the attacker may know g.
By 2, the attacker may know exp(g,dhsecretC_1).
Using the function 4-tuple the attacker may obtain (pk(y),exp(g,dhsecretC_1),g,exp(g,dhsecretC_1)).
attacker((pk(y),exp(g,dhsecretC_1),g,exp(g,dhsecretC_1))).

7. By 6, the attacker may know (pk(y),exp(g,dhsecretC_1),g,exp(g,dhsecretC_1)).
Using the function H the attacker may obtain H((pk(y),exp(g,dhsecretC_1),g,exp(g,dhsecretC_1))).
attacker(H((pk(y),exp(g,dhsecretC_1),g,exp(g,dhsecretC_1)))).

8. By 4, the attacker may know y.
By 7, the attacker may know H((pk(y),exp(g,dhsecretC_1),g,exp(g,dhsecretC_1))).
Using the function nmrsign the attacker may obtain nmrsign(y,H((pk(y),exp(g,dhsecretC_1),g,exp(g,dhsecretC_1)))).
attacker(nmrsign(y,H((pk(y),exp(g,dhsecretC_1),g,exp(g,dhsecretC_1))))).

9. Using the function KEXDHREPLY the attacker may obtain KEXDHREPLY.
attacker(KEXDHREPLY).

10. By 9, the attacker may know KEXDHREPLY.
By 5, the attacker may know pk(y).
By 3, the attacker may know g.
By 8, the attacker may know nmrsign(y,H((pk(y),exp(g,dhsecretC_1),g,exp(g,dhsecretC_1)))).
Using the function 4-tuple the attacker may obtain (KEXDHREPLY,pk(y),g,nmrsign(y,H((pk(y),exp(g,dhsecretC_1),g,exp(g,dhsecretC_1))))).
attacker((KEXDHREPLY,pk(y),g,nmrsign(y,H((pk(y),exp(g,dhsecretC_1),g,exp(g,dhsecretC_1)))))).

11. The message (KEXDHREPLY,pk(y),g,nmrsign(y,H((pk(y),exp(g,dhsecretC_1),g,exp(g,dhsecretC_1))))) that the attacker may have by 10 may be received at input {8}.
So the message secretC[] may be sent on channel CsecchannelToS_1 at output {26}.
mess(CsecchannelToS_1,secretC[]).

12. The message (KEXDHREPLY,pk(y),g,nmrsign(y,H((pk(y),exp(g,dhsecretC_1),g,exp(g,dhsecretC_1))))) that the attacker may have by 10 may be received at input {8}.
The message secretC[] that may be sent on channel CsecchannelToS_1 by 11 may be received at input {19}.
So the message (enc(H((exp(g,dhsecretC_1),H((pk(y),exp(g,dhsecretC_1),g,exp(g,dhsecretC_1))),keyEncCtoS)),secretC[]),mac(H((exp(g,dhsecretC_1),H((pk(y),exp(g,dhsecretC_1),g,exp(g,dhsecretC_1))),keyMacCtoS)),secretC[])) may be sent to the attacker at output {20}.
attacker((enc(H((exp(g,dhsecretC_1),H((pk(y),exp(g,dhsecretC_1),g,exp(g,dhsecretC_1))),keyEncCtoS)),secretC[]),mac(H((exp(g,dhsecretC_1),H((pk(y),exp(g,dhsecretC_1),g,exp(g,dhsecretC_1))),keyMacCtoS)),secretC[]))).

13. By 12, the attacker may know (enc(H((exp(g,dhsecretC_1),H((pk(y),exp(g,dhsecretC_1),g,exp(g,dhsecretC_1))),keyEncCtoS)),secretC[]),mac(H((exp(g,dhsecretC_1),H((pk(y),exp(g,dhsecretC_1),g,exp(g,dhsecretC_1))),keyMacCtoS)),secretC[])).
Using the function 1-proj-2-tuple the attacker may obtain enc(H((exp(g,dhsecretC_1),H((pk(y),exp(g,dhsecretC_1),g,exp(g,dhsecretC_1))),keyEncCtoS)),secretC[]).
attacker(enc(H((exp(g,dhsecretC_1),H((pk(y),exp(g,dhsecretC_1),g,exp(g,dhsecretC_1))),keyEncCtoS)),secretC[])).

14. Using the function keyEncCtoS the attacker may obtain keyEncCtoS.
attacker(keyEncCtoS).

15. By 2, the attacker may know exp(g,dhsecretC_1).
By 7, the attacker may know H((pk(y),exp(g,dhsecretC_1),g,exp(g,dhsecretC_1))).
By 14, the attacker may know keyEncCtoS.
Using the function 3-tuple the attacker may obtain (exp(g,dhsecretC_1),H((pk(y),exp(g,dhsecretC_1),g,exp(g,dhsecretC_1))),keyEncCtoS).
attacker((exp(g,dhsecretC_1),H((pk(y),exp(g,dhsecretC_1),g,exp(g,dhsecretC_1))),keyEncCtoS)).

16. By 15, the attacker may know (exp(g,dhsecretC_1),H((pk(y),exp(g,dhsecretC_1),g,exp(g,dhsecretC_1))),keyEncCtoS).
Using the function H the attacker may obtain H((exp(g,dhsecretC_1),H((pk(y),exp(g,dhsecretC_1),g,exp(g,dhsecretC_1))),keyEncCtoS)).
attacker(H((exp(g,dhsecretC_1),H((pk(y),exp(g,dhsecretC_1),g,exp(g,dhsecretC_1))),keyEncCtoS))).

17. By 16, the attacker may know H((exp(g,dhsecretC_1),H((pk(y),exp(g,dhsecretC_1),g,exp(g,dhsecretC_1))),keyEncCtoS)).
By 13, the attacker may know enc(H((exp(g,dhsecretC_1),H((pk(y),exp(g,dhsecretC_1),g,exp(g,dhsecretC_1))),keyEncCtoS)),secretC[]).
Using the function dec the attacker may obtain secretC[].
attacker(secretC[]).

18. By 17, attacker(secretC[]).
The goal is reached, represented in the following fact:
attacker(secretC[]).


A more detailed output of the traces is available with
  set traceDisplay = long.

new SSigKey: skey creating SSigKey_2 at {1}

out(c, ~M) with ~M = pk(SSigKey_2) at {3}

new dhsecretC: exponent creating dhsecretC_2 at {5} in copy a

out(c, (KEXDHINIT,~M_1)) with ~M_1 = exp(g,dhsecretC_2) at {7} in copy a

in(c, (KEXDHREPLY,pk(a_1),g,nmrsign(a_1,H((pk(a_1),~M_1,g,~M_1))))) with nmrsign(a_1,H((pk(a_1),~M_1,g,~M_1))) = nmrsign(a_1,H((pk(a_1),exp(g,dhsecretC_2),g,exp(g,dhsecretC_2)))) at {8} in copy a

new CsecchannelToS: channel creating CsecchannelToS_2 at {16} in copy a

new CsecchannelFromS: channel creating CsecchannelFromS_1 at {17} in copy a

out(CsecchannelToS_2, secretC) at {26} in copy a received at {19} in copy a, a_2

out(c, (~M_2,~M_3)) with ~M_2 = enc(H((exp(g,dhsecretC_2),H((pk(a_1),exp(g,dhsecretC_2),g,exp(g,dhsecretC_2))),keyEncCtoS)),secretC), ~M_3 = mac(H((exp(g,dhsecretC_2),H((pk(a_1),exp(g,dhsecretC_2),g,exp(g,dhsecretC_2))),keyMacCtoS)),secretC) at {20} in copy a, a_2

The attacker has the message dec(H((~M_1,H((pk(a_1),~M_1,g,~M_1)),keyEncCtoS)),~M_2) = secretC.
A trace has been found.
RESULT not attacker(secretC[]) is false.

--------------------------------------------------------------
Verification summary:

Query not attacker(secretC[]) is false.

--------------------------------------------------------------

