File "D:\graduation project\project_root\data_modified\DenningSacco\bugs\bug_01\model.pv", line 99, characters 6-9:
Warning: identifier sskA rebound.
File "D:\graduation project\project_root\data_modified\DenningSacco\bugs\bug_01\model.pv", line 119, characters 6-8:
Warning: identifier skB rebound.
File "D:\graduation project\project_root\data_modified\DenningSacco\bugs\bug_01\model.pv", line 143, characters 25-26:
Warning: identifier pk rebound.
File "D:\graduation project\project_root\data_modified\DenningSacco\bugs\bug_01\model.pv", line 149, characters 25-26:
Warning: identifier pk rebound.
Process 0 (that is, the initial process):
{1}new sskA: sskey;
{2}let spkA: spkey = spk(sskA) in
{3}out(c, spkA);
{4}insert sign_keys(A,spkA);
{5}new skA: skey;
{6}let pkA: pkey = pk(skA) in
{7}out(c, pkA);
{8}insert enc_keys(A,pkA);
{9}new sskB: sskey;
{10}let spkB: spkey = spk(sskB) in
{11}out(c, spkB);
{12}insert sign_keys(B,spkB);
{13}new skB: skey;
{14}let pkB: pkey = pk(skB) in
{15}out(c, pkB);
{16}insert enc_keys(B,pkB);
{17}new skS: sskey;
{18}let pkS: spkey = spk(skS) in
{19}out(c, pkS);
(
    {20}!
    {21}let sskA_1: sskey = sskA in
    {22}let sskB_1: sskey = sskB in
    {23}in(c, xA: host);
    {24}if ((xA = A) || (xA = B)) then
    {25}let sskA_2: sskey = (if (xA = A) then sskA_1 else sskB_1) in
    {26}let spkA_1: spkey = spk(sskA_2) in
    {27}in(c, (cert1: bitstring,cert2: bitstring));
    {28}let (=xA,=spkA_1) = checksign(cert1,pkS) in
    {29}let (h2: host,pk2: pkey) = checksign(cert2,pkS) in
    {30}event beginBparam(xA,h2);
    {31}new k: key;
    {32}event beginBkey(xA,h2,k);
    {33}out(c, (cert1,cert2,encrypt(sign((xA,h2,k),sskA_2),pk2)));
    {34}if (h2 = B) then
    {35}out(c, sencrypt(secretA,k))
) | (
    {36}!
    {37}let skA_1: skey = skA in
    {38}let skB_1: skey = skB in
    {39}in(c, xB: host);
    {40}if ((xB = A) || (xB = B)) then
    {41}let skB_2: skey = (if (xB = A) then skA_1 else skB_1) in
    {42}let pkB_1: pkey = pk(skB_2) in
    {43}in(c, (cert1_1: bitstring,cert2_1: bitstring,km: bitstring));
    {44}let (h1: host,pk1: spkey) = checksign(cert1_1,pkS) in
    {45}let (=xB,=pkB_1) = checksign(cert2_1,pkS) in
    {46}let ks: bitstring = decrypt(km,skB_2) in
    {47}let (=h1,=xB,k_1: key) = checksign(ks,pk1) in
    {48}if (h1 = A) then
    {49}event endBparam(h1,xB);
    {50}event endBkey(h1,xB,k_1);
    {51}out(c, sencrypt(secretB,k_1))
) | (
    {52}!
    {53}let skS_1: sskey = skS in
    {54}in(c, (h1_1: host,h2_1: host));
    {57}get sign_keys(=h1_1,pk1_1: spkey) in
    {56}get enc_keys(=h2_1,pk2_1: pkey) in
    {55}out(c, (sign((h1_1,pk1_1),skS_1),sign((h2_1,pk2_1),skS_1)))
) | (
    {58}!
    {59}in(c, (h: host,pk_1: spkey));
    {60}if ((h ≠ A) && (h ≠ B)) then
    {61}insert sign_keys(h,pk_1)
) | (
    {62}!
    {63}in(c, (h_1: host,pk_2: pkey));
    {64}insert enc_keys(h_1,pk_2)
)

--  Process 1 (that is, process 0, with let moved downwards):
{1}new sskA: sskey;
{2}let spkA: spkey = spk(sskA) in
{3}out(c, spkA);
{4}insert sign_keys(A,spkA);
{5}new skA: skey;
{6}let pkA: pkey = pk(skA) in
{7}out(c, pkA);
{8}insert enc_keys(A,pkA);
{9}new sskB: sskey;
{10}let spkB: spkey = spk(sskB) in
{11}out(c, spkB);
{12}insert sign_keys(B,spkB);
{13}new skB: skey;
{14}let pkB: pkey = pk(skB) in
{15}out(c, pkB);
{16}insert enc_keys(B,pkB);
{17}new skS: sskey;
{18}let pkS: spkey = spk(skS) in
{19}out(c, pkS);
(
    {20}!
    {23}in(c, xA: host);
    {24}if ((xA = A) || (xA = B)) then
    {27}in(c, (cert1: bitstring,cert2: bitstring));
    {22}let sskB_1: sskey = sskB in
    {21}let sskA_1: sskey = sskA in
    {25}let sskA_2: sskey = (if (xA = A) then sskA_1 else sskB_1) in
    {26}let spkA_1: spkey = spk(sskA_2) in
    {28}let (=xA,=spkA_1) = checksign(cert1,pkS) in
    {29}let (h2: host,pk2: pkey) = checksign(cert2,pkS) in
    {30}event beginBparam(xA,h2);
    {31}new k: key;
    {32}event beginBkey(xA,h2,k);
    {33}out(c, (cert1,cert2,encrypt(sign((xA,h2,k),sskA_2),pk2)));
    {34}if (h2 = B) then
    {35}out(c, sencrypt(secretA,k))
) | (
    {36}!
    {39}in(c, xB: host);
    {40}if ((xB = A) || (xB = B)) then
    {43}in(c, (cert1_1: bitstring,cert2_1: bitstring,km: bitstring));
    {44}let (h1: host,pk1: spkey) = checksign(cert1_1,pkS) in
    {38}let skB_1: skey = skB in
    {37}let skA_1: skey = skA in
    {41}let skB_2: skey = (if (xB = A) then skA_1 else skB_1) in
    {42}let pkB_1: pkey = pk(skB_2) in
    {45}let (=xB,=pkB_1) = checksign(cert2_1,pkS) in
    {46}let ks: bitstring = decrypt(km,skB_2) in
    {47}let (=h1,=xB,k_1: key) = checksign(ks,pk1) in
    {48}if (h1 = A) then
    {49}event endBparam(h1,xB);
    {50}event endBkey(h1,xB,k_1);
    {51}out(c, sencrypt(secretB,k_1))
) | (
    {52}!
    {54}in(c, (h1_1: host,h2_1: host));
    {57}get sign_keys(=h1_1,pk1_1: spkey) in
    {56}get enc_keys(=h2_1,pk2_1: pkey) in
    {53}let skS_1: sskey = skS in
    {55}out(c, (sign((h1_1,pk1_1),skS_1),sign((h2_1,pk2_1),skS_1)))
) | (
    {58}!
    {59}in(c, (h: host,pk_1: spkey));
    {60}if ((h ≠ A) && (h ≠ B)) then
    {61}insert sign_keys(h,pk_1)
) | (
    {62}!
    {63}in(c, (h_1: host,pk_2: pkey));
    {64}insert enc_keys(h_1,pk_2)
)

-- Query 
   not attacker(secretA[])
   not attacker(secretB[])
 in process 1.
Translating the process into Horn clauses...
Completing...
ok, secrecy assumption verified: fact unreachable attacker(sskA[])
ok, secrecy assumption verified: fact unreachable attacker(skB[])
ok, secrecy assumption verified: fact unreachable attacker(skS[])
Starting query not attacker(secretA[])
goal reachable: attacker(secretA[])

Derivation:
Abbreviations:
k_2 = k[cert2 = sign((B[],pk(y)),skS[]),cert1 = sign((B[],spk(sskB[])),skS[]),xA = B[],!1 = @sid]

1. The attacker has some term y.
attacker(y).

2. The attacker initially knows B[].
attacker(B[]).

3. The attacker has some term h1_2.
attacker(h1_2).

4. By 3, the attacker may know h1_2.
By 2, the attacker may know B[].
Using the function 2-tuple the attacker may obtain (h1_2,B[]).
attacker((h1_2,B[])).

5. The attacker has some term pk1_2.
attacker(pk1_2).

6. By 3, the attacker may know h1_2.
By 5, the attacker may know pk1_2.
Using the function 2-tuple the attacker may obtain (h1_2,pk1_2).
attacker((h1_2,pk1_2)).

7. The message (h1_2,pk1_2) that the attacker may have by 6 may be received at input {59}.
We have h1_2 ≠ B[] && h1_2 ≠ A[].
So the entry sign_keys(h1_2,pk1_2) may be inserted in a table at insert {61}.
table(sign_keys(h1_2,pk1_2)).

8. By 1, the attacker may know y.
Using the function pk the attacker may obtain pk(y).
attacker(pk(y)).

9. By 2, the attacker may know B[].
By 8, the attacker may know pk(y).
Using the function 2-tuple the attacker may obtain (B[],pk(y)).
attacker((B[],pk(y))).

10. The message (B[],pk(y)) that the attacker may have by 9 may be received at input {63}.
So the entry enc_keys(B[],pk(y)) may be inserted in a table at insert {64}.
table(enc_keys(B[],pk(y))).

11. The message (h1_2,B[]) that the attacker may have by 4 may be received at input {54}.
The entry sign_keys(h1_2,pk1_2) that may be in a table by 7 may be read at get {57}.
The entry enc_keys(B[],pk(y)) that may be in a table by 10 may be read at get {56}.
So the message (sign((h1_2,pk1_2),skS[]),sign((B[],pk(y)),skS[])) may be sent to the attacker at output {55}.
attacker((sign((h1_2,pk1_2),skS[]),sign((B[],pk(y)),skS[]))).

12. By 11, the attacker may know (sign((h1_2,pk1_2),skS[]),sign((B[],pk(y)),skS[])).
Using the function 2-proj-2-tuple the attacker may obtain sign((B[],pk(y)),skS[]).
attacker(sign((B[],pk(y)),skS[])).

13. By 2, the attacker may know B[].
By 2, the attacker may know B[].
Using the function 2-tuple the attacker may obtain (B[],B[]).
attacker((B[],B[])).

14. The entry sign_keys(B[],spk(sskB[])) may be inserted in a table at insert {12}.
table(sign_keys(B[],spk(sskB[]))).

15. The entry enc_keys(B[],pk(skB[])) may be inserted in a table at insert {16}.
table(enc_keys(B[],pk(skB[]))).

16. The message (B[],B[]) that the attacker may have by 13 may be received at input {54}.
The entry sign_keys(B[],spk(sskB[])) that may be in a table by 14 may be read at get {57}.
The entry enc_keys(B[],pk(skB[])) that may be in a table by 15 may be read at get {56}.
So the message (sign((B[],spk(sskB[])),skS[]),sign((B[],pk(skB[])),skS[])) may be sent to the attacker at output {55}.
attacker((sign((B[],spk(sskB[])),skS[]),sign((B[],pk(skB[])),skS[]))).

17. By 16, the attacker may know (sign((B[],spk(sskB[])),skS[]),sign((B[],pk(skB[])),skS[])).
Using the function 1-proj-2-tuple the attacker may obtain sign((B[],spk(sskB[])),skS[]).
attacker(sign((B[],spk(sskB[])),skS[])).

18. By 17, the attacker may know sign((B[],spk(sskB[])),skS[]).
By 12, the attacker may know sign((B[],pk(y)),skS[]).
Using the function 2-tuple the attacker may obtain (sign((B[],spk(sskB[])),skS[]),sign((B[],pk(y)),skS[])).
attacker((sign((B[],spk(sskB[])),skS[]),sign((B[],pk(y)),skS[]))).

19. The message B[] that the attacker may have by 2 may be received at input {23}.
The message (sign((B[],spk(sskB[])),skS[]),sign((B[],pk(y)),skS[])) that the attacker may have by 18 may be received at input {27}.
So the message (sign((B[],spk(sskB[])),skS[]),sign((B[],pk(y)),skS[]),encrypt(sign((B[],B[],k_2),sskB[]),pk(y))) may be sent to the attacker at output {33}.
attacker((sign((B[],spk(sskB[])),skS[]),sign((B[],pk(y)),skS[]),encrypt(sign((B[],B[],k_2),sskB[]),pk(y)))).

20. By 19, the attacker may know (sign((B[],spk(sskB[])),skS[]),sign((B[],pk(y)),skS[]),encrypt(sign((B[],B[],k_2),sskB[]),pk(y))).
Using the function 3-proj-3-tuple the attacker may obtain encrypt(sign((B[],B[],k_2),sskB[]),pk(y)).
attacker(encrypt(sign((B[],B[],k_2),sskB[]),pk(y))).

21. By 20, the attacker may know encrypt(sign((B[],B[],k_2),sskB[]),pk(y)).
By 1, the attacker may know y.
Using the function decrypt the attacker may obtain sign((B[],B[],k_2),sskB[]).
attacker(sign((B[],B[],k_2),sskB[])).

22. By 21, the attacker may know sign((B[],B[],k_2),sskB[]).
Using the function getmess the attacker may obtain (B[],B[],k_2).
attacker((B[],B[],k_2)).

23. By 22, the attacker may know (B[],B[],k_2).
Using the function 3-proj-3-tuple the attacker may obtain k_2.
attacker(k_2).

24. The message B[] that the attacker may have by 2 may be received at input {23}.
The message (sign((B[],spk(sskB[])),skS[]),sign((B[],pk(y)),skS[])) that the attacker may have by 18 may be received at input {27}.
So the message sencrypt(secretA[],k_2) may be sent to the attacker at output {35}.
attacker(sencrypt(secretA[],k_2)).

25. By 24, the attacker may know sencrypt(secretA[],k_2).
By 23, the attacker may know k_2.
Using the function sdecrypt the attacker may obtain secretA[].
attacker(secretA[]).

26. By 25, attacker(secretA[]).
The goal is reached, represented in the following fact:
attacker(secretA[]).


A more detailed output of the traces is available with
  set traceDisplay = long.

new sskA: sskey creating sskA_3 at {1}

out(c, ~M) with ~M = spk(sskA_3) at {3}

insert sign_keys(A,spk(sskA_3)) at {4}

new skA: skey creating skA_2 at {5}

out(c, ~M_1) with ~M_1 = pk(skA_2) at {7}

insert enc_keys(A,pk(skA_2)) at {8}

new sskB: sskey creating sskB_2 at {9}

out(c, ~M_2) with ~M_2 = spk(sskB_2) at {11}

insert sign_keys(B,spk(sskB_2)) at {12}

new skB: skey creating skB_3 at {13}

out(c, ~M_3) with ~M_3 = pk(skB_3) at {15}

insert enc_keys(B,pk(skB_3)) at {16}

new skS: sskey creating skS_2 at {17}

out(c, ~M_4) with ~M_4 = spk(skS_2) at {19}

in(c, B) at {23} in copy a

in(c, (B,B)) at {54} in copy a_1

get sign_keys(B,spk(sskB_2)) at {57} in copy a_1

get enc_keys(B,pk(skB_3)) at {56} in copy a_1

out(c, (~M_5,~M_6)) with ~M_5 = sign((B,spk(sskB_2)),skS_2), ~M_6 = sign((B,pk(skB_3)),skS_2) at {55} in copy a_1

in(c, (a_2,B)) at {54} in copy a_3

in(c, (a_2,a_4)) at {59} in copy a_5

insert sign_keys(a_2,a_4) at {61} in copy a_5

get sign_keys(a_2,a_4) at {57} in copy a_3

in(c, (B,pk(a_6))) at {63} in copy a_7

insert enc_keys(B,pk(a_6)) at {64} in copy a_7

get enc_keys(B,pk(a_6)) at {56} in copy a_3

out(c, (~M_7,~M_8)) with ~M_7 = sign((a_2,a_4),skS_2), ~M_8 = sign((B,pk(a_6)),skS_2) at {55} in copy a_3

in(c, (~M_5,~M_8)) with ~M_5 = sign((B,spk(sskB_2)),skS_2), ~M_8 = sign((B,pk(a_6)),skS_2) at {27} in copy a

event beginBparam(B,B) at {30} in copy a

new k: key creating k_3 at {31} in copy a

event beginBkey(B,B,k_3) at {32} in copy a

out(c, (~M_9,~M_10,~M_11)) with ~M_9 = sign((B,spk(sskB_2)),skS_2), ~M_10 = sign((B,pk(a_6)),skS_2), ~M_11 = encrypt(sign((B,B,k_3),sskB_2),pk(a_6)) at {33} in copy a

out(c, ~M_12) with ~M_12 = sencrypt(secretA,k_3) at {35} in copy a

The attacker has the message sdecrypt(~M_12,3-proj-3-tuple(getmess(decrypt(~M_11,a_6)))) = secretA.
A trace has been found.
RESULT not attacker(secretA[]) is false.
Starting query not attacker(secretB[])
goal reachable: attacker(secretB[])

Derivation:

1. The attacker has some term y.
attacker(y).

2. The attacker initially knows B[].
attacker(B[]).

3. The message pk(skB[]) may be sent to the attacker at output {15}.
attacker(pk(skB[])).

4. The attacker has some term k_2.
attacker(k_2).

5. The attacker initially knows A[].
attacker(A[]).

6. By 5, the attacker may know A[].
By 2, the attacker may know B[].
By 1, the attacker may know y.
Using the function 3-tuple the attacker may obtain (A[],B[],y).
attacker((A[],B[],y)).

7. By 6, the attacker may know (A[],B[],y).
By 4, the attacker may know k_2.
Using the function sign the attacker may obtain sign((A[],B[],y),k_2).
attacker(sign((A[],B[],y),k_2)).

8. By 7, the attacker may know sign((A[],B[],y),k_2).
By 3, the attacker may know pk(skB[]).
Using the function encrypt the attacker may obtain encrypt(sign((A[],B[],y),k_2),pk(skB[])).
attacker(encrypt(sign((A[],B[],y),k_2),pk(skB[]))).

9. The attacker has some term h1_2.
attacker(h1_2).

10. By 9, the attacker may know h1_2.
By 2, the attacker may know B[].
Using the function 2-tuple the attacker may obtain (h1_2,B[]).
attacker((h1_2,B[])).

11. The attacker has some term pk1_2.
attacker(pk1_2).

12. By 9, the attacker may know h1_2.
By 11, the attacker may know pk1_2.
Using the function 2-tuple the attacker may obtain (h1_2,pk1_2).
attacker((h1_2,pk1_2)).

13. The message (h1_2,pk1_2) that the attacker may have by 12 may be received at input {59}.
We have h1_2 ≠ B[] && h1_2 ≠ A[].
So the entry sign_keys(h1_2,pk1_2) may be inserted in a table at insert {61}.
table(sign_keys(h1_2,pk1_2)).

14. The entry enc_keys(B[],pk(skB[])) may be inserted in a table at insert {16}.
table(enc_keys(B[],pk(skB[]))).

15. The message (h1_2,B[]) that the attacker may have by 10 may be received at input {54}.
The entry sign_keys(h1_2,pk1_2) that may be in a table by 13 may be read at get {57}.
The entry enc_keys(B[],pk(skB[])) that may be in a table by 14 may be read at get {56}.
So the message (sign((h1_2,pk1_2),skS[]),sign((B[],pk(skB[])),skS[])) may be sent to the attacker at output {55}.
attacker((sign((h1_2,pk1_2),skS[]),sign((B[],pk(skB[])),skS[]))).

16. By 15, the attacker may know (sign((h1_2,pk1_2),skS[]),sign((B[],pk(skB[])),skS[])).
Using the function 2-proj-2-tuple the attacker may obtain sign((B[],pk(skB[])),skS[]).
attacker(sign((B[],pk(skB[])),skS[])).

17. The attacker has some term h1_3.
attacker(h1_3).

18. By 17, the attacker may know h1_3.
By 5, the attacker may know A[].
Using the function 2-tuple the attacker may obtain (h1_3,A[]).
attacker((h1_3,A[])).

19. The attacker has some term pk1_3.
attacker(pk1_3).

20. By 17, the attacker may know h1_3.
By 19, the attacker may know pk1_3.
Using the function 2-tuple the attacker may obtain (h1_3,pk1_3).
attacker((h1_3,pk1_3)).

21. The message (h1_3,pk1_3) that the attacker may have by 20 may be received at input {59}.
We have h1_3 ≠ B[] && h1_3 ≠ A[].
So the entry sign_keys(h1_3,pk1_3) may be inserted in a table at insert {61}.
table(sign_keys(h1_3,pk1_3)).

22. By 4, the attacker may know k_2.
Using the function spk the attacker may obtain spk(k_2).
attacker(spk(k_2)).

23. By 5, the attacker may know A[].
By 22, the attacker may know spk(k_2).
Using the function 2-tuple the attacker may obtain (A[],spk(k_2)).
attacker((A[],spk(k_2))).

24. The message (A[],spk(k_2)) that the attacker may have by 23 may be received at input {63}.
So the entry enc_keys(A[],spk(k_2)) may be inserted in a table at insert {64}.
table(enc_keys(A[],spk(k_2))).

25. The message (h1_3,A[]) that the attacker may have by 18 may be received at input {54}.
The entry sign_keys(h1_3,pk1_3) that may be in a table by 21 may be read at get {57}.
The entry enc_keys(A[],spk(k_2)) that may be in a table by 24 may be read at get {56}.
So the message (sign((h1_3,pk1_3),skS[]),sign((A[],spk(k_2)),skS[])) may be sent to the attacker at output {55}.
attacker((sign((h1_3,pk1_3),skS[]),sign((A[],spk(k_2)),skS[]))).

26. By 25, the attacker may know (sign((h1_3,pk1_3),skS[]),sign((A[],spk(k_2)),skS[])).
Using the function 2-proj-2-tuple the attacker may obtain sign((A[],spk(k_2)),skS[]).
attacker(sign((A[],spk(k_2)),skS[])).

27. By 26, the attacker may know sign((A[],spk(k_2)),skS[]).
By 16, the attacker may know sign((B[],pk(skB[])),skS[]).
By 8, the attacker may know encrypt(sign((A[],B[],y),k_2),pk(skB[])).
Using the function 3-tuple the attacker may obtain (sign((A[],spk(k_2)),skS[]),sign((B[],pk(skB[])),skS[]),encrypt(sign((A[],B[],y),k_2),pk(skB[]))).
attacker((sign((A[],spk(k_2)),skS[]),sign((B[],pk(skB[])),skS[]),encrypt(sign((A[],B[],y),k_2),pk(skB[])))).

28. The message B[] that the attacker may have by 2 may be received at input {39}.
The message (sign((A[],spk(k_2)),skS[]),sign((B[],pk(skB[])),skS[]),encrypt(sign((A[],B[],y),k_2),pk(skB[]))) that the attacker may have by 27 may be received at input {43}.
So the message sencrypt(secretB[],y) may be sent to the attacker at output {51}.
attacker(sencrypt(secretB[],y)).

29. By 28, the attacker may know sencrypt(secretB[],y).
By 1, the attacker may know y.
Using the function sdecrypt the attacker may obtain secretB[].
attacker(secretB[]).

30. By 29, attacker(secretB[]).
The goal is reached, represented in the following fact:
attacker(secretB[]).


A more detailed output of the traces is available with
  set traceDisplay = long.

new sskA: sskey creating sskA_3 at {1}

out(c, ~M) with ~M = spk(sskA_3) at {3}

insert sign_keys(A,spk(sskA_3)) at {4}

new skA: skey creating skA_2 at {5}

out(c, ~M_1) with ~M_1 = pk(skA_2) at {7}

insert enc_keys(A,pk(skA_2)) at {8}

new sskB: sskey creating sskB_2 at {9}

out(c, ~M_2) with ~M_2 = spk(sskB_2) at {11}

insert sign_keys(B,spk(sskB_2)) at {12}

new skB: skey creating skB_3 at {13}

out(c, ~M_3) with ~M_3 = pk(skB_3) at {15}

insert enc_keys(B,pk(skB_3)) at {16}

new skS: sskey creating skS_2 at {17}

out(c, ~M_4) with ~M_4 = spk(skS_2) at {19}

in(c, B) at {39} in copy a

in(c, (a_1,A)) at {54} in copy a_2

in(c, (a_3,B)) at {54} in copy a_4

in(c, (a_1,a_5)) at {59} in copy a_6

insert sign_keys(a_1,a_5) at {61} in copy a_6

get sign_keys(a_1,a_5) at {57} in copy a_2

in(c, (a_3,a_7)) at {59} in copy a_8

insert sign_keys(a_3,a_7) at {61} in copy a_8

get sign_keys(a_3,a_7) at {57} in copy a_4

get enc_keys(B,pk(skB_3)) at {56} in copy a_4

out(c, (~M_5,~M_6)) with ~M_5 = sign((a_3,a_7),skS_2), ~M_6 = sign((B,pk(skB_3)),skS_2) at {55} in copy a_4

in(c, (A,spk(a_9))) at {63} in copy a_10

insert enc_keys(A,spk(a_9)) at {64} in copy a_10

get enc_keys(A,spk(a_9)) at {56} in copy a_2

out(c, (~M_7,~M_8)) with ~M_7 = sign((a_1,a_5),skS_2), ~M_8 = sign((A,spk(a_9)),skS_2) at {55} in copy a_2

in(c, (~M_8,~M_6,encrypt(sign((A,B,a_11),a_9),~M_3))) with ~M_8 = sign((A,spk(a_9)),skS_2), ~M_6 = sign((B,pk(skB_3)),skS_2), encrypt(sign((A,B,a_11),a_9),~M_3) = encrypt(sign((A,B,a_11),a_9),pk(skB_3)) at {43} in copy a

event endBparam(A,B) at {49} in copy a

event endBkey(A,B,a_11) at {50} in copy a

out(c, ~M_9) with ~M_9 = sencrypt(secretB,a_11) at {51} in copy a

The attacker has the message sdecrypt(~M_9,a_11) = secretB.
A trace has been found.
RESULT not attacker(secretB[]) is false.

--------------------------------------------------------------
Verification summary:

Query not attacker(secretA[]) is false.

Query not attacker(secretB[]) is false.

--------------------------------------------------------------

