Process 0 (that is, the initial process):
{1}new skA: skey;
{2}let pkA: pkey = pk(skA) in
{3}out(c, pkA);
{4}insert keys(A,pkA);
{5}new skB: skey;
{6}let pkB: pkey = pk(skB) in
{7}out(c, pkB);
{8}insert keys(B,pkB);
{9}new skS: sskey;
{10}let pkS: spkey = spk(skS) in
{11}out(c, pkS);
(
    {12}!
    {13}let skA_1: skey = skA in
    {14}let skB_1: skey = skB in
    {15}in(c, (xA: host,hostX: host));
    {16}if ((xA = A) || (xA = B)) then
    {17}let skxA: skey = (if (xA = A) then skA_1 else skB_1) in
    {18}let pkxA: pkey = pk(skxA) in
    {19}event beginBparam(xA,hostX);
    {20}out(c, (xA,hostX));
    {21}in(c, ms: bitstring);
    {22}let (pkX: pkey,=hostX) = checksign(ms,pkS) in
    {23}new Na: nonce;
    {24}out(c, encrypt((Na,xA),pkX));
    {25}in(c, m: bitstring);
    {26}let (=Na,NX2: nonce,=hostX) = decrypt(m,skA_1) in
    {27}event beginBfull(xA,hostX,pkX,pkxA,Na,NX2);
    {28}out(c, encrypt(NX2,pkX));
    {29}if ((hostX = B) || (hostX = A)) then
    {30}event endAparam(xA,hostX);
    {31}event endAfull(xA,hostX,pkX,pkxA,Na,NX2);
    {32}out(c, sencrypt(secretANa,Na));
    {33}out(c, sencrypt(secretANb,NX2))
) | (
    {34}!
    {35}let skA_2: skey = skA in
    {36}let skB_2: skey = skB in
    {37}in(c, xB: host);
    {38}if ((xB = A) || (xB = B)) then
    {39}let skxB: skey = (if (xB = A) then skA_2 else skB_2) in
    {40}let pkxB: pkey = pk(skxB) in
    {41}in(c, m_1: bitstring);
    {42}let (NY: nonce,hostY: host) = decrypt(m_1,skxB) in
    {43}event beginAparam(hostY,xB);
    {44}out(c, (xB,hostY));
    {45}in(c, ms_1: bitstring);
    {46}let (pkY: pkey,=hostY) = checksign(ms_1,pkS) in
    {47}new Nb: nonce;
    {48}event beginAfull(hostY,xB,pkxB,pkY,NY,Nb);
    {49}out(c, encrypt((NY,Nb,xB),pkY));
    {50}in(c, m3: bitstring);
    {51}if (NY = decrypt(m3,skB_2)) then
    {52}if ((hostY = A) || (hostY = B)) then
    {53}event endBparam(hostY,xB);
    {54}event endBfull(hostY,xB,pkxB,pkY,NY,Nb);
    {55}out(c, sencrypt(secretBNa,NY));
    {56}out(c, sencrypt(secretBNb,Nb))
) | (
    {57}!
    {58}let skS_1: sskey = skS in
    {59}in(c, (a: host,b: host));
    {61}get keys(=b,sb: pkey) in
    {60}out(c, sign((sb,b),skS_1))
) | (
    {62}!
    {63}in(c, (h: host,k: pkey));
    {64}if ((h ≠ A) && (h ≠ B)) then
    {65}insert keys(h,k)
)

--  Process 1 (that is, process 0, with let moved downwards):
{1}new skA: skey;
{2}let pkA: pkey = pk(skA) in
{3}out(c, pkA);
{4}insert keys(A,pkA);
{5}new skB: skey;
{6}let pkB: pkey = pk(skB) in
{7}out(c, pkB);
{8}insert keys(B,pkB);
{9}new skS: sskey;
{10}let pkS: spkey = spk(skS) in
{11}out(c, pkS);
(
    {12}!
    {15}in(c, (xA: host,hostX: host));
    {16}if ((xA = A) || (xA = B)) then
    {19}event beginBparam(xA,hostX);
    {20}out(c, (xA,hostX));
    {21}in(c, ms: bitstring);
    {22}let (pkX: pkey,=hostX) = checksign(ms,pkS) in
    {23}new Na: nonce;
    {24}out(c, encrypt((Na,xA),pkX));
    {25}in(c, m: bitstring);
    {13}let skA_1: skey = skA in
    {26}let (=Na,NX2: nonce,=hostX) = decrypt(m,skA_1) in
    {14}let skB_1: skey = skB in
    {17}let skxA: skey = (if (xA = A) then skA_1 else skB_1) in
    {18}let pkxA: pkey = pk(skxA) in
    {27}event beginBfull(xA,hostX,pkX,pkxA,Na,NX2);
    {28}out(c, encrypt(NX2,pkX));
    {29}if ((hostX = B) || (hostX = A)) then
    {30}event endAparam(xA,hostX);
    {31}event endAfull(xA,hostX,pkX,pkxA,Na,NX2);
    {32}out(c, sencrypt(secretANa,Na));
    {33}out(c, sencrypt(secretANb,NX2))
) | (
    {34}!
    {37}in(c, xB: host);
    {38}if ((xB = A) || (xB = B)) then
    {41}in(c, m_1: bitstring);
    {36}let skB_2: skey = skB in
    {35}let skA_2: skey = skA in
    {39}let skxB: skey = (if (xB = A) then skA_2 else skB_2) in
    {42}let (NY: nonce,hostY: host) = decrypt(m_1,skxB) in
    {43}event beginAparam(hostY,xB);
    {44}out(c, (xB,hostY));
    {45}in(c, ms_1: bitstring);
    {46}let (pkY: pkey,=hostY) = checksign(ms_1,pkS) in
    {47}new Nb: nonce;
    {40}let pkxB: pkey = pk(skxB) in
    {48}event beginAfull(hostY,xB,pkxB,pkY,NY,Nb);
    {49}out(c, encrypt((NY,Nb,xB),pkY));
    {50}in(c, m3: bitstring);
    {51}if (NY = decrypt(m3,skB_2)) then
    {52}if ((hostY = A) || (hostY = B)) then
    {53}event endBparam(hostY,xB);
    {54}event endBfull(hostY,xB,pkxB,pkY,NY,Nb);
    {55}out(c, sencrypt(secretBNa,NY));
    {56}out(c, sencrypt(secretBNb,Nb))
) | (
    {57}!
    {59}in(c, (a: host,b: host));
    {61}get keys(=b,sb: pkey) in
    {58}let skS_1: sskey = skS in
    {60}out(c, sign((sb,b),skS_1))
) | (
    {62}!
    {63}in(c, (h: host,k: pkey));
    {64}if ((h ≠ A) && (h ≠ B)) then
    {65}insert keys(h,k)
)

-- Query 
   not attacker(secretANa[])
   not attacker(secretANb[])
   not attacker(secretBNa[])
   not attacker(secretBNb[])
 in process 1.
Translating the process into Horn clauses...
Completing...
200 rules inserted. Base: 165 rules (49 with conclusion selected). Queue: 18 rules.
ok, secrecy assumption verified: fact unreachable attacker(skA[])
ok, secrecy assumption verified: fact unreachable attacker(skB[])
ok, secrecy assumption verified: fact unreachable attacker(skS[])
Starting query not attacker(secretANa[])
RESULT not attacker(secretANa[]) is true.
Starting query not attacker(secretANb[])
RESULT not attacker(secretANb[]) is true.
Starting query not attacker(secretBNa[])
goal reachable: attacker(secretBNa[])

Derivation:

1. The attacker has some term y.
attacker(y).

2. The attacker initially knows B[].
attacker(B[]).

3. The message pk(skB[]) may be sent to the attacker at output {7}.
attacker(pk(skB[])).

4. By 1, the attacker may know y.
By 2, the attacker may know B[].
Using the function 2-tuple the attacker may obtain (y,B[]).
attacker((y,B[])).

5. By 4, the attacker may know (y,B[]).
By 3, the attacker may know pk(skB[]).
Using the function encrypt the attacker may obtain encrypt((y,B[]),pk(skB[])).
attacker(encrypt((y,B[]),pk(skB[]))).

6. The attacker has some term a_1.
attacker(a_1).

7. By 6, the attacker may know a_1.
By 2, the attacker may know B[].
Using the function 2-tuple the attacker may obtain (a_1,B[]).
attacker((a_1,B[])).

8. The entry keys(B[],pk(skB[])) may be inserted in a table at insert {8}.
table(keys(B[],pk(skB[]))).

9. The message (a_1,B[]) that the attacker may have by 7 may be received at input {59}.
The entry keys(B[],pk(skB[])) that may be in a table by 8 may be read at get {61}.
So the message sign((pk(skB[]),B[]),skS[]) may be sent to the attacker at output {60}.
attacker(sign((pk(skB[]),B[]),skS[])).

10. By 1, the attacker may know y.
By 3, the attacker may know pk(skB[]).
Using the function encrypt the attacker may obtain encrypt(y,pk(skB[])).
attacker(encrypt(y,pk(skB[]))).

11. The message B[] that the attacker may have by 2 may be received at input {37}.
The message encrypt((y,B[]),pk(skB[])) that the attacker may have by 5 may be received at input {41}.
The message sign((pk(skB[]),B[]),skS[]) that the attacker may have by 9 may be received at input {45}.
The message encrypt(y,pk(skB[])) that the attacker may have by 10 may be received at input {50}.
So the message sencrypt(secretBNa[],y) may be sent to the attacker at output {55}.
attacker(sencrypt(secretBNa[],y)).

12. By 11, the attacker may know sencrypt(secretBNa[],y).
By 1, the attacker may know y.
Using the function sdecrypt the attacker may obtain secretBNa[].
attacker(secretBNa[]).

13. By 12, attacker(secretBNa[]).
The goal is reached, represented in the following fact:
attacker(secretBNa[]).


A more detailed output of the traces is available with
  set traceDisplay = long.

new skA: skey creating skA_3 at {1}

out(c, ~M) with ~M = pk(skA_3) at {3}

insert keys(A,pk(skA_3)) at {4}

new skB: skey creating skB_3 at {5}

out(c, ~M_1) with ~M_1 = pk(skB_3) at {7}

insert keys(B,pk(skB_3)) at {8}

new skS: sskey creating skS_2 at {9}

out(c, ~M_2) with ~M_2 = spk(skS_2) at {11}

in(c, B) at {37} in copy a_2

in(c, encrypt((a_3,B),~M_1)) with encrypt((a_3,B),~M_1) = encrypt((a_3,B),pk(skB_3)) at {41} in copy a_2

event beginAparam(B,B) at {43} in copy a_2

out(c, (~M_3,~M_4)) with ~M_3 = B, ~M_4 = B at {44} in copy a_2

in(c, (a_4,B)) at {59} in copy a_5

get keys(B,pk(skB_3)) at {61} in copy a_5

out(c, ~M_5) with ~M_5 = sign((pk(skB_3),B),skS_2) at {60} in copy a_5

in(c, ~M_5) with ~M_5 = sign((pk(skB_3),B),skS_2) at {45} in copy a_2

new Nb: nonce creating Nb_1 at {47} in copy a_2

event beginAfull(B,B,pk(skB_3),pk(skB_3),a_3,Nb_1) at {48} in copy a_2

out(c, ~M_6) with ~M_6 = encrypt((a_3,Nb_1,B),pk(skB_3)) at {49} in copy a_2

in(c, encrypt(a_3,~M_1)) with encrypt(a_3,~M_1) = encrypt(a_3,pk(skB_3)) at {50} in copy a_2

event endBparam(B,B) at {53} in copy a_2

event endBfull(B,B,pk(skB_3),pk(skB_3),a_3,Nb_1) at {54} in copy a_2

out(c, ~M_7) with ~M_7 = sencrypt(secretBNa,a_3) at {55} in copy a_2

out(c, ~M_8) with ~M_8 = sencrypt(secretBNb,Nb_1) at {56} in copy a_2

The attacker has the message sdecrypt(~M_7,a_3) = secretBNa.
A trace has been found.
RESULT not attacker(secretBNa[]) is false.
Starting query not attacker(secretBNb[])
RESULT not attacker(secretBNb[]) is true.
-- Query inj-event(endBparam(x,y)) ==> inj-event(beginBparam(x,y)) in process 1.
Translating the process into Horn clauses...
Completing...
200 rules inserted. Base: 167 rules (44 with conclusion selected). Queue: 59 rules.
ok, secrecy assumption verified: fact unreachable attacker(skA[])
ok, secrecy assumption verified: fact unreachable attacker(skB[])
ok, secrecy assumption verified: fact unreachable attacker(skS[])
Starting query inj-event(endBparam(x,y)) ==> inj-event(beginBparam(x,y))
goal reachable: attacker(NY_1) -> inj-event(endBparam(B[],B[]),@occ53_1)
Abbreviations:
@occ53_1 = @occ53[m3 = encrypt(NY_1,pk(skB[])),ms_1 = sign((pk(skB[]),B[]),skS[]),m_1 = encrypt((NY_1,B[]),pk(skB[])),xB = B[],!1 = @sid]

Derivation:
Abbreviations:
@occ53_1 = @occ53[m3 = encrypt(NY_1,pk(skB[])),ms_1 = sign((pk(skB[]),B[]),skS[]),m_1 = encrypt((NY_1,B[]),pk(skB[])),xB = B[],!1 = @sid]

1. The attacker initially knows B[].
attacker(B[]).

2. The message pk(skB[]) may be sent to the attacker at output {7}.
attacker(pk(skB[])).

3. We assume as hypothesis that
attacker(NY_1).

4. By 3, the attacker may know NY_1.
By 1, the attacker may know B[].
Using the function 2-tuple the attacker may obtain (NY_1,B[]).
attacker((NY_1,B[])).

5. By 4, the attacker may know (NY_1,B[]).
By 2, the attacker may know pk(skB[]).
Using the function encrypt the attacker may obtain encrypt((NY_1,B[]),pk(skB[])).
attacker(encrypt((NY_1,B[]),pk(skB[]))).

6. The attacker has some term a_1.
attacker(a_1).

7. By 6, the attacker may know a_1.
By 1, the attacker may know B[].
Using the function 2-tuple the attacker may obtain (a_1,B[]).
attacker((a_1,B[])).

8. The entry keys(B[],pk(skB[])) may be inserted in a table at insert {8}.
table(keys(B[],pk(skB[]))).

9. The message (a_1,B[]) that the attacker may have by 7 may be received at input {59}.
The entry keys(B[],pk(skB[])) that may be in a table by 8 may be read at get {61}.
So the message sign((pk(skB[]),B[]),skS[]) may be sent to the attacker at output {60}.
attacker(sign((pk(skB[]),B[]),skS[])).

10. By 3, the attacker may know NY_1.
By 2, the attacker may know pk(skB[]).
Using the function encrypt the attacker may obtain encrypt(NY_1,pk(skB[])).
attacker(encrypt(NY_1,pk(skB[]))).

11. The message B[] that the attacker may have by 1 may be received at input {37}.
The message encrypt((NY_1,B[]),pk(skB[])) that the attacker may have by 5 may be received at input {41}.
The message sign((pk(skB[]),B[]),skS[]) that the attacker may have by 9 may be received at input {45}.
The message encrypt(NY_1,pk(skB[])) that the attacker may have by 10 may be received at input {50}.
So event endBparam(B[],B[]) may be executed at {53} in session @sid.
inj-event(endBparam(B[],B[]),@occ53_1).

12. By 11, inj-event(endBparam(B[],B[]),@occ53_1).
The goal is reached, represented in the following fact:
inj-event(endBparam(B[],B[]),@occ53_1).


A more detailed output of the traces is available with
  set traceDisplay = long.

new skA: skey creating skA_3 at {1}

out(c, ~M) with ~M = pk(skA_3) at {3}

insert keys(A,pk(skA_3)) at {4}

new skB: skey creating skB_3 at {5}

out(c, ~M_1) with ~M_1 = pk(skB_3) at {7}

insert keys(B,pk(skB_3)) at {8}

new skS: sskey creating skS_2 at {9}

out(c, ~M_2) with ~M_2 = spk(skS_2) at {11}

in(c, B) at {37} in copy a_2

in(c, encrypt((a_3,B),~M_1)) with encrypt((a_3,B),~M_1) = encrypt((a_3,B),pk(skB_3)) at {41} in copy a_2

event beginAparam(B,B) at {43} in copy a_2

out(c, (~M_3,~M_4)) with ~M_3 = B, ~M_4 = B at {44} in copy a_2

in(c, (a_4,B)) at {59} in copy a_5

get keys(B,pk(skB_3)) at {61} in copy a_5

out(c, ~M_5) with ~M_5 = sign((pk(skB_3),B),skS_2) at {60} in copy a_5

in(c, ~M_5) with ~M_5 = sign((pk(skB_3),B),skS_2) at {45} in copy a_2

new Nb: nonce creating Nb_1 at {47} in copy a_2

event beginAfull(B,B,pk(skB_3),pk(skB_3),a_3,Nb_1) at {48} in copy a_2

out(c, ~M_6) with ~M_6 = encrypt((a_3,Nb_1,B),pk(skB_3)) at {49} in copy a_2

in(c, encrypt(a_3,~M_1)) with encrypt(a_3,~M_1) = encrypt(a_3,pk(skB_3)) at {50} in copy a_2

event endBparam(B,B) at {53} in copy a_2 (goal)

The event endBparam(B,B) is executed at {53} in copy a_2.
A trace has been found.
RESULT inj-event(endBparam(x,y)) ==> inj-event(beginBparam(x,y)) is false.
RESULT (even event(endBparam(x,y)) ==> event(beginBparam(x,y)) is false.)
-- Query inj-event(endBfull(x1,x2,x3,x4,x5,x6)) ==> inj-event(beginBfull(x1,x2,x3,x4,x5,x6)) in process 1.
Translating the process into Horn clauses...
Completing...
200 rules inserted. Base: 167 rules (44 with conclusion selected). Queue: 59 rules.
ok, secrecy assumption verified: fact unreachable attacker(skA[])
ok, secrecy assumption verified: fact unreachable attacker(skB[])
ok, secrecy assumption verified: fact unreachable attacker(skS[])
Starting query inj-event(endBfull(x1,x2,x3,x4,x5,x6)) ==> inj-event(beginBfull(x1,x2,x3,x4,x5,x6))
goal reachable: attacker(x5) -> inj-event(endBfull(B[],B[],pk(skB[]),pk(skB[]),x5,Nb_1),@occ54_1)
Abbreviations:
Nb_1 = Nb[ms_1 = sign((pk(skB[]),B[]),skS[]),m_1 = encrypt((x5,B[]),pk(skB[])),xB = B[],!1 = @sid]
@occ54_1 = @occ54[m3 = encrypt(x5,pk(skB[])),ms_1 = sign((pk(skB[]),B[]),skS[]),m_1 = encrypt((x5,B[]),pk(skB[])),xB = B[],!1 = @sid]

Derivation:
Abbreviations:
Nb_1 = Nb[ms_1 = sign((pk(skB[]),B[]),skS[]),m_1 = encrypt((x5,B[]),pk(skB[])),xB = B[],!1 = @sid]
@occ54_1 = @occ54[m3 = encrypt(x5,pk(skB[])),ms_1 = sign((pk(skB[]),B[]),skS[]),m_1 = encrypt((x5,B[]),pk(skB[])),xB = B[],!1 = @sid]

1. The attacker initially knows B[].
attacker(B[]).

2. The message pk(skB[]) may be sent to the attacker at output {7}.
attacker(pk(skB[])).

3. We assume as hypothesis that
attacker(x5).

4. By 3, the attacker may know x5.
By 1, the attacker may know B[].
Using the function 2-tuple the attacker may obtain (x5,B[]).
attacker((x5,B[])).

5. By 4, the attacker may know (x5,B[]).
By 2, the attacker may know pk(skB[]).
Using the function encrypt the attacker may obtain encrypt((x5,B[]),pk(skB[])).
attacker(encrypt((x5,B[]),pk(skB[]))).

6. The attacker has some term a_1.
attacker(a_1).

7. By 6, the attacker may know a_1.
By 1, the attacker may know B[].
Using the function 2-tuple the attacker may obtain (a_1,B[]).
attacker((a_1,B[])).

8. The entry keys(B[],pk(skB[])) may be inserted in a table at insert {8}.
table(keys(B[],pk(skB[]))).

9. The message (a_1,B[]) that the attacker may have by 7 may be received at input {59}.
The entry keys(B[],pk(skB[])) that may be in a table by 8 may be read at get {61}.
So the message sign((pk(skB[]),B[]),skS[]) may be sent to the attacker at output {60}.
attacker(sign((pk(skB[]),B[]),skS[])).

10. By 3, the attacker may know x5.
By 2, the attacker may know pk(skB[]).
Using the function encrypt the attacker may obtain encrypt(x5,pk(skB[])).
attacker(encrypt(x5,pk(skB[]))).

11. The message B[] that the attacker may have by 1 may be received at input {37}.
The message encrypt((x5,B[]),pk(skB[])) that the attacker may have by 5 may be received at input {41}.
The message sign((pk(skB[]),B[]),skS[]) that the attacker may have by 9 may be received at input {45}.
The message encrypt(x5,pk(skB[])) that the attacker may have by 10 may be received at input {50}.
So event endBfull(B[],B[],pk(skB[]),pk(skB[]),x5,Nb_1) may be executed at {54} in session @sid.
inj-event(endBfull(B[],B[],pk(skB[]),pk(skB[]),x5,Nb_1),@occ54_1).

12. By 11, inj-event(endBfull(B[],B[],pk(skB[]),pk(skB[]),x5,Nb_1),@occ54_1).
The goal is reached, represented in the following fact:
inj-event(endBfull(B[],B[],pk(skB[]),pk(skB[]),x5,Nb_1),@occ54_1).


A more detailed output of the traces is available with
  set traceDisplay = long.

new skA: skey creating skA_3 at {1}

out(c, ~M) with ~M = pk(skA_3) at {3}

insert keys(A,pk(skA_3)) at {4}

new skB: skey creating skB_3 at {5}

out(c, ~M_1) with ~M_1 = pk(skB_3) at {7}

insert keys(B,pk(skB_3)) at {8}

new skS: sskey creating skS_2 at {9}

out(c, ~M_2) with ~M_2 = spk(skS_2) at {11}

in(c, B) at {37} in copy a_2

in(c, encrypt((a_3,B),~M_1)) with encrypt((a_3,B),~M_1) = encrypt((a_3,B),pk(skB_3)) at {41} in copy a_2

event beginAparam(B,B) at {43} in copy a_2

out(c, (~M_3,~M_4)) with ~M_3 = B, ~M_4 = B at {44} in copy a_2

in(c, (a_4,B)) at {59} in copy a_5

get keys(B,pk(skB_3)) at {61} in copy a_5

out(c, ~M_5) with ~M_5 = sign((pk(skB_3),B),skS_2) at {60} in copy a_5

in(c, ~M_5) with ~M_5 = sign((pk(skB_3),B),skS_2) at {45} in copy a_2

new Nb: nonce creating Nb_2 at {47} in copy a_2

event beginAfull(B,B,pk(skB_3),pk(skB_3),a_3,Nb_2) at {48} in copy a_2

out(c, ~M_6) with ~M_6 = encrypt((a_3,Nb_2,B),pk(skB_3)) at {49} in copy a_2

in(c, encrypt(a_3,~M_1)) with encrypt(a_3,~M_1) = encrypt(a_3,pk(skB_3)) at {50} in copy a_2

event endBparam(B,B) at {53} in copy a_2

event endBfull(B,B,pk(skB_3),pk(skB_3),a_3,Nb_2) at {54} in copy a_2 (goal)

The event endBfull(B,B,pk(skB_3),pk(skB_3),a_3,Nb_2) is executed at {54} in copy a_2.
A trace has been found.
RESULT inj-event(endBfull(x1,x2,x3,x4,x5,x6)) ==> inj-event(beginBfull(x1,x2,x3,x4,x5,x6)) is false.
RESULT (even event(endBfull(x1,x2,x3,x4,x5,x6)) ==> event(beginBfull(x1,x2,x3,x4,x5,x6)) is false.)
-- Query inj-event(endAparam(x,y)) ==> inj-event(beginAparam(x,y)) in process 1.
Translating the process into Horn clauses...
Completing...
200 rules inserted. Base: 172 rules (46 with conclusion selected). Queue: 52 rules.
ok, secrecy assumption verified: fact unreachable attacker(skA[])
ok, secrecy assumption verified: fact unreachable attacker(skB[])
ok, secrecy assumption verified: fact unreachable attacker(skS[])
Starting query inj-event(endAparam(x,y)) ==> inj-event(beginAparam(x,y))
goal reachable: b-event(@p_act(@occ45_1,sign((pk(skA[]),A[]),skS[]))) && b-inj-event(beginAparam(A[],B[]),@occ43_1) -> inj-event(endAparam(A[],B[]),@occ30_1)
The 1st, 2nd hypotheses occur strictly before the conclusion.
Abbreviations:
Na_1 = Na[ms = sign((pk(skB[]),B[]),skS[]),hostX = B[],xA = A[],!1 = @sid]
Nb_1 = Nb[ms_1 = sign((pk(skA[]),A[]),skS[]),m_1 = encrypt((Na_1,A[]),pk(skB[])),xB = B[],!1 = @sid_1]
@occ30_1 = @occ30[m = encrypt((Na_1,Nb_1,B[]),pk(skA[])),ms = sign((pk(skB[]),B[]),skS[]),hostX = B[],xA = A[],!1 = @sid]
@occ45_1 = @occ45[!1 = @sid_1]
@occ43_1 = @occ43[m_1 = encrypt((Na_1,A[]),pk(skB[])),xB = B[],!1 = @sid_1]
goal reachable: b-event(@p_act(@occ45_1,sign((pk(skA[]),A[]),skS[]))) && b-inj-event(beginAparam(A[],A[]),@occ43_1) -> inj-event(endAparam(A[],A[]),@occ30_1)
The 1st, 2nd hypotheses occur strictly before the conclusion.
Abbreviations:
Na_1 = Na[ms = sign((pk(skA[]),A[]),skS[]),hostX = A[],xA = A[],!1 = @sid]
Nb_1 = Nb[ms_1 = sign((pk(skA[]),A[]),skS[]),m_1 = encrypt((Na_1,A[]),pk(skA[])),xB = A[],!1 = @sid_1]
@occ30_1 = @occ30[m = encrypt((Na_1,Nb_1,A[]),pk(skA[])),ms = sign((pk(skA[]),A[]),skS[]),hostX = A[],xA = A[],!1 = @sid]
@occ45_1 = @occ45[!1 = @sid_1]
@occ43_1 = @occ43[m_1 = encrypt((Na_1,A[]),pk(skA[])),xB = A[],!1 = @sid_1]
RESULT inj-event(endAparam(x,y)) ==> inj-event(beginAparam(x,y)) is true.
-- Query inj-event(endAfull(x1,x2,x3,x4,x5,x6)) ==> inj-event(beginAfull(x1,x2,x3,x4,x5,x6)) in process 1.
Translating the process into Horn clauses...
Completing...
200 rules inserted. Base: 172 rules (46 with conclusion selected). Queue: 52 rules.
ok, secrecy assumption verified: fact unreachable attacker(skA[])
ok, secrecy assumption verified: fact unreachable attacker(skB[])
ok, secrecy assumption verified: fact unreachable attacker(skS[])
Starting query inj-event(endAfull(x1,x2,x3,x4,x5,x6)) ==> inj-event(beginAfull(x1,x2,x3,x4,x5,x6))
goal reachable: b-inj-event(beginAfull(A[],B[],pk(skB[]),pk(skA[]),Na_1,Nb_1),@occ48_1) -> inj-event(endAfull(A[],B[],pk(skB[]),pk(skA[]),Na_1,Nb_1),@occ31_1)
The hypothesis occurs strictly before the conclusion.
Abbreviations:
Na_1 = Na[ms = sign((pk(skB[]),B[]),skS[]),hostX = B[],xA = A[],!1 = @sid]
Nb_1 = Nb[ms_1 = sign((pk(skA[]),A[]),skS[]),m_1 = encrypt((Na_1,A[]),pk(skB[])),xB = B[],!1 = @sid_1]
@occ31_1 = @occ31[m = encrypt((Na_1,Nb_1,B[]),pk(skA[])),ms = sign((pk(skB[]),B[]),skS[]),hostX = B[],xA = A[],!1 = @sid]
@occ48_1 = @occ48[ms_1 = sign((pk(skA[]),A[]),skS[]),m_1 = encrypt((Na_1,A[]),pk(skB[])),xB = B[],!1 = @sid_1]
goal reachable: b-inj-event(beginAfull(A[],A[],pk(skA[]),pk(skA[]),Na_1,Nb_1),@occ48_1) -> inj-event(endAfull(A[],A[],pk(skA[]),pk(skA[]),Na_1,Nb_1),@occ31_1)
The hypothesis occurs strictly before the conclusion.
Abbreviations:
Na_1 = Na[ms = sign((pk(skA[]),A[]),skS[]),hostX = A[],xA = A[],!1 = @sid]
Nb_1 = Nb[ms_1 = sign((pk(skA[]),A[]),skS[]),m_1 = encrypt((Na_1,A[]),pk(skA[])),xB = A[],!1 = @sid_1]
@occ31_1 = @occ31[m = encrypt((Na_1,Nb_1,A[]),pk(skA[])),ms = sign((pk(skA[]),A[]),skS[]),hostX = A[],xA = A[],!1 = @sid]
@occ48_1 = @occ48[ms_1 = sign((pk(skA[]),A[]),skS[]),m_1 = encrypt((Na_1,A[]),pk(skA[])),xB = A[],!1 = @sid_1]
RESULT inj-event(endAfull(x1,x2,x3,x4,x5,x6)) ==> inj-event(beginAfull(x1,x2,x3,x4,x5,x6)) is true.

--------------------------------------------------------------
Verification summary:

Query not attacker(secretANa[]) is true.

Query not attacker(secretANb[]) is true.

Query not attacker(secretBNa[]) is false.

Query not attacker(secretBNb[]) is true.

Query inj-event(endBparam(x,y)) ==> inj-event(beginBparam(x,y)) is false.

Query inj-event(endBfull(x1,x2,x3,x4,x5,x6)) ==> inj-event(beginBfull(x1,x2,x3,x4,x5,x6)) is false.

Query inj-event(endAparam(x,y)) ==> inj-event(beginAparam(x,y)) is true.

Query inj-event(endAfull(x1,x2,x3,x4,x5,x6)) ==> inj-event(beginAfull(x1,x2,x3,x4,x5,x6)) is true.

--------------------------------------------------------------

