Linear part:
exp(exp(g,x),y) = exp(exp(g,y),x)
Completing equations...
Completed equations:
exp(exp(g,x),y) = exp(exp(g,y),x)
Convergent part: No equation.
Process 0 (that is, the initial process):
{1}new skA: skey;
{2}let pkA: pkey = pk(skA) in
{3}out(c, pkA);
{4}new skB: skey;
{5}let pkB: pkey = pk(skB) in
{6}out(c, pkB);
(
    {7}!
    {8}let skA_1: skey = skA in
    {9}in(c, pkX: pkey);
    {10}event beginBparam(pkX);
    {11}new x: exponent;
    {12}let gx: bitstring = exp(g,x) in
    {13}new Ka: nonce;
    {14}out(c, (encrypt((pkA,Ka),pkX),gx));
    {15}in(c, (m1: bitstring,m2: bitstring,m3: bitstring));
    {16}let Kb: nonce = decrypt(m1,skA_1) in
    {17}let K0: key = hash((Ka,Kb)) in
    {18}if (m3 = keyhash((gx,m2,pkX,pkA),K0)) then
    {19}let sh: key = hash(exp(m2,x)) in
    {20}event beginBkey(pkX,sh);
    {21}out(c, keyhash((m2,gx,pkA,pkX),K0));
    {22}if (pkX = pkB) then
    {23}event endAparam(pkA);
    {24}event endAkey(pkA,sh);
    {25}out(c, sencrypt(secretA,sh))
) | (
    {26}!
    {27}let skB_1: skey = skB in
    {28}in(c, (m1_1: bitstring,m2_1: bitstring));
    {29}let (pkAr: pkey,Ka_1: nonce) = decrypt(m1_1,skB_1) in
    {30}event beginAparam(pkAr);
    {31}new Kb_1: nonce;
    {32}let K0_1: key = hash((Ka_1,Kb_1)) in
    {33}new y: exponent;
    {34}let gy: bitstring = exp(g,y) in
    {35}let sh_1: key = hash(exp(m2_1,y)) in
    {36}event beginAkey(pkAr,sh_1);
    {37}out(c, (encrypt(Kb_1,pkAr),gy,keyhash((m2_1,gy,pkB,pkAr),K0_1)));
    {38}in(c, m3_1: bitstring);
    {39}if (m3_1 = keyhash((gy,m2_1,pkAr,pkB),K0_1)) then
    {40}if (pkAr = pkA) then
    {41}event endBparam(pkB);
    {42}event endBkey(pkB,sh_1);
    {43}out(c, sencrypt(secretB,sh_1))
)

--  Process 1 (that is, process 0, with let moved downwards):
{1}new skA: skey;
{2}let pkA: pkey = pk(skA) in
{3}out(c, pkA);
{4}new skB: skey;
{5}let pkB: pkey = pk(skB) in
{6}out(c, pkB);
(
    {7}!
    {9}in(c, pkX: pkey);
    {10}event beginBparam(pkX);
    {11}new x: exponent;
    {13}new Ka: nonce;
    {12}let gx: bitstring = exp(g,x) in
    {14}out(c, (encrypt((pkA,Ka),pkX),gx));
    {15}in(c, (m1: bitstring,m2: bitstring,m3: bitstring));
    {8}let skA_1: skey = skA in
    {16}let Kb: nonce = decrypt(m1,skA_1) in
    {17}let K0: key = hash((Ka,Kb)) in
    {18}if (m3 = keyhash((gx,m2,pkX,pkA),K0)) then
    {19}let sh: key = hash(exp(m2,x)) in
    {20}event beginBkey(pkX,sh);
    {21}out(c, keyhash((m2,gx,pkA,pkX),K0));
    {22}if (pkX = pkB) then
    {23}event endAparam(pkA);
    {24}event endAkey(pkA,sh);
    {25}out(c, sencrypt(secretA,sh))
) | (
    {26}!
    {28}in(c, (m1_1: bitstring,m2_1: bitstring));
    {27}let skB_1: skey = skB in
    {29}let (pkAr: pkey,Ka_1: nonce) = decrypt(m1_1,skB_1) in
    {30}event beginAparam(pkAr);
    {31}new Kb_1: nonce;
    {33}new y: exponent;
    {35}let sh_1: key = hash(exp(m2_1,y)) in
    {36}event beginAkey(pkAr,sh_1);
    {34}let gy: bitstring = exp(g,y) in
    {32}let K0_1: key = hash((Ka_1,Kb_1)) in
    {37}out(c, (encrypt(Kb_1,pkAr),gy,keyhash((m2_1,gy,pkB,pkAr),K0_1)));
    {38}in(c, m3_1: bitstring);
    {39}if (m3_1 = keyhash((gy,m2_1,pkAr,pkB),K0_1)) then
    {40}if (pkAr = pkA) then
    {41}event endBparam(pkB);
    {42}event endBkey(pkB,sh_1);
    {43}out(c, sencrypt(secretB,sh_1))
)

-- Query 
   not attacker(secretA[])
   not attacker(secretB[])
 in process 1.
Translating the process into Horn clauses...
Completing...
ok, secrecy assumption verified: fact unreachable attacker(skA[])
ok, secrecy assumption verified: fact unreachable attacker(skB[])
ok, secrecy assumption verified: fact unreachable attacker(x[pkX = v,!1 = v_1])
ok, secrecy assumption verified: fact unreachable attacker(y[m2_1 = v,m1_1 = v_1,!1 = v_2])
Starting query not attacker(secretA[])
RESULT not attacker(secretA[]) is true.
Starting query not attacker(secretB[])
RESULT not attacker(secretB[]) is true.
-- Query inj-event(endAparam(t)) ==> inj-event(beginAparam(t)) in process 1.
Translating the process into Horn clauses...
Completing...
ok, secrecy assumption verified: fact unreachable attacker(skA[])
ok, secrecy assumption verified: fact unreachable attacker(skB[])
ok, secrecy assumption verified: fact unreachable attacker(x[pkX = v,!1 = v_1])
ok, secrecy assumption verified: fact unreachable attacker(y[m2_1 = v,m1_1 = v_1,!1 = v_2])
Starting query inj-event(endAparam(t)) ==> inj-event(beginAparam(t))
goal reachable: b-inj-event(beginAparam(pk(skA[])),@occ30_1) -> inj-event(endAparam(pk(skA[])),@occ23_1)
The hypothesis occurs strictly before the conclusion.
Abbreviations:
x_1 = x[pkX = pk(skB[]),!1 = @sid]
Ka_2 = Ka[pkX = pk(skB[]),!1 = @sid]
y_1 = y[m2_1 = exp(g,x_1),m1_1 = encrypt((pk(skA[]),Ka_2),pk(skB[])),!1 = @sid_1]
Kb_2 = Kb_1[m2_1 = exp(g,x_1),m1_1 = encrypt((pk(skA[]),Ka_2),pk(skB[])),!1 = @sid_1]
@occ23_1 = @occ23[m3 = keyhash((exp(g,x_1),exp(g,y_1),pk(skB[]),pk(skA[])),hash((Ka_2,Kb_2))),m2 = exp(g,y_1),m1 = encrypt(Kb_2,pk(skA[])),pkX = pk(skB[]),!1 = @sid]
@occ30_1 = @occ30[m2_1 = exp(g,x_1),m1_1 = encrypt((pk(skA[]),Ka_2),pk(skB[])),!1 = @sid_1]
RESULT inj-event(endAparam(t)) ==> inj-event(beginAparam(t)) is true.
-- Query inj-event(endAkey(t,z)) ==> inj-event(beginAkey(t,z)) in process 1.
Translating the process into Horn clauses...
Completing...
select attacker(exp(g,x_1))/-5000
200 rules inserted. Base: 126 rules (60 with conclusion selected). Queue: 9 rules.
ok, secrecy assumption verified: fact unreachable attacker(skA[])
ok, secrecy assumption verified: fact unreachable attacker(skB[])
ok, secrecy assumption verified: fact unreachable attacker(x[pkX = v,!1 = v_1])
ok, secrecy assumption verified: fact unreachable attacker(y[m2_1 = v,m1_1 = v_1,!1 = v_2])
Starting query inj-event(endAkey(t,z)) ==> inj-event(beginAkey(t,z))
goal reachable: b-inj-event(beginAkey(pk(skA[]),hash(exp(exp(g,x_1),y_1))),@occ36_1) -> inj-event(endAkey(pk(skA[]),hash(exp(exp(g,y_1),x_1))),@occ24_1)
The hypothesis occurs strictly before the conclusion.
Abbreviations:
x_1 = x[pkX = pk(skB[]),!1 = @sid]
Ka_2 = Ka[pkX = pk(skB[]),!1 = @sid]
y_1 = y[m2_1 = exp(g,x_1),m1_1 = encrypt((pk(skA[]),Ka_2),pk(skB[])),!1 = @sid_1]
Kb_2 = Kb_1[m2_1 = exp(g,x_1),m1_1 = encrypt((pk(skA[]),Ka_2),pk(skB[])),!1 = @sid_1]
@occ24_1 = @occ24[m3 = keyhash((exp(g,x_1),exp(g,y_1),pk(skB[]),pk(skA[])),hash((Ka_2,Kb_2))),m2 = exp(g,y_1),m1 = encrypt(Kb_2,pk(skA[])),pkX = pk(skB[]),!1 = @sid]
@occ36_1 = @occ36[m2_1 = exp(g,x_1),m1_1 = encrypt((pk(skA[]),Ka_2),pk(skB[])),!1 = @sid_1]
RESULT inj-event(endAkey(t,z)) ==> inj-event(beginAkey(t,z)) is true.
-- Query inj-event(endBparam(t)) ==> inj-event(beginBparam(t)) in process 1.
Translating the process into Horn clauses...
Completing...
ok, secrecy assumption verified: fact unreachable attacker(skA[])
ok, secrecy assumption verified: fact unreachable attacker(skB[])
ok, secrecy assumption verified: fact unreachable attacker(x[pkX = v,!1 = v_1])
ok, secrecy assumption verified: fact unreachable attacker(y[m2_1 = v,m1_1 = v_1,!1 = v_2])
Starting query inj-event(endBparam(t)) ==> inj-event(beginBparam(t))
goal reachable: b-event(@p_act(@occ15_1,(encrypt(Kb_2,pk(skA[])),exp(g,y_1),keyhash((exp(g,x_1),exp(g,y_1),pk(skB[]),pk(skA[])),hash((Ka_2,Kb_2)))))) && b-inj-event(beginBparam(pk(skB[])),@occ10_1) -> inj-event(endBparam(pk(skB[])),@occ41_1)
The 1st, 2nd hypotheses occur strictly before the conclusion.
Abbreviations:
x_1 = x[pkX = pk(skB[]),!1 = @sid]
Ka_2 = Ka[pkX = pk(skB[]),!1 = @sid]
y_1 = y[m2_1 = exp(g,x_1),m1_1 = encrypt((pk(skA[]),Ka_2),pk(skB[])),!1 = @sid_1]
Kb_2 = Kb_1[m2_1 = exp(g,x_1),m1_1 = encrypt((pk(skA[]),Ka_2),pk(skB[])),!1 = @sid_1]
@occ41_1 = @occ41[m3_1 = keyhash((exp(g,y_1),exp(g,x_1),pk(skA[]),pk(skB[])),hash((Ka_2,Kb_2))),m2_1 = exp(g,x_1),m1_1 = encrypt((pk(skA[]),Ka_2),pk(skB[])),!1 = @sid_1]
@occ15_1 = @occ15[!1 = @sid]
@occ10_1 = @occ10[pkX = pk(skB[]),!1 = @sid]
RESULT inj-event(endBparam(t)) ==> inj-event(beginBparam(t)) is true.
-- Query inj-event(endBkey(t,z)) ==> inj-event(beginBkey(t,z)) in process 1.
Translating the process into Horn clauses...
Completing...
ok, secrecy assumption verified: fact unreachable attacker(skA[])
ok, secrecy assumption verified: fact unreachable attacker(skB[])
ok, secrecy assumption verified: fact unreachable attacker(x[pkX = v,!1 = v_1])
ok, secrecy assumption verified: fact unreachable attacker(y[m2_1 = v,m1_1 = v_1,!1 = v_2])
Starting query inj-event(endBkey(t,z)) ==> inj-event(beginBkey(t,z))
goal reachable: b-inj-event(beginBkey(pk(skB[]),hash(exp(exp(g,y_1),x_1))),@occ20_1) -> inj-event(endBkey(pk(skB[]),hash(exp(exp(g,y_1),x_1))),@occ42_1)
The hypothesis occurs strictly before the conclusion.
Abbreviations:
x_1 = x[pkX = pk(skB[]),!1 = @sid]
Ka_2 = Ka[pkX = pk(skB[]),!1 = @sid]
y_1 = y[m2_1 = exp(g,x_1),m1_1 = encrypt((pk(skA[]),Ka_2),pk(skB[])),!1 = @sid_1]
Kb_2 = Kb_1[m2_1 = exp(g,x_1),m1_1 = encrypt((pk(skA[]),Ka_2),pk(skB[])),!1 = @sid_1]
@occ42_1 = @occ42[m3_1 = keyhash((exp(g,y_1),exp(g,x_1),pk(skA[]),pk(skB[])),hash((Ka_2,Kb_2))),m2_1 = exp(g,x_1),m1_1 = encrypt((pk(skA[]),Ka_2),pk(skB[])),!1 = @sid_1]
@occ20_1 = @occ20[m3 = keyhash((exp(g,x_1),exp(g,y_1),pk(skB[]),pk(skA[])),hash((Ka_2,Kb_2))),m2 = exp(g,y_1),m1 = encrypt(Kb_2,pk(skA[])),pkX = pk(skB[]),!1 = @sid]
RESULT inj-event(endBkey(t,z)) ==> inj-event(beginBkey(t,z)) is true.

--------------------------------------------------------------
Verification summary:

Query not attacker(secretA[]) is true.

Query not attacker(secretB[]) is true.

Query inj-event(endAparam(t)) ==> inj-event(beginAparam(t)) is true.

Query inj-event(endAkey(t,z)) ==> inj-event(beginAkey(t,z)) is true.

Query inj-event(endBparam(t)) ==> inj-event(beginBparam(t)) is true.

Query inj-event(endBkey(t,z)) ==> inj-event(beginBkey(t,z)) is true.

--------------------------------------------------------------

