Linear part:
exp(exp(g,x),y) = exp(exp(g,y),x)
Completing equations...
Completed equations:
exp(exp(g,x),y) = exp(exp(g,y),x)
Convergent part: No equation.
Process 0 (that is, the initial process):
{1}new skA: skey;
{2}let pkA: pkey = pk(skA) in
{3}out(c, pkA);
{4}new skB: skey;
{5}let pkB: pkey = pk(skB) in
{6}out(c, pkB);
(
    {7}!
    {8}let skA_1: skey = skA in
    {9}in(c, pkX: pkey);
    {10}event beginBparam(pkX);
    {11}new x: exponent;
    {12}let gx: bitstring = exp(g,x) in
    {13}new Ka: nonce;
    {14}out(c, (encrypt((pkA,Ka),pkX),gx));
    {15}in(c, (m1: bitstring,m2: bitstring,m3: bitstring));
    {16}let Kb: nonce = decrypt(m1,skA_1) in
    {17}let K0: key = hash((Ka,Kb)) in
    {18}let sh: key = hash(exp(m2,x)) in
    {19}event beginBkey(pkX,sh);
    {20}out(c, keyhash((m2,gx,pkA,pkX),K0));
    {21}if (pkX = pkB) then
    {22}event endAparam(pkA);
    {23}event endAkey(pkA,sh);
    {24}out(c, sencrypt(secretA,sh))
) | (
    {25}!
    {26}let skB_1: skey = skB in
    {27}in(c, (m1_1: bitstring,m2_1: bitstring));
    {28}let (pkAr: pkey,Ka_1: nonce) = decrypt(m1_1,skB_1) in
    {29}event beginAparam(pkAr);
    {30}new Kb_1: nonce;
    {31}let K0_1: key = hash((Ka_1,Kb_1)) in
    {32}new y: exponent;
    {33}let gy: bitstring = exp(g,y) in
    {34}let sh_1: key = hash(exp(m2_1,y)) in
    {35}event beginAkey(pkAr,sh_1);
    {36}out(c, (encrypt(Kb_1,pkAr),gy,keyhash((m2_1,gy,pkB,pkAr),K0_1)));
    {37}in(c, m3_1: bitstring);
    {38}if (m3_1 = keyhash((gy,m2_1,pkAr,pkB),K0_1)) then
    {39}if (pkAr = pkA) then
    {40}event endBparam(pkB);
    {41}event endBkey(pkB,sh_1);
    {42}out(c, sencrypt(secretB,sh_1))
)

--  Process 1 (that is, process 0, with let moved downwards):
{1}new skA: skey;
{2}let pkA: pkey = pk(skA) in
{3}out(c, pkA);
{4}new skB: skey;
{5}let pkB: pkey = pk(skB) in
{6}out(c, pkB);
(
    {7}!
    {9}in(c, pkX: pkey);
    {10}event beginBparam(pkX);
    {11}new x: exponent;
    {13}new Ka: nonce;
    {12}let gx: bitstring = exp(g,x) in
    {14}out(c, (encrypt((pkA,Ka),pkX),gx));
    {15}in(c, (m1: bitstring,m2: bitstring,m3: bitstring));
    {8}let skA_1: skey = skA in
    {16}let Kb: nonce = decrypt(m1,skA_1) in
    {18}let sh: key = hash(exp(m2,x)) in
    {19}event beginBkey(pkX,sh);
    {17}let K0: key = hash((Ka,Kb)) in
    {20}out(c, keyhash((m2,gx,pkA,pkX),K0));
    {21}if (pkX = pkB) then
    {22}event endAparam(pkA);
    {23}event endAkey(pkA,sh);
    {24}out(c, sencrypt(secretA,sh))
) | (
    {25}!
    {27}in(c, (m1_1: bitstring,m2_1: bitstring));
    {26}let skB_1: skey = skB in
    {28}let (pkAr: pkey,Ka_1: nonce) = decrypt(m1_1,skB_1) in
    {29}event beginAparam(pkAr);
    {30}new Kb_1: nonce;
    {32}new y: exponent;
    {34}let sh_1: key = hash(exp(m2_1,y)) in
    {35}event beginAkey(pkAr,sh_1);
    {33}let gy: bitstring = exp(g,y) in
    {31}let K0_1: key = hash((Ka_1,Kb_1)) in
    {36}out(c, (encrypt(Kb_1,pkAr),gy,keyhash((m2_1,gy,pkB,pkAr),K0_1)));
    {37}in(c, m3_1: bitstring);
    {38}if (m3_1 = keyhash((gy,m2_1,pkAr,pkB),K0_1)) then
    {39}if (pkAr = pkA) then
    {40}event endBparam(pkB);
    {41}event endBkey(pkB,sh_1);
    {42}out(c, sencrypt(secretB,sh_1))
)

-- Query 
   not attacker(secretA[])
   not attacker(secretB[])
 in process 1.
Translating the process into Horn clauses...
Completing...
ok, secrecy assumption verified: fact unreachable attacker(skA[])
ok, secrecy assumption verified: fact unreachable attacker(skB[])
ok, secrecy assumption verified: fact unreachable attacker(x[pkX = v,!1 = v_1])
ok, secrecy assumption verified: fact unreachable attacker(y[m2_1 = v,m1_1 = v_1,!1 = v_2])
Starting query not attacker(secretA[])
goal reachable: attacker(secretA[])

Derivation:
Abbreviations:
x_1 = x[pkX = pk(skB[]),!1 = @sid]
Ka_2 = Ka[pkX = pk(skB[]),!1 = @sid]

1. The message pk(skB[]) may be sent to the attacker at output {6}.
attacker(pk(skB[])).

2. The message pk(skB[]) that the attacker may have by 1 may be received at input {9}.
So the message (encrypt((pk(skA[]),Ka_2),pk(skB[])),exp(g,x_1)) may be sent to the attacker at output {14}.
attacker((encrypt((pk(skA[]),Ka_2),pk(skB[])),exp(g,x_1))).

3. By 2, the attacker may know (encrypt((pk(skA[]),Ka_2),pk(skB[])),exp(g,x_1)).
Using the function 2-proj-2-tuple the attacker may obtain exp(g,x_1).
attacker(exp(g,x_1)).

4. By 3, the attacker may know exp(g,x_1).
Using the function hash the attacker may obtain hash(exp(g,x_1)).
attacker(hash(exp(g,x_1))).

5. The attacker has some term m3_2.
attacker(m3_2).

6. Using the function g the attacker may obtain g.
attacker(g).

7. The message pk(skA[]) may be sent to the attacker at output {3}.
attacker(pk(skA[])).

8. The attacker has some term Kb_2.
attacker(Kb_2).

9. By 8, the attacker may know Kb_2.
By 7, the attacker may know pk(skA[]).
Using the function encrypt the attacker may obtain encrypt(Kb_2,pk(skA[])).
attacker(encrypt(Kb_2,pk(skA[]))).

10. By 9, the attacker may know encrypt(Kb_2,pk(skA[])).
By 6, the attacker may know g.
By 5, the attacker may know m3_2.
Using the function 3-tuple the attacker may obtain (encrypt(Kb_2,pk(skA[])),g,m3_2).
attacker((encrypt(Kb_2,pk(skA[])),g,m3_2)).

11. The message pk(skB[]) that the attacker may have by 1 may be received at input {9}.
The message (encrypt(Kb_2,pk(skA[])),g,m3_2) that the attacker may have by 10 may be received at input {15}.
So the message sencrypt(secretA[],hash(exp(g,x_1))) may be sent to the attacker at output {24}.
attacker(sencrypt(secretA[],hash(exp(g,x_1)))).

12. By 11, the attacker may know sencrypt(secretA[],hash(exp(g,x_1))).
By 4, the attacker may know hash(exp(g,x_1)).
Using the function sdecrypt the attacker may obtain secretA[].
attacker(secretA[]).

13. By 12, attacker(secretA[]).
The goal is reached, represented in the following fact:
attacker(secretA[]).


A more detailed output of the traces is available with
  set traceDisplay = long.

new skA: skey creating skA_2 at {1}

out(c, ~M) with ~M = pk(skA_2) at {3}

new skB: skey creating skB_2 at {4}

out(c, ~M_1) with ~M_1 = pk(skB_2) at {6}

in(c, ~M_1) with ~M_1 = pk(skB_2) at {9} in copy a

event beginBparam(pk(skB_2)) at {10} in copy a

new x: exponent creating x_2 at {11} in copy a

new Ka: nonce creating Ka_3 at {13} in copy a

out(c, (~M_2,~M_3)) with ~M_2 = encrypt((pk(skA_2),Ka_3),pk(skB_2)), ~M_3 = exp(g,x_2) at {14} in copy a

in(c, (encrypt(a_1,~M),g,a_2)) with encrypt(a_1,~M) = encrypt(a_1,pk(skA_2)) at {15} in copy a

event beginBkey(pk(skB_2),hash(exp(g,x_2))) at {19} in copy a

out(c, ~M_4) with ~M_4 = keyhash((g,exp(g,x_2),pk(skA_2),pk(skB_2)),hash((Ka_3,a_1))) at {20} in copy a

event endAparam(pk(skA_2)) at {22} in copy a

event endAkey(pk(skA_2),hash(exp(g,x_2))) at {23} in copy a

out(c, ~M_5) with ~M_5 = sencrypt(secretA,hash(exp(g,x_2))) at {24} in copy a

The attacker has the message sdecrypt(~M_5,hash(~M_3)) = secretA.
A trace has been found.
RESULT not attacker(secretA[]) is false.
Starting query not attacker(secretB[])
RESULT not attacker(secretB[]) is true.
-- Query inj-event(endAparam(t)) ==> inj-event(beginAparam(t)) in process 1.
Translating the process into Horn clauses...
Completing...
ok, secrecy assumption verified: fact unreachable attacker(skA[])
ok, secrecy assumption verified: fact unreachable attacker(skB[])
ok, secrecy assumption verified: fact unreachable attacker(x[pkX = v,!1 = v_1])
ok, secrecy assumption verified: fact unreachable attacker(y[m2_1 = v,m1_1 = v_1,!1 = v_2])
Starting query inj-event(endAparam(t)) ==> inj-event(beginAparam(t))
goal reachable: attacker(Kb_2) && attacker(m2_2) && attacker(m3_2) -> inj-event(endAparam(pk(skA[])),@occ22_1)
Abbreviations:
@occ22_1 = @occ22[m3 = m3_2,m2 = m2_2,m1 = encrypt(Kb_2,pk(skA[])),pkX = pk(skB[]),!1 = @sid]

Derivation:
Abbreviations:
@occ22_1 = @occ22[m3 = m3_2,m2 = m2_2,m1 = encrypt(Kb_2,pk(skA[])),pkX = pk(skB[]),!1 = @sid]

1. The message pk(skB[]) may be sent to the attacker at output {6}.
attacker(pk(skB[])).

2. We assume as hypothesis that
attacker(m3_2).

3. We assume as hypothesis that
attacker(m2_2).

4. The message pk(skA[]) may be sent to the attacker at output {3}.
attacker(pk(skA[])).

5. We assume as hypothesis that
attacker(Kb_2).

6. By 5, the attacker may know Kb_2.
By 4, the attacker may know pk(skA[]).
Using the function encrypt the attacker may obtain encrypt(Kb_2,pk(skA[])).
attacker(encrypt(Kb_2,pk(skA[]))).

7. By 6, the attacker may know encrypt(Kb_2,pk(skA[])).
By 3, the attacker may know m2_2.
By 2, the attacker may know m3_2.
Using the function 3-tuple the attacker may obtain (encrypt(Kb_2,pk(skA[])),m2_2,m3_2).
attacker((encrypt(Kb_2,pk(skA[])),m2_2,m3_2)).

8. The message pk(skB[]) that the attacker may have by 1 may be received at input {9}.
The message (encrypt(Kb_2,pk(skA[])),m2_2,m3_2) that the attacker may have by 7 may be received at input {15}.
So event endAparam(pk(skA[])) may be executed at {22} in session @sid.
inj-event(endAparam(pk(skA[])),@occ22_1).

9. By 8, inj-event(endAparam(pk(skA[])),@occ22_1).
The goal is reached, represented in the following fact:
inj-event(endAparam(pk(skA[])),@occ22_1).


A more detailed output of the traces is available with
  set traceDisplay = long.

new skA: skey creating skA_2 at {1}

out(c, ~M) with ~M = pk(skA_2) at {3}

new skB: skey creating skB_2 at {4}

out(c, ~M_1) with ~M_1 = pk(skB_2) at {6}

in(c, ~M_1) with ~M_1 = pk(skB_2) at {9} in copy a

event beginBparam(pk(skB_2)) at {10} in copy a

new x: exponent creating x_1 at {11} in copy a

new Ka: nonce creating Ka_2 at {13} in copy a

out(c, (~M_2,~M_3)) with ~M_2 = encrypt((pk(skA_2),Ka_2),pk(skB_2)), ~M_3 = exp(g,x_1) at {14} in copy a

in(c, (encrypt(a_1,~M),a_2,a_3)) with encrypt(a_1,~M) = encrypt(a_1,pk(skA_2)) at {15} in copy a

event beginBkey(pk(skB_2),hash(exp(a_2,x_1))) at {19} in copy a

out(c, ~M_4) with ~M_4 = keyhash((a_2,exp(g,x_1),pk(skA_2),pk(skB_2)),hash((Ka_2,a_1))) at {20} in copy a

event endAparam(pk(skA_2)) at {22} in copy a (goal)

The event endAparam(pk(skA_2)) is executed at {22} in copy a.
A trace has been found.
RESULT inj-event(endAparam(t)) ==> inj-event(beginAparam(t)) is false.
RESULT (even event(endAparam(t)) ==> event(beginAparam(t)) is false.)
-- Query inj-event(endAkey(t,z)) ==> inj-event(beginAkey(t,z)) in process 1.
Translating the process into Horn clauses...
Completing...
select attacker(exp(g,x_1))/-5000
200 rules inserted. Base: 116 rules (77 with conclusion selected). Queue: 54 rules.
ok, secrecy assumption verified: fact unreachable attacker(skA[])
ok, secrecy assumption verified: fact unreachable attacker(skB[])
ok, secrecy assumption verified: fact unreachable attacker(x[pkX = v,!1 = v_1])
ok, secrecy assumption verified: fact unreachable attacker(y[m2_1 = v,m1_1 = v_1,!1 = v_2])
Starting query inj-event(endAkey(t,z)) ==> inj-event(beginAkey(t,z))
goal reachable: attacker(Kb_2) && attacker(m2_2) && attacker(m3_2) -> inj-event(endAkey(pk(skA[]),hash(exp(m2_2,x_1))),@occ23_1)
Abbreviations:
x_1 = x[pkX = pk(skB[]),!1 = @sid]
@occ23_1 = @occ23[m3 = m3_2,m2 = m2_2,m1 = encrypt(Kb_2,pk(skA[])),pkX = pk(skB[]),!1 = @sid]

Derivation:
Abbreviations:
x_1 = x[pkX = pk(skB[]),!1 = @sid]
@occ23_1 = @occ23[m3 = m3_2,m2 = m2_2,m1 = encrypt(Kb_2,pk(skA[])),pkX = pk(skB[]),!1 = @sid]

1. The message pk(skB[]) may be sent to the attacker at output {6}.
attacker(pk(skB[])).

2. We assume as hypothesis that
attacker(m3_2).

3. We assume as hypothesis that
attacker(m2_2).

4. The message pk(skA[]) may be sent to the attacker at output {3}.
attacker(pk(skA[])).

5. We assume as hypothesis that
attacker(Kb_2).

6. By 5, the attacker may know Kb_2.
By 4, the attacker may know pk(skA[]).
Using the function encrypt the attacker may obtain encrypt(Kb_2,pk(skA[])).
attacker(encrypt(Kb_2,pk(skA[]))).

7. By 6, the attacker may know encrypt(Kb_2,pk(skA[])).
By 3, the attacker may know m2_2.
By 2, the attacker may know m3_2.
Using the function 3-tuple the attacker may obtain (encrypt(Kb_2,pk(skA[])),m2_2,m3_2).
attacker((encrypt(Kb_2,pk(skA[])),m2_2,m3_2)).

8. The message pk(skB[]) that the attacker may have by 1 may be received at input {9}.
The message (encrypt(Kb_2,pk(skA[])),m2_2,m3_2) that the attacker may have by 7 may be received at input {15}.
So event endAkey(pk(skA[]),hash(exp(m2_2,x_1))) may be executed at {23} in session @sid.
inj-event(endAkey(pk(skA[]),hash(exp(m2_2,x_1))),@occ23_1).

9. By 8, inj-event(endAkey(pk(skA[]),hash(exp(m2_2,x_1))),@occ23_1).
The goal is reached, represented in the following fact:
inj-event(endAkey(pk(skA[]),hash(exp(m2_2,x_1))),@occ23_1).


A more detailed output of the traces is available with
  set traceDisplay = long.

new skA: skey creating skA_2 at {1}

out(c, ~M) with ~M = pk(skA_2) at {3}

new skB: skey creating skB_2 at {4}

out(c, ~M_1) with ~M_1 = pk(skB_2) at {6}

in(c, ~M_1) with ~M_1 = pk(skB_2) at {9} in copy a

event beginBparam(pk(skB_2)) at {10} in copy a

new x: exponent creating x_2 at {11} in copy a

new Ka: nonce creating Ka_2 at {13} in copy a

out(c, (~M_2,~M_3)) with ~M_2 = encrypt((pk(skA_2),Ka_2),pk(skB_2)), ~M_3 = exp(g,x_2) at {14} in copy a

in(c, (encrypt(a_1,~M),a_2,a_3)) with encrypt(a_1,~M) = encrypt(a_1,pk(skA_2)) at {15} in copy a

event beginBkey(pk(skB_2),hash(exp(a_2,x_2))) at {19} in copy a

out(c, ~M_4) with ~M_4 = keyhash((a_2,exp(g,x_2),pk(skA_2),pk(skB_2)),hash((Ka_2,a_1))) at {20} in copy a

event endAparam(pk(skA_2)) at {22} in copy a

event endAkey(pk(skA_2),hash(exp(a_2,x_2))) at {23} in copy a (goal)

The event endAkey(pk(skA_2),hash(exp(a_2,x_2))) is executed at {23} in copy a.
A trace has been found.
RESULT inj-event(endAkey(t,z)) ==> inj-event(beginAkey(t,z)) is false.
RESULT (even event(endAkey(t,z)) ==> event(beginAkey(t,z)) is false.)
-- Query inj-event(endBparam(t)) ==> inj-event(beginBparam(t)) in process 1.
Translating the process into Horn clauses...
Completing...
200 rules inserted. Base: 130 rules (60 with conclusion selected). Queue: 14 rules.
ok, secrecy assumption verified: fact unreachable attacker(skA[])
ok, secrecy assumption verified: fact unreachable attacker(skB[])
ok, secrecy assumption verified: fact unreachable attacker(x[pkX = v,!1 = v_1])
ok, secrecy assumption verified: fact unreachable attacker(y[m2_1 = v,m1_1 = v_1,!1 = v_2])
Starting query inj-event(endBparam(t)) ==> inj-event(beginBparam(t))
goal reachable: attacker(m3_2) && b-event(@p_act(@occ15_1,(encrypt(Kb_2,pk(skA[])),exp(g,y_1),m3_2))) && b-inj-event(beginBparam(pk(skB[])),@occ10_1) -> inj-event(endBparam(pk(skB[])),@occ40_1)
The 1st hypothesis occurs before the conclusion.
The 2nd, 3rd hypotheses occur strictly before the conclusion.
Abbreviations:
x_1 = x[pkX = pk(skB[]),!1 = @sid]
Ka_2 = Ka[pkX = pk(skB[]),!1 = @sid]
y_1 = y[m2_1 = exp(g,x_1),m1_1 = encrypt((pk(skA[]),Ka_2),pk(skB[])),!1 = @sid_1]
Kb_2 = Kb_1[m2_1 = exp(g,x_1),m1_1 = encrypt((pk(skA[]),Ka_2),pk(skB[])),!1 = @sid_1]
@occ40_1 = @occ40[m3_1 = keyhash((exp(g,y_1),exp(g,x_1),pk(skA[]),pk(skB[])),hash((Ka_2,Kb_2))),m2_1 = exp(g,x_1),m1_1 = encrypt((pk(skA[]),Ka_2),pk(skB[])),!1 = @sid_1]
@occ15_1 = @occ15[!1 = @sid]
@occ10_1 = @occ10[pkX = pk(skB[]),!1 = @sid]
RESULT inj-event(endBparam(t)) ==> inj-event(beginBparam(t)) is true.
-- Query inj-event(endBkey(t,z)) ==> inj-event(beginBkey(t,z)) in process 1.
Translating the process into Horn clauses...
Completing...
200 rules inserted. Base: 136 rules (70 with conclusion selected). Queue: 28 rules.
ok, secrecy assumption verified: fact unreachable attacker(skA[])
ok, secrecy assumption verified: fact unreachable attacker(skB[])
ok, secrecy assumption verified: fact unreachable attacker(x[pkX = v,!1 = v_1])
ok, secrecy assumption verified: fact unreachable attacker(y[m2_1 = v,m1_1 = v_1,!1 = v_2])
Starting query inj-event(endBkey(t,z)) ==> inj-event(beginBkey(t,z))
goal reachable: b-inj-event(beginBkey(pk(skB[]),hash(exp(exp(g,x_1),y_1))),@occ19_1) && attacker(m3_2) -> inj-event(endBkey(pk(skB[]),hash(exp(exp(g,y_1),x_1))),@occ41_1)
The 1st hypothesis occurs strictly before the conclusion.
The 2nd hypothesis occurs before the conclusion.
Abbreviations:
x_1 = x[pkX = pk(skB[]),!1 = @sid]
Ka_2 = Ka[pkX = pk(skB[]),!1 = @sid]
y_1 = y[m2_1 = exp(g,x_1),m1_1 = encrypt((pk(skA[]),Ka_2),pk(skB[])),!1 = @sid_1]
Kb_2 = Kb_1[m2_1 = exp(g,x_1),m1_1 = encrypt((pk(skA[]),Ka_2),pk(skB[])),!1 = @sid_1]
@occ41_1 = @occ41[m3_1 = keyhash((exp(g,y_1),exp(g,x_1),pk(skA[]),pk(skB[])),hash((Ka_2,Kb_2))),m2_1 = exp(g,x_1),m1_1 = encrypt((pk(skA[]),Ka_2),pk(skB[])),!1 = @sid_1]
@occ19_1 = @occ19[m3 = m3_2,m2 = exp(g,y_1),m1 = encrypt(Kb_2,pk(skA[])),pkX = pk(skB[]),!1 = @sid]
RESULT inj-event(endBkey(t,z)) ==> inj-event(beginBkey(t,z)) is true.

--------------------------------------------------------------
Verification summary:

Query not attacker(secretA[]) is false.

Query not attacker(secretB[]) is true.

Query inj-event(endAparam(t)) ==> inj-event(beginAparam(t)) is false.

Query inj-event(endAkey(t,z)) ==> inj-event(beginAkey(t,z)) is false.

Query inj-event(endBparam(t)) ==> inj-event(beginBparam(t)) is true.

Query inj-event(endBkey(t,z)) ==> inj-event(beginBkey(t,z)) is true.

--------------------------------------------------------------

