Linear part:
exp(exp(g,x),y) = exp(exp(g,y),x)
Completing equations...
Completed equations:
exp(exp(g,x),y) = exp(exp(g,y),x)
Convergent part: No equation.
Process 0 (that is, the initial process):
{1}new skA: skey;
{2}let pkA: pkey = pk(skA) in
{3}out(c, pkA);
{4}new skB: skey;
{5}let pkB: pkey = pk(skB) in
{6}out(c, pkB);
(
    {7}!
    {8}let skA_1: skey = skA in
    {9}in(c, pkX: pkey);
    {10}event beginBparam(pkX);
    {11}new x: exponent;
    {12}let gx: bitstring = exp(g,x) in
    {13}new Ka: nonce;
    {14}out(c, (encrypt((pkA,Ka),pkX),gx));
    {15}in(c, (m1: bitstring,m2: bitstring,m3: bitstring));
    {16}let Kb: nonce = decrypt(m1,skA_1) in
    {17}let K0: key = hash((Ka,Kb)) in
    {18}if (m3 = keyhash((gx,m2,pkX,pkA),K0)) then
    {19}let sh: key = hash((gx,m2)) in
    {20}event beginBkey(pkX,sh);
    {21}out(c, keyhash((m2,gx,pkA,pkX),K0));
    {22}if (pkX = pkB) then
    {23}event endAparam(pkA);
    {24}event endAkey(pkA,sh);
    {25}out(c, sencrypt(secretA,sh))
) | (
    {26}!
    {27}let skB_1: skey = skB in
    {28}in(c, (m1_1: bitstring,m2_1: bitstring));
    {29}let (pkAr: pkey,Ka_1: nonce) = decrypt(m1_1,skB_1) in
    {30}event beginAparam(pkAr);
    {31}new Kb_1: nonce;
    {32}let K0_1: key = hash((Ka_1,Kb_1)) in
    {33}new y: exponent;
    {34}let gy: bitstring = exp(g,y) in
    {35}let sh_1: key = hash((m2_1,gy)) in
    {36}event beginAkey(pkAr,sh_1);
    {37}out(c, (encrypt(Kb_1,pkAr),gy,keyhash((m2_1,gy,pkB,pkAr),K0_1)));
    {38}in(c, m3_1: bitstring);
    {39}if (m3_1 = keyhash((gy,m2_1,pkAr,pkB),K0_1)) then
    {40}if (pkAr = pkA) then
    {41}event endBparam(pkB);
    {42}event endBkey(pkB,sh_1);
    {43}out(c, sencrypt(secretB,sh_1))
)

--  Process 1 (that is, process 0, with let moved downwards):
{1}new skA: skey;
{2}let pkA: pkey = pk(skA) in
{3}out(c, pkA);
{4}new skB: skey;
{5}let pkB: pkey = pk(skB) in
{6}out(c, pkB);
(
    {7}!
    {9}in(c, pkX: pkey);
    {10}event beginBparam(pkX);
    {11}new x: exponent;
    {13}new Ka: nonce;
    {12}let gx: bitstring = exp(g,x) in
    {14}out(c, (encrypt((pkA,Ka),pkX),gx));
    {15}in(c, (m1: bitstring,m2: bitstring,m3: bitstring));
    {8}let skA_1: skey = skA in
    {16}let Kb: nonce = decrypt(m1,skA_1) in
    {17}let K0: key = hash((Ka,Kb)) in
    {18}if (m3 = keyhash((gx,m2,pkX,pkA),K0)) then
    {19}let sh: key = hash((gx,m2)) in
    {20}event beginBkey(pkX,sh);
    {21}out(c, keyhash((m2,gx,pkA,pkX),K0));
    {22}if (pkX = pkB) then
    {23}event endAparam(pkA);
    {24}event endAkey(pkA,sh);
    {25}out(c, sencrypt(secretA,sh))
) | (
    {26}!
    {28}in(c, (m1_1: bitstring,m2_1: bitstring));
    {27}let skB_1: skey = skB in
    {29}let (pkAr: pkey,Ka_1: nonce) = decrypt(m1_1,skB_1) in
    {30}event beginAparam(pkAr);
    {31}new Kb_1: nonce;
    {33}new y: exponent;
    {34}let gy: bitstring = exp(g,y) in
    {35}let sh_1: key = hash((m2_1,gy)) in
    {36}event beginAkey(pkAr,sh_1);
    {32}let K0_1: key = hash((Ka_1,Kb_1)) in
    {37}out(c, (encrypt(Kb_1,pkAr),gy,keyhash((m2_1,gy,pkB,pkAr),K0_1)));
    {38}in(c, m3_1: bitstring);
    {39}if (m3_1 = keyhash((gy,m2_1,pkAr,pkB),K0_1)) then
    {40}if (pkAr = pkA) then
    {41}event endBparam(pkB);
    {42}event endBkey(pkB,sh_1);
    {43}out(c, sencrypt(secretB,sh_1))
)

-- Query 
   not attacker(secretA[])
   not attacker(secretB[])
 in process 1.
Translating the process into Horn clauses...
Completing...
ok, secrecy assumption verified: fact unreachable attacker(skA[])
ok, secrecy assumption verified: fact unreachable attacker(skB[])
ok, secrecy assumption verified: fact unreachable attacker(x[pkX = v,!1 = v_1])
ok, secrecy assumption verified: fact unreachable attacker(y[m2_1 = v,m1_1 = v_1,!1 = v_2])
Starting query not attacker(secretA[])
goal reachable: attacker(secretA[])

Derivation:
Abbreviations:
x_1 = x[pkX = pk(skB[]),!1 = @sid]
Ka_2 = Ka[pkX = pk(skB[]),!1 = @sid]
y_1 = y[m2_1 = exp(g,x_1),m1_1 = encrypt((pk(skA[]),Ka_2),pk(skB[])),!1 = @sid_1]
Kb_2 = Kb_1[m2_1 = exp(g,x_1),m1_1 = encrypt((pk(skA[]),Ka_2),pk(skB[])),!1 = @sid_1]

1. The message pk(skB[]) may be sent to the attacker at output {6}.
attacker(pk(skB[])).

2. The message pk(skB[]) that the attacker may have by 1 may be received at input {9}.
So the message (encrypt((pk(skA[]),Ka_2),pk(skB[])),exp(g,x_1)) may be sent to the attacker at output {14}.
attacker((encrypt((pk(skA[]),Ka_2),pk(skB[])),exp(g,x_1))).

3. By 2, the attacker may know (encrypt((pk(skA[]),Ka_2),pk(skB[])),exp(g,x_1)).
Using the function 2-proj-2-tuple the attacker may obtain exp(g,x_1).
attacker(exp(g,x_1)).

4. By 2, the attacker may know (encrypt((pk(skA[]),Ka_2),pk(skB[])),exp(g,x_1)).
Using the function 1-proj-2-tuple the attacker may obtain encrypt((pk(skA[]),Ka_2),pk(skB[])).
attacker(encrypt((pk(skA[]),Ka_2),pk(skB[]))).

5. By 4, the attacker may know encrypt((pk(skA[]),Ka_2),pk(skB[])).
By 3, the attacker may know exp(g,x_1).
Using the function 2-tuple the attacker may obtain (encrypt((pk(skA[]),Ka_2),pk(skB[])),exp(g,x_1)).
attacker((encrypt((pk(skA[]),Ka_2),pk(skB[])),exp(g,x_1))).

6. The message (encrypt((pk(skA[]),Ka_2),pk(skB[])),exp(g,x_1)) that the attacker may have by 5 may be received at input {28}.
So the message (encrypt(Kb_2,pk(skA[])),exp(g,y_1),keyhash((exp(g,x_1),exp(g,y_1),pk(skB[]),pk(skA[])),hash((Ka_2,Kb_2)))) may be sent to the attacker at output {37}.
attacker((encrypt(Kb_2,pk(skA[])),exp(g,y_1),keyhash((exp(g,x_1),exp(g,y_1),pk(skB[]),pk(skA[])),hash((Ka_2,Kb_2))))).

7. By 6, the attacker may know (encrypt(Kb_2,pk(skA[])),exp(g,y_1),keyhash((exp(g,x_1),exp(g,y_1),pk(skB[]),pk(skA[])),hash((Ka_2,Kb_2)))).
Using the function 2-proj-3-tuple the attacker may obtain exp(g,y_1).
attacker(exp(g,y_1)).

8. By 3, the attacker may know exp(g,x_1).
By 7, the attacker may know exp(g,y_1).
Using the function 2-tuple the attacker may obtain (exp(g,x_1),exp(g,y_1)).
attacker((exp(g,x_1),exp(g,y_1))).

9. By 8, the attacker may know (exp(g,x_1),exp(g,y_1)).
Using the function hash the attacker may obtain hash((exp(g,x_1),exp(g,y_1))).
attacker(hash((exp(g,x_1),exp(g,y_1)))).

10. The message pk(skB[]) that the attacker may have by 1 may be received at input {9}.
The message (encrypt(Kb_2,pk(skA[])),exp(g,y_1),keyhash((exp(g,x_1),exp(g,y_1),pk(skB[]),pk(skA[])),hash((Ka_2,Kb_2)))) that the attacker may have by 6 may be received at input {15}.
So the message sencrypt(secretA[],hash((exp(g,x_1),exp(g,y_1)))) may be sent to the attacker at output {25}.
attacker(sencrypt(secretA[],hash((exp(g,x_1),exp(g,y_1))))).

11. By 10, the attacker may know sencrypt(secretA[],hash((exp(g,x_1),exp(g,y_1)))).
By 9, the attacker may know hash((exp(g,x_1),exp(g,y_1))).
Using the function sdecrypt the attacker may obtain secretA[].
attacker(secretA[]).

12. By 11, attacker(secretA[]).
The goal is reached, represented in the following fact:
attacker(secretA[]).


A more detailed output of the traces is available with
  set traceDisplay = long.

new skA: skey creating skA_2 at {1}

out(c, ~M) with ~M = pk(skA_2) at {3}

new skB: skey creating skB_2 at {4}

out(c, ~M_1) with ~M_1 = pk(skB_2) at {6}

in(c, ~M_1) with ~M_1 = pk(skB_2) at {9} in copy a

event beginBparam(pk(skB_2)) at {10} in copy a

new x: exponent creating x_2 at {11} in copy a

new Ka: nonce creating Ka_3 at {13} in copy a

out(c, (~M_2,~M_3)) with ~M_2 = encrypt((pk(skA_2),Ka_3),pk(skB_2)), ~M_3 = exp(g,x_2) at {14} in copy a

in(c, (~M_2,~M_3)) with ~M_2 = encrypt((pk(skA_2),Ka_3),pk(skB_2)), ~M_3 = exp(g,x_2) at {28} in copy a_1

event beginAparam(pk(skA_2)) at {30} in copy a_1

new Kb_1: nonce creating Kb_3 at {31} in copy a_1

new y: exponent creating y_2 at {33} in copy a_1

event beginAkey(pk(skA_2),hash((exp(g,x_2),exp(g,y_2)))) at {36} in copy a_1

out(c, (~M_4,~M_5,~M_6)) with ~M_4 = encrypt(Kb_3,pk(skA_2)), ~M_5 = exp(g,y_2), ~M_6 = keyhash((exp(g,x_2),exp(g,y_2),pk(skB_2),pk(skA_2)),hash((Ka_3,Kb_3))) at {37} in copy a_1

in(c, (~M_4,~M_5,~M_6)) with ~M_4 = encrypt(Kb_3,pk(skA_2)), ~M_5 = exp(g,y_2), ~M_6 = keyhash((exp(g,x_2),exp(g,y_2),pk(skB_2),pk(skA_2)),hash((Ka_3,Kb_3))) at {15} in copy a

event beginBkey(pk(skB_2),hash((exp(g,x_2),exp(g,y_2)))) at {20} in copy a

out(c, ~M_7) with ~M_7 = keyhash((exp(g,y_2),exp(g,x_2),pk(skA_2),pk(skB_2)),hash((Ka_3,Kb_3))) at {21} in copy a

event endAparam(pk(skA_2)) at {23} in copy a

event endAkey(pk(skA_2),hash((exp(g,x_2),exp(g,y_2)))) at {24} in copy a

out(c, ~M_8) with ~M_8 = sencrypt(secretA,hash((exp(g,x_2),exp(g,y_2)))) at {25} in copy a

The attacker has the message sdecrypt(~M_8,hash((~M_3,~M_5))) = secretA.
A trace has been found.
RESULT not attacker(secretA[]) is false.
Starting query not attacker(secretB[])
goal reachable: attacker(secretB[])

Derivation:
Abbreviations:
x_1 = x[pkX = pk(skB[]),!1 = @sid]
Ka_2 = Ka[pkX = pk(skB[]),!1 = @sid]
y_1 = y[m2_1 = exp(g,x_1),m1_1 = encrypt((pk(skA[]),Ka_2),pk(skB[])),!1 = @sid_1]
Kb_2 = Kb_1[m2_1 = exp(g,x_1),m1_1 = encrypt((pk(skA[]),Ka_2),pk(skB[])),!1 = @sid_1]

1. The message pk(skB[]) may be sent to the attacker at output {6}.
attacker(pk(skB[])).

2. The message pk(skB[]) that the attacker may have by 1 may be received at input {9}.
So the message (encrypt((pk(skA[]),Ka_2),pk(skB[])),exp(g,x_1)) may be sent to the attacker at output {14}.
attacker((encrypt((pk(skA[]),Ka_2),pk(skB[])),exp(g,x_1))).

3. By 2, the attacker may know (encrypt((pk(skA[]),Ka_2),pk(skB[])),exp(g,x_1)).
Using the function 2-proj-2-tuple the attacker may obtain exp(g,x_1).
attacker(exp(g,x_1)).

4. By 2, the attacker may know (encrypt((pk(skA[]),Ka_2),pk(skB[])),exp(g,x_1)).
Using the function 1-proj-2-tuple the attacker may obtain encrypt((pk(skA[]),Ka_2),pk(skB[])).
attacker(encrypt((pk(skA[]),Ka_2),pk(skB[]))).

5. By 4, the attacker may know encrypt((pk(skA[]),Ka_2),pk(skB[])).
By 3, the attacker may know exp(g,x_1).
Using the function 2-tuple the attacker may obtain (encrypt((pk(skA[]),Ka_2),pk(skB[])),exp(g,x_1)).
attacker((encrypt((pk(skA[]),Ka_2),pk(skB[])),exp(g,x_1))).

6. The message (encrypt((pk(skA[]),Ka_2),pk(skB[])),exp(g,x_1)) that the attacker may have by 5 may be received at input {28}.
So the message (encrypt(Kb_2,pk(skA[])),exp(g,y_1),keyhash((exp(g,x_1),exp(g,y_1),pk(skB[]),pk(skA[])),hash((Ka_2,Kb_2)))) may be sent to the attacker at output {37}.
attacker((encrypt(Kb_2,pk(skA[])),exp(g,y_1),keyhash((exp(g,x_1),exp(g,y_1),pk(skB[]),pk(skA[])),hash((Ka_2,Kb_2))))).

7. By 6, the attacker may know (encrypt(Kb_2,pk(skA[])),exp(g,y_1),keyhash((exp(g,x_1),exp(g,y_1),pk(skB[]),pk(skA[])),hash((Ka_2,Kb_2)))).
Using the function 2-proj-3-tuple the attacker may obtain exp(g,y_1).
attacker(exp(g,y_1)).

8. By 3, the attacker may know exp(g,x_1).
By 7, the attacker may know exp(g,y_1).
Using the function 2-tuple the attacker may obtain (exp(g,x_1),exp(g,y_1)).
attacker((exp(g,x_1),exp(g,y_1))).

9. By 8, the attacker may know (exp(g,x_1),exp(g,y_1)).
Using the function hash the attacker may obtain hash((exp(g,x_1),exp(g,y_1))).
attacker(hash((exp(g,x_1),exp(g,y_1)))).

10. The message pk(skB[]) that the attacker may have by 1 may be received at input {9}.
The message (encrypt(Kb_2,pk(skA[])),exp(g,y_1),keyhash((exp(g,x_1),exp(g,y_1),pk(skB[]),pk(skA[])),hash((Ka_2,Kb_2)))) that the attacker may have by 6 may be received at input {15}.
So the message keyhash((exp(g,y_1),exp(g,x_1),pk(skA[]),pk(skB[])),hash((Ka_2,Kb_2))) may be sent to the attacker at output {21}.
attacker(keyhash((exp(g,y_1),exp(g,x_1),pk(skA[]),pk(skB[])),hash((Ka_2,Kb_2)))).

11. The message (encrypt((pk(skA[]),Ka_2),pk(skB[])),exp(g,x_1)) that the attacker may have by 5 may be received at input {28}.
The message keyhash((exp(g,y_1),exp(g,x_1),pk(skA[]),pk(skB[])),hash((Ka_2,Kb_2))) that the attacker may have by 10 may be received at input {38}.
So the message sencrypt(secretB[],hash((exp(g,x_1),exp(g,y_1)))) may be sent to the attacker at output {43}.
attacker(sencrypt(secretB[],hash((exp(g,x_1),exp(g,y_1))))).

12. By 11, the attacker may know sencrypt(secretB[],hash((exp(g,x_1),exp(g,y_1)))).
By 9, the attacker may know hash((exp(g,x_1),exp(g,y_1))).
Using the function sdecrypt the attacker may obtain secretB[].
attacker(secretB[]).

13. By 12, attacker(secretB[]).
The goal is reached, represented in the following fact:
attacker(secretB[]).


A more detailed output of the traces is available with
  set traceDisplay = long.

new skA: skey creating skA_2 at {1}

out(c, ~M) with ~M = pk(skA_2) at {3}

new skB: skey creating skB_2 at {4}

out(c, ~M_1) with ~M_1 = pk(skB_2) at {6}

in(c, ~M_1) with ~M_1 = pk(skB_2) at {9} in copy a

event beginBparam(pk(skB_2)) at {10} in copy a

new x: exponent creating x_2 at {11} in copy a

new Ka: nonce creating Ka_3 at {13} in copy a

out(c, (~M_2,~M_3)) with ~M_2 = encrypt((pk(skA_2),Ka_3),pk(skB_2)), ~M_3 = exp(g,x_2) at {14} in copy a

in(c, (~M_2,~M_3)) with ~M_2 = encrypt((pk(skA_2),Ka_3),pk(skB_2)), ~M_3 = exp(g,x_2) at {28} in copy a_1

event beginAparam(pk(skA_2)) at {30} in copy a_1

new Kb_1: nonce creating Kb_3 at {31} in copy a_1

new y: exponent creating y_2 at {33} in copy a_1

event beginAkey(pk(skA_2),hash((exp(g,x_2),exp(g,y_2)))) at {36} in copy a_1

out(c, (~M_4,~M_5,~M_6)) with ~M_4 = encrypt(Kb_3,pk(skA_2)), ~M_5 = exp(g,y_2), ~M_6 = keyhash((exp(g,x_2),exp(g,y_2),pk(skB_2),pk(skA_2)),hash((Ka_3,Kb_3))) at {37} in copy a_1

in(c, (~M_4,~M_5,~M_6)) with ~M_4 = encrypt(Kb_3,pk(skA_2)), ~M_5 = exp(g,y_2), ~M_6 = keyhash((exp(g,x_2),exp(g,y_2),pk(skB_2),pk(skA_2)),hash((Ka_3,Kb_3))) at {15} in copy a

event beginBkey(pk(skB_2),hash((exp(g,x_2),exp(g,y_2)))) at {20} in copy a

out(c, ~M_7) with ~M_7 = keyhash((exp(g,y_2),exp(g,x_2),pk(skA_2),pk(skB_2)),hash((Ka_3,Kb_3))) at {21} in copy a

event endAparam(pk(skA_2)) at {23} in copy a

event endAkey(pk(skA_2),hash((exp(g,x_2),exp(g,y_2)))) at {24} in copy a

out(c, ~M_8) with ~M_8 = sencrypt(secretA,hash((exp(g,x_2),exp(g,y_2)))) at {25} in copy a

in(c, ~M_7) with ~M_7 = keyhash((exp(g,y_2),exp(g,x_2),pk(skA_2),pk(skB_2)),hash((Ka_3,Kb_3))) at {38} in copy a_1

event endBparam(pk(skB_2)) at {41} in copy a_1

event endBkey(pk(skB_2),hash((exp(g,x_2),exp(g,y_2)))) at {42} in copy a_1

out(c, ~M_9) with ~M_9 = sencrypt(secretB,hash((exp(g,x_2),exp(g,y_2)))) at {43} in copy a_1

The attacker has the message sdecrypt(~M_9,hash((~M_3,~M_5))) = secretB.
A trace has been found.
RESULT not attacker(secretB[]) is false.
-- Query inj-event(endAparam(t)) ==> inj-event(beginAparam(t)) in process 1.
Translating the process into Horn clauses...
Completing...
ok, secrecy assumption verified: fact unreachable attacker(skA[])
ok, secrecy assumption verified: fact unreachable attacker(skB[])
ok, secrecy assumption verified: fact unreachable attacker(x[pkX = v,!1 = v_1])
ok, secrecy assumption verified: fact unreachable attacker(y[m2_1 = v,m1_1 = v_1,!1 = v_2])
Starting query inj-event(endAparam(t)) ==> inj-event(beginAparam(t))
goal reachable: b-inj-event(beginAparam(pk(skA[])),@occ30_1) -> inj-event(endAparam(pk(skA[])),@occ23_1)
The hypothesis occurs strictly before the conclusion.
Abbreviations:
x_1 = x[pkX = pk(skB[]),!1 = @sid]
Ka_2 = Ka[pkX = pk(skB[]),!1 = @sid]
y_1 = y[m2_1 = exp(g,x_1),m1_1 = encrypt((pk(skA[]),Ka_2),pk(skB[])),!1 = @sid_1]
Kb_2 = Kb_1[m2_1 = exp(g,x_1),m1_1 = encrypt((pk(skA[]),Ka_2),pk(skB[])),!1 = @sid_1]
@occ23_1 = @occ23[m3 = keyhash((exp(g,x_1),exp(g,y_1),pk(skB[]),pk(skA[])),hash((Ka_2,Kb_2))),m2 = exp(g,y_1),m1 = encrypt(Kb_2,pk(skA[])),pkX = pk(skB[]),!1 = @sid]
@occ30_1 = @occ30[m2_1 = exp(g,x_1),m1_1 = encrypt((pk(skA[]),Ka_2),pk(skB[])),!1 = @sid_1]
RESULT inj-event(endAparam(t)) ==> inj-event(beginAparam(t)) is true.
-- Query inj-event(endAkey(t,z)) ==> inj-event(beginAkey(t,z)) in process 1.
Translating the process into Horn clauses...
Completing...
ok, secrecy assumption verified: fact unreachable attacker(skA[])
ok, secrecy assumption verified: fact unreachable attacker(skB[])
ok, secrecy assumption verified: fact unreachable attacker(x[pkX = v,!1 = v_1])
ok, secrecy assumption verified: fact unreachable attacker(y[m2_1 = v,m1_1 = v_1,!1 = v_2])
Starting query inj-event(endAkey(t,z)) ==> inj-event(beginAkey(t,z))
goal reachable: b-inj-event(beginAkey(pk(skA[]),hash((exp(g,x_1),exp(g,y_1)))),@occ36_1) -> inj-event(endAkey(pk(skA[]),hash((exp(g,x_1),exp(g,y_1)))),@occ24_1)
The hypothesis occurs strictly before the conclusion.
Abbreviations:
x_1 = x[pkX = pk(skB[]),!1 = @sid]
Ka_2 = Ka[pkX = pk(skB[]),!1 = @sid]
y_1 = y[m2_1 = exp(g,x_1),m1_1 = encrypt((pk(skA[]),Ka_2),pk(skB[])),!1 = @sid_1]
Kb_2 = Kb_1[m2_1 = exp(g,x_1),m1_1 = encrypt((pk(skA[]),Ka_2),pk(skB[])),!1 = @sid_1]
@occ24_1 = @occ24[m3 = keyhash((exp(g,x_1),exp(g,y_1),pk(skB[]),pk(skA[])),hash((Ka_2,Kb_2))),m2 = exp(g,y_1),m1 = encrypt(Kb_2,pk(skA[])),pkX = pk(skB[]),!1 = @sid]
@occ36_1 = @occ36[m2_1 = exp(g,x_1),m1_1 = encrypt((pk(skA[]),Ka_2),pk(skB[])),!1 = @sid_1]
RESULT inj-event(endAkey(t,z)) ==> inj-event(beginAkey(t,z)) is true.
-- Query inj-event(endBparam(t)) ==> inj-event(beginBparam(t)) in process 1.
Translating the process into Horn clauses...
Completing...
ok, secrecy assumption verified: fact unreachable attacker(skA[])
ok, secrecy assumption verified: fact unreachable attacker(skB[])
ok, secrecy assumption verified: fact unreachable attacker(x[pkX = v,!1 = v_1])
ok, secrecy assumption verified: fact unreachable attacker(y[m2_1 = v,m1_1 = v_1,!1 = v_2])
Starting query inj-event(endBparam(t)) ==> inj-event(beginBparam(t))
goal reachable: b-event(@p_act(@occ15_1,(encrypt(Kb_2,pk(skA[])),exp(g,y_1),keyhash((exp(g,x_1),exp(g,y_1),pk(skB[]),pk(skA[])),hash((Ka_2,Kb_2)))))) && b-inj-event(beginBparam(pk(skB[])),@occ10_1) -> inj-event(endBparam(pk(skB[])),@occ41_1)
The 1st, 2nd hypotheses occur strictly before the conclusion.
Abbreviations:
x_1 = x[pkX = pk(skB[]),!1 = @sid]
Ka_2 = Ka[pkX = pk(skB[]),!1 = @sid]
y_1 = y[m2_1 = exp(g,x_1),m1_1 = encrypt((pk(skA[]),Ka_2),pk(skB[])),!1 = @sid_1]
Kb_2 = Kb_1[m2_1 = exp(g,x_1),m1_1 = encrypt((pk(skA[]),Ka_2),pk(skB[])),!1 = @sid_1]
@occ41_1 = @occ41[m3_1 = keyhash((exp(g,y_1),exp(g,x_1),pk(skA[]),pk(skB[])),hash((Ka_2,Kb_2))),m2_1 = exp(g,x_1),m1_1 = encrypt((pk(skA[]),Ka_2),pk(skB[])),!1 = @sid_1]
@occ15_1 = @occ15[!1 = @sid]
@occ10_1 = @occ10[pkX = pk(skB[]),!1 = @sid]
RESULT inj-event(endBparam(t)) ==> inj-event(beginBparam(t)) is true.
-- Query inj-event(endBkey(t,z)) ==> inj-event(beginBkey(t,z)) in process 1.
Translating the process into Horn clauses...
Completing...
ok, secrecy assumption verified: fact unreachable attacker(skA[])
ok, secrecy assumption verified: fact unreachable attacker(skB[])
ok, secrecy assumption verified: fact unreachable attacker(x[pkX = v,!1 = v_1])
ok, secrecy assumption verified: fact unreachable attacker(y[m2_1 = v,m1_1 = v_1,!1 = v_2])
Starting query inj-event(endBkey(t,z)) ==> inj-event(beginBkey(t,z))
goal reachable: b-inj-event(beginBkey(pk(skB[]),hash((exp(g,x_1),exp(g,y_1)))),@occ20_1) -> inj-event(endBkey(pk(skB[]),hash((exp(g,x_1),exp(g,y_1)))),@occ42_1)
The hypothesis occurs strictly before the conclusion.
Abbreviations:
x_1 = x[pkX = pk(skB[]),!1 = @sid]
Ka_2 = Ka[pkX = pk(skB[]),!1 = @sid]
y_1 = y[m2_1 = exp(g,x_1),m1_1 = encrypt((pk(skA[]),Ka_2),pk(skB[])),!1 = @sid_1]
Kb_2 = Kb_1[m2_1 = exp(g,x_1),m1_1 = encrypt((pk(skA[]),Ka_2),pk(skB[])),!1 = @sid_1]
@occ42_1 = @occ42[m3_1 = keyhash((exp(g,y_1),exp(g,x_1),pk(skA[]),pk(skB[])),hash((Ka_2,Kb_2))),m2_1 = exp(g,x_1),m1_1 = encrypt((pk(skA[]),Ka_2),pk(skB[])),!1 = @sid_1]
@occ20_1 = @occ20[m3 = keyhash((exp(g,x_1),exp(g,y_1),pk(skB[]),pk(skA[])),hash((Ka_2,Kb_2))),m2 = exp(g,y_1),m1 = encrypt(Kb_2,pk(skA[])),pkX = pk(skB[]),!1 = @sid]
RESULT inj-event(endBkey(t,z)) ==> inj-event(beginBkey(t,z)) is true.

--------------------------------------------------------------
Verification summary:

Query not attacker(secretA[]) is false.

Query not attacker(secretB[]) is false.

Query inj-event(endAparam(t)) ==> inj-event(beginAparam(t)) is true.

Query inj-event(endAkey(t,z)) ==> inj-event(beginAkey(t,z)) is true.

Query inj-event(endBparam(t)) ==> inj-event(beginBparam(t)) is true.

Query inj-event(endBkey(t,z)) ==> inj-event(beginBkey(t,z)) is true.

--------------------------------------------------------------

