Linear part:
exp(exp(g,x),y) = exp(exp(g,y),x)
Completing equations...
Completed equations:
exp(exp(g,x),y) = exp(exp(g,y),x)
Convergent part: No equation.
Process 0 (that is, the initial process):
{1}new skA: skey;
{2}let pkA: pkey = pk(skA) in
{3}out(c, pkA);
{4}new skB: skey;
{5}let pkB: pkey = pk(skB) in
{6}out(c, pkB);
(
    {7}!
    {8}let skA_1: skey = skA in
    {9}in(c, pkX: pkey);
    {10}event beginBparam(pkX);
    {11}new x: exponent;
    {12}let gx: bitstring = exp(g,x) in
    {13}new Ka: nonce;
    {14}out(c, (encrypt((pkA,Ka),pkX),gx));
    {15}in(c, (m1: bitstring,m2: bitstring,m3: bitstring));
    {16}let Kb: nonce = decrypt(m1,skA_1) in
    {17}let K0: key = hash((Ka,Kb)) in
    {18}if (m3 = keyhash((gx,m2,pkX,pkA),K0)) then
    {19}let sh: key = hash(exp(m2,x)) in
    {20}event beginBkey(pkX,sh);
    {21}out(c, keyhash((m2,gx,pkA,pkX),K0));
    {22}if (pkX = pkB) then
    {23}event endAparam(pkA);
    {24}event endAkey(pkA,sh);
    {25}out(c, sencrypt(secretA,sh))
) | (
    {26}!
    {27}let skB_1: skey = skB in
    {28}in(c, (m1_1: bitstring,m2_1: bitstring));
    {29}let (pkAr: pkey,Ka_1: nonce) = decrypt(m1_1,skB_1) in
    {30}event beginAparam(pkAr);
    {31}new Kb_1: nonce;
    {32}let K0_1: key = hash((Ka_1,Kb_1)) in
    {33}new y: exponent;
    {34}let gy: bitstring = exp(g,y) in
    {35}let sh_1: key = hash(exp(m2_1,y)) in
    {36}event beginAkey(pkAr,sh_1);
    {37}out(c, (encrypt(Kb_1,pkAr),gy,keyhash((m2_1,gy,pkB,pkAr),K0_1)));
    {38}in(c, m3_1: bitstring);
    {39}if (pkAr = pkA) then
    {40}event endBparam(pkB);
    {41}event endBkey(pkB,sh_1);
    {42}out(c, sencrypt(secretB,sh_1))
)

--  Process 1 (that is, process 0, with let moved downwards):
{1}new skA: skey;
{2}let pkA: pkey = pk(skA) in
{3}out(c, pkA);
{4}new skB: skey;
{5}let pkB: pkey = pk(skB) in
{6}out(c, pkB);
(
    {7}!
    {9}in(c, pkX: pkey);
    {10}event beginBparam(pkX);
    {11}new x: exponent;
    {13}new Ka: nonce;
    {12}let gx: bitstring = exp(g,x) in
    {14}out(c, (encrypt((pkA,Ka),pkX),gx));
    {15}in(c, (m1: bitstring,m2: bitstring,m3: bitstring));
    {8}let skA_1: skey = skA in
    {16}let Kb: nonce = decrypt(m1,skA_1) in
    {17}let K0: key = hash((Ka,Kb)) in
    {18}if (m3 = keyhash((gx,m2,pkX,pkA),K0)) then
    {19}let sh: key = hash(exp(m2,x)) in
    {20}event beginBkey(pkX,sh);
    {21}out(c, keyhash((m2,gx,pkA,pkX),K0));
    {22}if (pkX = pkB) then
    {23}event endAparam(pkA);
    {24}event endAkey(pkA,sh);
    {25}out(c, sencrypt(secretA,sh))
) | (
    {26}!
    {28}in(c, (m1_1: bitstring,m2_1: bitstring));
    {27}let skB_1: skey = skB in
    {29}let (pkAr: pkey,Ka_1: nonce) = decrypt(m1_1,skB_1) in
    {30}event beginAparam(pkAr);
    {31}new Kb_1: nonce;
    {33}new y: exponent;
    {35}let sh_1: key = hash(exp(m2_1,y)) in
    {36}event beginAkey(pkAr,sh_1);
    {34}let gy: bitstring = exp(g,y) in
    {32}let K0_1: key = hash((Ka_1,Kb_1)) in
    {37}out(c, (encrypt(Kb_1,pkAr),gy,keyhash((m2_1,gy,pkB,pkAr),K0_1)));
    {38}in(c, m3_1: bitstring);
    {39}if (pkAr = pkA) then
    {40}event endBparam(pkB);
    {41}event endBkey(pkB,sh_1);
    {42}out(c, sencrypt(secretB,sh_1))
)

-- Query 
   not attacker(secretA[])
   not attacker(secretB[])
 in process 1.
Translating the process into Horn clauses...
Completing...
ok, secrecy assumption verified: fact unreachable attacker(skA[])
ok, secrecy assumption verified: fact unreachable attacker(skB[])
ok, secrecy assumption verified: fact unreachable attacker(x[pkX = v,!1 = v_1])
ok, secrecy assumption verified: fact unreachable attacker(y[m2_1 = v,m1_1 = v_1,!1 = v_2])
Starting query not attacker(secretA[])
RESULT not attacker(secretA[]) is true.
Starting query not attacker(secretB[])
goal reachable: attacker(secretB[])

Derivation:
Abbreviations:
Ka_2 = Ka[pkX = pk(skB[]),!1 = @sid]
y_1 = y[m2_1 = g,m1_1 = encrypt((pk(skA[]),Ka_2),pk(skB[])),!1 = @sid_1]
Kb_2 = Kb_1[m2_1 = g,m1_1 = encrypt((pk(skA[]),Ka_2),pk(skB[])),!1 = @sid_1]
x_1 = x[pkX = pk(skB[]),!1 = @sid]

1. Using the function g the attacker may obtain g.
attacker(g).

2. The message pk(skB[]) may be sent to the attacker at output {6}.
attacker(pk(skB[])).

3. The message pk(skB[]) that the attacker may have by 2 may be received at input {9}.
So the message (encrypt((pk(skA[]),Ka_2),pk(skB[])),exp(g,x_1)) may be sent to the attacker at output {14}.
attacker((encrypt((pk(skA[]),Ka_2),pk(skB[])),exp(g,x_1))).

4. By 3, the attacker may know (encrypt((pk(skA[]),Ka_2),pk(skB[])),exp(g,x_1)).
Using the function 1-proj-2-tuple the attacker may obtain encrypt((pk(skA[]),Ka_2),pk(skB[])).
attacker(encrypt((pk(skA[]),Ka_2),pk(skB[]))).

5. By 4, the attacker may know encrypt((pk(skA[]),Ka_2),pk(skB[])).
By 1, the attacker may know g.
Using the function 2-tuple the attacker may obtain (encrypt((pk(skA[]),Ka_2),pk(skB[])),g).
attacker((encrypt((pk(skA[]),Ka_2),pk(skB[])),g)).

6. The message (encrypt((pk(skA[]),Ka_2),pk(skB[])),g) that the attacker may have by 5 may be received at input {28}.
So the message (encrypt(Kb_2,pk(skA[])),exp(g,y_1),keyhash((g,exp(g,y_1),pk(skB[]),pk(skA[])),hash((Ka_2,Kb_2)))) may be sent to the attacker at output {37}.
attacker((encrypt(Kb_2,pk(skA[])),exp(g,y_1),keyhash((g,exp(g,y_1),pk(skB[]),pk(skA[])),hash((Ka_2,Kb_2))))).

7. By 6, the attacker may know (encrypt(Kb_2,pk(skA[])),exp(g,y_1),keyhash((g,exp(g,y_1),pk(skB[]),pk(skA[])),hash((Ka_2,Kb_2)))).
Using the function 2-proj-3-tuple the attacker may obtain exp(g,y_1).
attacker(exp(g,y_1)).

8. By 7, the attacker may know exp(g,y_1).
Using the function hash the attacker may obtain hash(exp(g,y_1)).
attacker(hash(exp(g,y_1))).

9. The attacker has some term m3_2.
attacker(m3_2).

10. The message (encrypt((pk(skA[]),Ka_2),pk(skB[])),g) that the attacker may have by 5 may be received at input {28}.
The message m3_2 that the attacker may have by 9 may be received at input {38}.
So the message sencrypt(secretB[],hash(exp(g,y_1))) may be sent to the attacker at output {42}.
attacker(sencrypt(secretB[],hash(exp(g,y_1)))).

11. By 10, the attacker may know sencrypt(secretB[],hash(exp(g,y_1))).
By 8, the attacker may know hash(exp(g,y_1)).
Using the function sdecrypt the attacker may obtain secretB[].
attacker(secretB[]).

12. By 11, attacker(secretB[]).
The goal is reached, represented in the following fact:
attacker(secretB[]).


A more detailed output of the traces is available with
  set traceDisplay = long.

new skA: skey creating skA_2 at {1}

out(c, ~M) with ~M = pk(skA_2) at {3}

new skB: skey creating skB_2 at {4}

out(c, ~M_1) with ~M_1 = pk(skB_2) at {6}

in(c, ~M_1) with ~M_1 = pk(skB_2) at {9} in copy a

event beginBparam(pk(skB_2)) at {10} in copy a

new x: exponent creating x_2 at {11} in copy a

new Ka: nonce creating Ka_3 at {13} in copy a

out(c, (~M_2,~M_3)) with ~M_2 = encrypt((pk(skA_2),Ka_3),pk(skB_2)), ~M_3 = exp(g,x_2) at {14} in copy a

in(c, (~M_2,g)) with ~M_2 = encrypt((pk(skA_2),Ka_3),pk(skB_2)) at {28} in copy a_1

event beginAparam(pk(skA_2)) at {30} in copy a_1

new Kb_1: nonce creating Kb_3 at {31} in copy a_1

new y: exponent creating y_2 at {33} in copy a_1

event beginAkey(pk(skA_2),hash(exp(g,y_2))) at {36} in copy a_1

out(c, (~M_4,~M_5,~M_6)) with ~M_4 = encrypt(Kb_3,pk(skA_2)), ~M_5 = exp(g,y_2), ~M_6 = keyhash((g,exp(g,y_2),pk(skB_2),pk(skA_2)),hash((Ka_3,Kb_3))) at {37} in copy a_1

in(c, a_2) at {38} in copy a_1

event endBparam(pk(skB_2)) at {40} in copy a_1

event endBkey(pk(skB_2),hash(exp(g,y_2))) at {41} in copy a_1

out(c, ~M_7) with ~M_7 = sencrypt(secretB,hash(exp(g,y_2))) at {42} in copy a_1

The attacker has the message sdecrypt(~M_7,hash(~M_5)) = secretB.
A trace has been found.
RESULT not attacker(secretB[]) is false.
-- Query inj-event(endAparam(t)) ==> inj-event(beginAparam(t)) in process 1.
Translating the process into Horn clauses...
Completing...
ok, secrecy assumption verified: fact unreachable attacker(skA[])
ok, secrecy assumption verified: fact unreachable attacker(skB[])
ok, secrecy assumption verified: fact unreachable attacker(x[pkX = v,!1 = v_1])
ok, secrecy assumption verified: fact unreachable attacker(y[m2_1 = v,m1_1 = v_1,!1 = v_2])
Starting query inj-event(endAparam(t)) ==> inj-event(beginAparam(t))
goal reachable: b-inj-event(beginAparam(pk(skA[])),@occ30_1) -> inj-event(endAparam(pk(skA[])),@occ23_1)
The hypothesis occurs strictly before the conclusion.
Abbreviations:
x_1 = x[pkX = pk(skB[]),!1 = @sid]
Ka_2 = Ka[pkX = pk(skB[]),!1 = @sid]
y_1 = y[m2_1 = exp(g,x_1),m1_1 = encrypt((pk(skA[]),Ka_2),pk(skB[])),!1 = @sid_1]
Kb_2 = Kb_1[m2_1 = exp(g,x_1),m1_1 = encrypt((pk(skA[]),Ka_2),pk(skB[])),!1 = @sid_1]
@occ23_1 = @occ23[m3 = keyhash((exp(g,x_1),exp(g,y_1),pk(skB[]),pk(skA[])),hash((Ka_2,Kb_2))),m2 = exp(g,y_1),m1 = encrypt(Kb_2,pk(skA[])),pkX = pk(skB[]),!1 = @sid]
@occ30_1 = @occ30[m2_1 = exp(g,x_1),m1_1 = encrypt((pk(skA[]),Ka_2),pk(skB[])),!1 = @sid_1]
RESULT inj-event(endAparam(t)) ==> inj-event(beginAparam(t)) is true.
-- Query inj-event(endAkey(t,z)) ==> inj-event(beginAkey(t,z)) in process 1.
Translating the process into Horn clauses...
Completing...
select attacker(exp(g,x_1))/-5000
200 rules inserted. Base: 130 rules (64 with conclusion selected). Queue: 15 rules.
ok, secrecy assumption verified: fact unreachable attacker(skA[])
ok, secrecy assumption verified: fact unreachable attacker(skB[])
ok, secrecy assumption verified: fact unreachable attacker(x[pkX = v,!1 = v_1])
ok, secrecy assumption verified: fact unreachable attacker(y[m2_1 = v,m1_1 = v_1,!1 = v_2])
Starting query inj-event(endAkey(t,z)) ==> inj-event(beginAkey(t,z))
goal reachable: b-inj-event(beginAkey(pk(skA[]),hash(exp(exp(g,x_1),y_1))),@occ36_1) -> inj-event(endAkey(pk(skA[]),hash(exp(exp(g,y_1),x_1))),@occ24_1)
The hypothesis occurs strictly before the conclusion.
Abbreviations:
x_1 = x[pkX = pk(skB[]),!1 = @sid]
Ka_2 = Ka[pkX = pk(skB[]),!1 = @sid]
y_1 = y[m2_1 = exp(g,x_1),m1_1 = encrypt((pk(skA[]),Ka_2),pk(skB[])),!1 = @sid_1]
Kb_2 = Kb_1[m2_1 = exp(g,x_1),m1_1 = encrypt((pk(skA[]),Ka_2),pk(skB[])),!1 = @sid_1]
@occ24_1 = @occ24[m3 = keyhash((exp(g,x_1),exp(g,y_1),pk(skB[]),pk(skA[])),hash((Ka_2,Kb_2))),m2 = exp(g,y_1),m1 = encrypt(Kb_2,pk(skA[])),pkX = pk(skB[]),!1 = @sid]
@occ36_1 = @occ36[m2_1 = exp(g,x_1),m1_1 = encrypt((pk(skA[]),Ka_2),pk(skB[])),!1 = @sid_1]
RESULT inj-event(endAkey(t,z)) ==> inj-event(beginAkey(t,z)) is true.
-- Query inj-event(endBparam(t)) ==> inj-event(beginBparam(t)) in process 1.
Translating the process into Horn clauses...
Completing...
ok, secrecy assumption verified: fact unreachable attacker(skA[])
ok, secrecy assumption verified: fact unreachable attacker(skB[])
ok, secrecy assumption verified: fact unreachable attacker(x[pkX = v,!1 = v_1])
ok, secrecy assumption verified: fact unreachable attacker(y[m2_1 = v,m1_1 = v_1,!1 = v_2])
Starting query inj-event(endBparam(t)) ==> inj-event(beginBparam(t))
goal reachable: attacker(m3_2) && attacker(Ka_2) && attacker(m2_2) -> inj-event(endBparam(pk(skB[])),@occ40_1)
Abbreviations:
@occ40_1 = @occ40[m3_1 = m3_2,m2_1 = m2_2,m1_1 = encrypt((pk(skA[]),Ka_2),pk(skB[])),!1 = @sid]

Derivation:
Abbreviations:
@occ40_1 = @occ40[m3_1 = m3_2,m2_1 = m2_2,m1_1 = encrypt((pk(skA[]),Ka_2),pk(skB[])),!1 = @sid]

1. We assume as hypothesis that
attacker(m2_2).

2. The message pk(skB[]) may be sent to the attacker at output {6}.
attacker(pk(skB[])).

3. We assume as hypothesis that
attacker(Ka_2).

4. The message pk(skA[]) may be sent to the attacker at output {3}.
attacker(pk(skA[])).

5. By 4, the attacker may know pk(skA[]).
By 3, the attacker may know Ka_2.
Using the function 2-tuple the attacker may obtain (pk(skA[]),Ka_2).
attacker((pk(skA[]),Ka_2)).

6. By 5, the attacker may know (pk(skA[]),Ka_2).
By 2, the attacker may know pk(skB[]).
Using the function encrypt the attacker may obtain encrypt((pk(skA[]),Ka_2),pk(skB[])).
attacker(encrypt((pk(skA[]),Ka_2),pk(skB[]))).

7. By 6, the attacker may know encrypt((pk(skA[]),Ka_2),pk(skB[])).
By 1, the attacker may know m2_2.
Using the function 2-tuple the attacker may obtain (encrypt((pk(skA[]),Ka_2),pk(skB[])),m2_2).
attacker((encrypt((pk(skA[]),Ka_2),pk(skB[])),m2_2)).

8. We assume as hypothesis that
attacker(m3_2).

9. The message (encrypt((pk(skA[]),Ka_2),pk(skB[])),m2_2) that the attacker may have by 7 may be received at input {28}.
The message m3_2 that the attacker may have by 8 may be received at input {38}.
So event endBparam(pk(skB[])) may be executed at {40} in session @sid.
inj-event(endBparam(pk(skB[])),@occ40_1).

10. By 9, inj-event(endBparam(pk(skB[])),@occ40_1).
The goal is reached, represented in the following fact:
inj-event(endBparam(pk(skB[])),@occ40_1).


A more detailed output of the traces is available with
  set traceDisplay = long.

new skA: skey creating skA_2 at {1}

out(c, ~M) with ~M = pk(skA_2) at {3}

new skB: skey creating skB_2 at {4}

out(c, ~M_1) with ~M_1 = pk(skB_2) at {6}

in(c, (encrypt((~M,a),~M_1),a_1)) with encrypt((~M,a),~M_1) = encrypt((pk(skA_2),a),pk(skB_2)) at {28} in copy a_2

event beginAparam(pk(skA_2)) at {30} in copy a_2

new Kb_1: nonce creating Kb_2 at {31} in copy a_2

new y: exponent creating y_1 at {33} in copy a_2

event beginAkey(pk(skA_2),hash(exp(a_1,y_1))) at {36} in copy a_2

out(c, (~M_2,~M_3,~M_4)) with ~M_2 = encrypt(Kb_2,pk(skA_2)), ~M_3 = exp(g,y_1), ~M_4 = keyhash((a_1,exp(g,y_1),pk(skB_2),pk(skA_2)),hash((a,Kb_2))) at {37} in copy a_2

in(c, a_3) at {38} in copy a_2

event endBparam(pk(skB_2)) at {40} in copy a_2 (goal)

The event endBparam(pk(skB_2)) is executed at {40} in copy a_2.
A trace has been found.
RESULT inj-event(endBparam(t)) ==> inj-event(beginBparam(t)) is false.
RESULT (even event(endBparam(t)) ==> event(beginBparam(t)) is false.)
-- Query inj-event(endBkey(t,z)) ==> inj-event(beginBkey(t,z)) in process 1.
Translating the process into Horn clauses...
Completing...
ok, secrecy assumption verified: fact unreachable attacker(skA[])
ok, secrecy assumption verified: fact unreachable attacker(skB[])
ok, secrecy assumption verified: fact unreachable attacker(x[pkX = v,!1 = v_1])
ok, secrecy assumption verified: fact unreachable attacker(y[m2_1 = v,m1_1 = v_1,!1 = v_2])
Starting query inj-event(endBkey(t,z)) ==> inj-event(beginBkey(t,z))
goal reachable: attacker(m3_2) && attacker(Ka_2) && attacker(m2_2) -> inj-event(endBkey(pk(skB[]),hash(exp(m2_2,y_1))),@occ41_1)
Abbreviations:
y_1 = y[m2_1 = m2_2,m1_1 = encrypt((pk(skA[]),Ka_2),pk(skB[])),!1 = @sid]
@occ41_1 = @occ41[m3_1 = m3_2,m2_1 = m2_2,m1_1 = encrypt((pk(skA[]),Ka_2),pk(skB[])),!1 = @sid]

Derivation:
Abbreviations:
y_1 = y[m2_1 = m2_2,m1_1 = encrypt((pk(skA[]),Ka_2),pk(skB[])),!1 = @sid]
@occ41_1 = @occ41[m3_1 = m3_2,m2_1 = m2_2,m1_1 = encrypt((pk(skA[]),Ka_2),pk(skB[])),!1 = @sid]

1. We assume as hypothesis that
attacker(m2_2).

2. The message pk(skB[]) may be sent to the attacker at output {6}.
attacker(pk(skB[])).

3. We assume as hypothesis that
attacker(Ka_2).

4. The message pk(skA[]) may be sent to the attacker at output {3}.
attacker(pk(skA[])).

5. By 4, the attacker may know pk(skA[]).
By 3, the attacker may know Ka_2.
Using the function 2-tuple the attacker may obtain (pk(skA[]),Ka_2).
attacker((pk(skA[]),Ka_2)).

6. By 5, the attacker may know (pk(skA[]),Ka_2).
By 2, the attacker may know pk(skB[]).
Using the function encrypt the attacker may obtain encrypt((pk(skA[]),Ka_2),pk(skB[])).
attacker(encrypt((pk(skA[]),Ka_2),pk(skB[]))).

7. By 6, the attacker may know encrypt((pk(skA[]),Ka_2),pk(skB[])).
By 1, the attacker may know m2_2.
Using the function 2-tuple the attacker may obtain (encrypt((pk(skA[]),Ka_2),pk(skB[])),m2_2).
attacker((encrypt((pk(skA[]),Ka_2),pk(skB[])),m2_2)).

8. We assume as hypothesis that
attacker(m3_2).

9. The message (encrypt((pk(skA[]),Ka_2),pk(skB[])),m2_2) that the attacker may have by 7 may be received at input {28}.
The message m3_2 that the attacker may have by 8 may be received at input {38}.
So event endBkey(pk(skB[]),hash(exp(m2_2,y_1))) may be executed at {41} in session @sid.
inj-event(endBkey(pk(skB[]),hash(exp(m2_2,y_1))),@occ41_1).

10. By 9, inj-event(endBkey(pk(skB[]),hash(exp(m2_2,y_1))),@occ41_1).
The goal is reached, represented in the following fact:
inj-event(endBkey(pk(skB[]),hash(exp(m2_2,y_1))),@occ41_1).


A more detailed output of the traces is available with
  set traceDisplay = long.

new skA: skey creating skA_2 at {1}

out(c, ~M) with ~M = pk(skA_2) at {3}

new skB: skey creating skB_2 at {4}

out(c, ~M_1) with ~M_1 = pk(skB_2) at {6}

in(c, (encrypt((~M,a),~M_1),a_1)) with encrypt((~M,a),~M_1) = encrypt((pk(skA_2),a),pk(skB_2)) at {28} in copy a_2

event beginAparam(pk(skA_2)) at {30} in copy a_2

new Kb_1: nonce creating Kb_2 at {31} in copy a_2

new y: exponent creating y_2 at {33} in copy a_2

event beginAkey(pk(skA_2),hash(exp(a_1,y_2))) at {36} in copy a_2

out(c, (~M_2,~M_3,~M_4)) with ~M_2 = encrypt(Kb_2,pk(skA_2)), ~M_3 = exp(g,y_2), ~M_4 = keyhash((a_1,exp(g,y_2),pk(skB_2),pk(skA_2)),hash((a,Kb_2))) at {37} in copy a_2

in(c, a_3) at {38} in copy a_2

event endBparam(pk(skB_2)) at {40} in copy a_2

event endBkey(pk(skB_2),hash(exp(a_1,y_2))) at {41} in copy a_2 (goal)

The event endBkey(pk(skB_2),hash(exp(a_1,y_2))) is executed at {41} in copy a_2.
A trace has been found.
RESULT inj-event(endBkey(t,z)) ==> inj-event(beginBkey(t,z)) is false.
RESULT (even event(endBkey(t,z)) ==> event(beginBkey(t,z)) is false.)

--------------------------------------------------------------
Verification summary:

Query not attacker(secretA[]) is true.

Query not attacker(secretB[]) is false.

Query inj-event(endAparam(t)) ==> inj-event(beginAparam(t)) is true.

Query inj-event(endAkey(t,z)) ==> inj-event(beginAkey(t,z)) is true.

Query inj-event(endBparam(t)) ==> inj-event(beginBparam(t)) is false.

Query inj-event(endBkey(t,z)) ==> inj-event(beginBkey(t,z)) is false.

--------------------------------------------------------------

