Process 0 (that is, the initial process):
{1}new Kas: key;
{2}new Kbs: key;
{3}insert keys(A,Kas);
{4}insert keys(B,Kbs);
(
    {5}!
    {6}in(c, (xA: host,xB0: host));
    {7}if ((xA = A) || (xA = B)) then
    {19}get keys(=xA,kA: key) in
    {8}event beginBparam(xA,xB0);
    {9}new C: nonce;
    {10}new Na: nonce;
    {11}out(c, (C,xA,xB0,encrypt((Na,C,xA,xB0),kA)));
    {12}in(c, (=C,m2: bitstring));
    {13}let (=Na,k: key) = decrypt(m2,kA) in
    {14}event beginBkey(xA,xB0,k);
    {15}if ((xB0 = A) || (xB0 = B)) then
    {16}event endAparam(xA,xB0);
    {17}event endAkey(xA,xB0,k);
    {18}out(c, encrypt(secretA,k))
) | (
    {20}!
    {21}in(c, xB: host);
    {22}if ((xB = A) || (xB = B)) then
    {35}get keys(=xB,kB: key) in
    {23}in(c, (C1: nonce,xA1: host,=xB,m2_1: bitstring));
    {24}event beginAparam(xA1,xB);
    {25}new Nb: nonce;
    {26}out(c, (C1,xA1,xB,m2_1,encrypt((Nb,C1,xA1,xB),kB)));
    {27}in(c, (=C1,m3: bitstring,m4: bitstring));
    {28}let (=Nb,k_1: key) = decrypt(m4,kB) in
    {29}event beginAkey(xA1,xB,k_1);
    {30}out(c, (C1,m3));
    {31}if ((xA1 = A) || (xA1 = B)) then
    {32}event endBparam(xA1,xB);
    {33}event endBkey(xA1,xB,k_1);
    {34}out(c, encrypt(secretB,k_1))
) | (
    {36}!
    {37}in(c, (C1_1: nonce,xA1_1: host,xB1: host,m2_2: bitstring,m3_1: bitstring));
    {43}get keys(=xA1_1,kA1: key) in
    {42}get keys(=xB1,kB1: key) in
    {38}let (Na1: nonce,=C1_1,=xA1_1,=xB1) = decrypt(m2_2,kA1) in
    {39}let (Nb1: nonce,=C1_1,=xA1_1,=xB1) = decrypt(m3_1,kB1) in
    {40}new k_2: key;
    {41}out(c, (C1_1,encrypt((Na1,k_2),kA1),encrypt((Nb1,k_2),kB1)))
) | (
    {44}!
    {45}in(c, (h: host,k_3: key));
    {46}if ((h ≠ A) || (h ≠ B)) then
    {47}insert keys(h,k_3)
)

-- Query 
   not attacker(secretA[])
   not attacker(secretB[])
 in process 0.
Translating the process into Horn clauses...
Completing...
200 rules inserted. Base: 107 rules (36 with conclusion selected). Queue: 129 rules.
400 rules inserted. Base: 182 rules (67 with conclusion selected). Queue: 237 rules.
600 rules inserted. Base: 218 rules (97 with conclusion selected). Queue: 244 rules.
800 rules inserted. Base: 237 rules (116 with conclusion selected). Queue: 217 rules.
1000 rules inserted. Base: 247 rules (126 with conclusion selected). Queue: 148 rules.
1200 rules inserted. Base: 260 rules (139 with conclusion selected). Queue: 37 rules.
ok, secrecy assumption verified: fact unreachable attacker(Kas[])
ok, secrecy assumption verified: fact unreachable attacker(Kbs[])
Starting query not attacker(secretA[])
goal reachable: attacker(secretA[])

Derivation:
Abbreviations:
C_1 = C[kA = y,xB0 = B[],xA = B[],!1 = @sid]
Na_1 = Na[kA = y,xB0 = B[],xA = B[],!1 = @sid]

1. The attacker has some term y_1.
attacker(y_1).

2. The attacker initially knows B[].
attacker(B[]).

3. By 2, the attacker may know B[].
By 2, the attacker may know B[].
Using the function 2-tuple the attacker may obtain (B[],B[]).
attacker((B[],B[])).

4. The attacker has some term y.
attacker(y).

5. By 2, the attacker may know B[].
By 4, the attacker may know y.
Using the function 2-tuple the attacker may obtain (B[],y).
attacker((B[],y)).

6. The message (B[],y) that the attacker may have by 5 may be received at input {45}.
We have B[] ≠ A[].
So the entry keys(B[],y) may be inserted in a table at insert {47}.
table(keys(B[],y)).

7. The message (B[],y) that the attacker may have by 5 may be received at input {45}.
We have B[] ≠ A[].
So the entry keys(B[],y) may be inserted in a table at insert {47}.
table(keys(B[],y)).

8. The message (B[],B[]) that the attacker may have by 3 may be received at input {6}.
The entry keys(B[],y) that may be in a table by 7 may be read at get {19}.
So the message (C_1,B[],B[],encrypt((Na_1,C_1,B[],B[]),y)) may be sent to the attacker at output {11}.
attacker((C_1,B[],B[],encrypt((Na_1,C_1,B[],B[]),y))).

9. By 8, the attacker may know (C_1,B[],B[],encrypt((Na_1,C_1,B[],B[]),y)).
Using the function 4-proj-4-tuple the attacker may obtain encrypt((Na_1,C_1,B[],B[]),y).
attacker(encrypt((Na_1,C_1,B[],B[]),y)).

10. By 9, the attacker may know encrypt((Na_1,C_1,B[],B[]),y).
By 4, the attacker may know y.
Using the function decrypt the attacker may obtain (Na_1,C_1,B[],B[]).
attacker((Na_1,C_1,B[],B[])).

11. By 10, the attacker may know (Na_1,C_1,B[],B[]).
Using the function 1-proj-4-tuple the attacker may obtain Na_1.
attacker(Na_1).

12. By 11, the attacker may know Na_1.
By 1, the attacker may know y_1.
Using the function 2-tuple the attacker may obtain (Na_1,y_1).
attacker((Na_1,y_1)).

13. By 12, the attacker may know (Na_1,y_1).
By 4, the attacker may know y.
Using the function encrypt the attacker may obtain encrypt((Na_1,y_1),y).
attacker(encrypt((Na_1,y_1),y)).

14. By 8, the attacker may know (C_1,B[],B[],encrypt((Na_1,C_1,B[],B[]),y)).
Using the function 1-proj-4-tuple the attacker may obtain C_1.
attacker(C_1).

15. By 14, the attacker may know C_1.
By 13, the attacker may know encrypt((Na_1,y_1),y).
Using the function 2-tuple the attacker may obtain (C_1,encrypt((Na_1,y_1),y)).
attacker((C_1,encrypt((Na_1,y_1),y))).

16. The message (B[],B[]) that the attacker may have by 3 may be received at input {6}.
The entry keys(B[],y) that may be in a table by 6 may be read at get {19}.
The message (C_1,encrypt((Na_1,y_1),y)) that the attacker may have by 15 may be received at input {12}.
So the message encrypt(secretA[],y_1) may be sent to the attacker at output {18}.
attacker(encrypt(secretA[],y_1)).

17. By 16, the attacker may know encrypt(secretA[],y_1).
By 1, the attacker may know y_1.
Using the function decrypt the attacker may obtain secretA[].
attacker(secretA[]).

18. By 17, attacker(secretA[]).
The goal is reached, represented in the following fact:
attacker(secretA[]).


A more detailed output of the traces is available with
  set traceDisplay = long.

new Kas: key creating Kas_1 at {1}

new Kbs: key creating Kbs_1 at {2}

insert keys(A,Kas_1) at {3}

insert keys(B,Kbs_1) at {4}

in(c, (B,B)) at {6} in copy a

in(c, (B,a_1)) at {45} in copy a_2

insert keys(B,a_1) at {47} in copy a_2

get keys(B,a_1) at {19} in copy a

event beginBparam(B,B) at {8} in copy a

new C: nonce creating C_2 at {9} in copy a

new Na: nonce creating Na_2 at {10} in copy a

out(c, (~M,~M_1,~M_2,~M_3)) with ~M = C_2, ~M_1 = B, ~M_2 = B, ~M_3 = encrypt((Na_2,C_2,B,B),a_1) at {11} in copy a

in(c, (~M,encrypt((1-proj-4-tuple(decrypt(~M_3,a_1)),a_3),a_1))) with ~M = C_2, encrypt((1-proj-4-tuple(decrypt(~M_3,a_1)),a_3),a_1) = encrypt((Na_2,a_3),a_1) at {12} in copy a

event beginBkey(B,B,a_3) at {14} in copy a

event endAparam(B,B) at {16} in copy a

event endAkey(B,B,a_3) at {17} in copy a

out(c, ~M_4) with ~M_4 = encrypt(secretA,a_3) at {18} in copy a

The attacker has the message decrypt(~M_4,a_3) = secretA.
A trace has been found.
RESULT not attacker(secretA[]) is false.
Starting query not attacker(secretB[])
goal reachable: attacker(secretB[])

Derivation:
Abbreviations:
Nb_1 = Nb[m2_1 = m2_3,xA1 = B[],C1 = C1_2,kB = y,xB = B[],!1 = @sid]

1. The attacker has some term y_1.
attacker(y_1).

2. The attacker initially knows B[].
attacker(B[]).

3. The attacker has some term y.
attacker(y).

4. By 2, the attacker may know B[].
By 3, the attacker may know y.
Using the function 2-tuple the attacker may obtain (B[],y).
attacker((B[],y)).

5. The message (B[],y) that the attacker may have by 4 may be received at input {45}.
We have B[] ≠ A[].
So the entry keys(B[],y) may be inserted in a table at insert {47}.
table(keys(B[],y)).

6. The attacker has some term m2_3.
attacker(m2_3).

7. The attacker has some term C1_2.
attacker(C1_2).

8. By 7, the attacker may know C1_2.
By 2, the attacker may know B[].
By 2, the attacker may know B[].
By 6, the attacker may know m2_3.
Using the function 4-tuple the attacker may obtain (C1_2,B[],B[],m2_3).
attacker((C1_2,B[],B[],m2_3)).

9. The message (B[],y) that the attacker may have by 4 may be received at input {45}.
We have B[] ≠ A[].
So the entry keys(B[],y) may be inserted in a table at insert {47}.
table(keys(B[],y)).

10. The message B[] that the attacker may have by 2 may be received at input {21}.
The entry keys(B[],y) that may be in a table by 9 may be read at get {35}.
The message (C1_2,B[],B[],m2_3) that the attacker may have by 8 may be received at input {23}.
So the message (C1_2,B[],B[],m2_3,encrypt((Nb_1,C1_2,B[],B[]),y)) may be sent to the attacker at output {26}.
attacker((C1_2,B[],B[],m2_3,encrypt((Nb_1,C1_2,B[],B[]),y))).

11. By 10, the attacker may know (C1_2,B[],B[],m2_3,encrypt((Nb_1,C1_2,B[],B[]),y)).
Using the function 5-proj-5-tuple the attacker may obtain encrypt((Nb_1,C1_2,B[],B[]),y).
attacker(encrypt((Nb_1,C1_2,B[],B[]),y)).

12. By 11, the attacker may know encrypt((Nb_1,C1_2,B[],B[]),y).
By 3, the attacker may know y.
Using the function decrypt the attacker may obtain (Nb_1,C1_2,B[],B[]).
attacker((Nb_1,C1_2,B[],B[])).

13. By 12, the attacker may know (Nb_1,C1_2,B[],B[]).
Using the function 1-proj-4-tuple the attacker may obtain Nb_1.
attacker(Nb_1).

14. By 13, the attacker may know Nb_1.
By 1, the attacker may know y_1.
Using the function 2-tuple the attacker may obtain (Nb_1,y_1).
attacker((Nb_1,y_1)).

15. By 14, the attacker may know (Nb_1,y_1).
By 3, the attacker may know y.
Using the function encrypt the attacker may obtain encrypt((Nb_1,y_1),y).
attacker(encrypt((Nb_1,y_1),y)).

16. The attacker has some term m3_2.
attacker(m3_2).

17. By 7, the attacker may know C1_2.
By 16, the attacker may know m3_2.
By 15, the attacker may know encrypt((Nb_1,y_1),y).
Using the function 3-tuple the attacker may obtain (C1_2,m3_2,encrypt((Nb_1,y_1),y)).
attacker((C1_2,m3_2,encrypt((Nb_1,y_1),y))).

18. The message B[] that the attacker may have by 2 may be received at input {21}.
The entry keys(B[],y) that may be in a table by 5 may be read at get {35}.
The message (C1_2,B[],B[],m2_3) that the attacker may have by 8 may be received at input {23}.
The message (C1_2,m3_2,encrypt((Nb_1,y_1),y)) that the attacker may have by 17 may be received at input {27}.
So the message encrypt(secretB[],y_1) may be sent to the attacker at output {34}.
attacker(encrypt(secretB[],y_1)).

19. By 18, the attacker may know encrypt(secretB[],y_1).
By 1, the attacker may know y_1.
Using the function decrypt the attacker may obtain secretB[].
attacker(secretB[]).

20. By 19, attacker(secretB[]).
The goal is reached, represented in the following fact:
attacker(secretB[]).


A more detailed output of the traces is available with
  set traceDisplay = long.

new Kas: key creating Kas_1 at {1}

new Kbs: key creating Kbs_1 at {2}

insert keys(A,Kas_1) at {3}

insert keys(B,Kbs_1) at {4}

in(c, B) at {21} in copy a

in(c, (B,a_1)) at {45} in copy a_2

insert keys(B,a_1) at {47} in copy a_2

get keys(B,a_1) at {35} in copy a

in(c, (a_3,B,B,a_4)) at {23} in copy a

event beginAparam(B,B) at {24} in copy a

new Nb: nonce creating Nb_2 at {25} in copy a

out(c, (~M,~M_1,~M_2,~M_3,~M_4)) with ~M = a_3, ~M_1 = B, ~M_2 = B, ~M_3 = a_4, ~M_4 = encrypt((Nb_2,a_3,B,B),a_1) at {26} in copy a

in(c, (a_3,a_5,encrypt((1-proj-4-tuple(decrypt(~M_4,a_1)),a_6),a_1))) with encrypt((1-proj-4-tuple(decrypt(~M_4,a_1)),a_6),a_1) = encrypt((Nb_2,a_6),a_1) at {27} in copy a

event beginAkey(B,B,a_6) at {29} in copy a

out(c, (~M_5,~M_6)) with ~M_5 = a_3, ~M_6 = a_5 at {30} in copy a

event endBparam(B,B) at {32} in copy a

event endBkey(B,B,a_6) at {33} in copy a

out(c, ~M_7) with ~M_7 = encrypt(secretB,a_6) at {34} in copy a

The attacker has the message decrypt(~M_7,a_6) = secretB.
A trace has been found.
RESULT not attacker(secretB[]) is false.
-- Query inj-event(endAparam(x,y)) ==> inj-event(beginAparam(x,y)) in process 0.
Translating the process into Horn clauses...
Completing...
200 rules inserted. Base: 111 rules (36 with conclusion selected). Queue: 136 rules.
400 rules inserted. Base: 177 rules (62 with conclusion selected). Queue: 274 rules.
600 rules inserted. Base: 212 rules (93 with conclusion selected). Queue: 323 rules.
800 rules inserted. Base: 249 rules (124 with conclusion selected). Queue: 354 rules.
1000 rules inserted. Base: 259 rules (134 with conclusion selected). Queue: 306 rules.
1200 rules inserted. Base: 301 rules (176 with conclusion selected). Queue: 270 rules.
1400 rules inserted. Base: 345 rules (216 with conclusion selected). Queue: 226 rules.
1600 rules inserted. Base: 397 rules (266 with conclusion selected). Queue: 80 rules.
ok, secrecy assumption verified: fact unreachable attacker(Kas[])
ok, secrecy assumption verified: fact unreachable attacker(Kbs[])
Starting query inj-event(endAparam(x,y)) ==> inj-event(beginAparam(x,y))
goal reachable: attacker(k_4) && attacker(y) -> inj-event(endAparam(B[],B[]),@occ16_1)
Abbreviations:
Na_1 = Na[kA = y,xB0 = B[],xA = B[],!1 = @sid]
@occ16_1 = @occ16[m2 = encrypt((Na_1,k_4),y),kA = y,xB0 = B[],xA = B[],!1 = @sid]

Derivation:
Abbreviations:
Na_1 = Na[kA = y,xB0 = B[],xA = B[],!1 = @sid]
@occ16_1 = @occ16[m2 = encrypt((Na_1,k_4),y),kA = y,xB0 = B[],xA = B[],!1 = @sid]
C_1 = C[kA = y,xB0 = B[],xA = B[],!1 = @sid]

1. The attacker initially knows B[].
attacker(B[]).

2. By 1, the attacker may know B[].
By 1, the attacker may know B[].
Using the function 2-tuple the attacker may obtain (B[],B[]).
attacker((B[],B[])).

3. We assume as hypothesis that
attacker(y).

4. By 1, the attacker may know B[].
By 3, the attacker may know y.
Using the function 2-tuple the attacker may obtain (B[],y).
attacker((B[],y)).

5. The message (B[],y) that the attacker may have by 4 may be received at input {45}.
We have B[] ≠ A[].
So the entry keys(B[],y) may be inserted in a table at insert {47}.
table(keys(B[],y)).

6. We assume as hypothesis that
attacker(k_4).

7. The message (B[],y) that the attacker may have by 4 may be received at input {45}.
We have B[] ≠ A[].
So the entry keys(B[],y) may be inserted in a table at insert {47}.
table(keys(B[],y)).

8. The message (B[],B[]) that the attacker may have by 2 may be received at input {6}.
The entry keys(B[],y) that may be in a table by 7 may be read at get {19}.
So the message (C_1,B[],B[],encrypt((Na_1,C_1,B[],B[]),y)) may be sent to the attacker at output {11}.
attacker((C_1,B[],B[],encrypt((Na_1,C_1,B[],B[]),y))).

9. By 8, the attacker may know (C_1,B[],B[],encrypt((Na_1,C_1,B[],B[]),y)).
Using the function 4-proj-4-tuple the attacker may obtain encrypt((Na_1,C_1,B[],B[]),y).
attacker(encrypt((Na_1,C_1,B[],B[]),y)).

10. By 9, the attacker may know encrypt((Na_1,C_1,B[],B[]),y).
By 3, the attacker may know y.
Using the function decrypt the attacker may obtain (Na_1,C_1,B[],B[]).
attacker((Na_1,C_1,B[],B[])).

11. By 10, the attacker may know (Na_1,C_1,B[],B[]).
Using the function 1-proj-4-tuple the attacker may obtain Na_1.
attacker(Na_1).

12. By 11, the attacker may know Na_1.
By 6, the attacker may know k_4.
Using the function 2-tuple the attacker may obtain (Na_1,k_4).
attacker((Na_1,k_4)).

13. By 12, the attacker may know (Na_1,k_4).
By 3, the attacker may know y.
Using the function encrypt the attacker may obtain encrypt((Na_1,k_4),y).
attacker(encrypt((Na_1,k_4),y)).

14. By 8, the attacker may know (C_1,B[],B[],encrypt((Na_1,C_1,B[],B[]),y)).
Using the function 1-proj-4-tuple the attacker may obtain C_1.
attacker(C_1).

15. By 14, the attacker may know C_1.
By 13, the attacker may know encrypt((Na_1,k_4),y).
Using the function 2-tuple the attacker may obtain (C_1,encrypt((Na_1,k_4),y)).
attacker((C_1,encrypt((Na_1,k_4),y))).

16. The message (B[],B[]) that the attacker may have by 2 may be received at input {6}.
The entry keys(B[],y) that may be in a table by 5 may be read at get {19}.
The message (C_1,encrypt((Na_1,k_4),y)) that the attacker may have by 15 may be received at input {12}.
So event endAparam(B[],B[]) may be executed at {16} in session @sid.
inj-event(endAparam(B[],B[]),@occ16_1).

17. By 16, inj-event(endAparam(B[],B[]),@occ16_1).
The goal is reached, represented in the following fact:
inj-event(endAparam(B[],B[]),@occ16_1).


A more detailed output of the traces is available with
  set traceDisplay = long.

new Kas: key creating Kas_1 at {1}

new Kbs: key creating Kbs_1 at {2}

insert keys(A,Kas_1) at {3}

insert keys(B,Kbs_1) at {4}

in(c, (B,B)) at {6} in copy a

in(c, (B,a_1)) at {45} in copy a_2

insert keys(B,a_1) at {47} in copy a_2

get keys(B,a_1) at {19} in copy a

event beginBparam(B,B) at {8} in copy a

new C: nonce creating C_2 at {9} in copy a

new Na: nonce creating Na_2 at {10} in copy a

out(c, (~M,~M_1,~M_2,~M_3)) with ~M = C_2, ~M_1 = B, ~M_2 = B, ~M_3 = encrypt((Na_2,C_2,B,B),a_1) at {11} in copy a

in(c, (~M,encrypt((1-proj-4-tuple(decrypt(~M_3,a_1)),a_3),a_1))) with ~M = C_2, encrypt((1-proj-4-tuple(decrypt(~M_3,a_1)),a_3),a_1) = encrypt((Na_2,a_3),a_1) at {12} in copy a

event beginBkey(B,B,a_3) at {14} in copy a

event endAparam(B,B) at {16} in copy a (goal)

The event endAparam(B,B) is executed at {16} in copy a.
A trace has been found.
RESULT inj-event(endAparam(x,y)) ==> inj-event(beginAparam(x,y)) is false.
RESULT (even event(endAparam(x,y)) ==> event(beginAparam(x,y)) is false.)
-- Query inj-event(endAkey(x,y,z)) ==> inj-event(beginAkey(x,y,z)) in process 0.
Translating the process into Horn clauses...
Completing...
200 rules inserted. Base: 111 rules (36 with conclusion selected). Queue: 136 rules.
400 rules inserted. Base: 177 rules (62 with conclusion selected). Queue: 274 rules.
600 rules inserted. Base: 212 rules (93 with conclusion selected). Queue: 323 rules.
800 rules inserted. Base: 249 rules (124 with conclusion selected). Queue: 354 rules.
1000 rules inserted. Base: 259 rules (134 with conclusion selected). Queue: 306 rules.
1200 rules inserted. Base: 301 rules (176 with conclusion selected). Queue: 270 rules.
1400 rules inserted. Base: 345 rules (216 with conclusion selected). Queue: 226 rules.
1600 rules inserted. Base: 397 rules (266 with conclusion selected). Queue: 80 rules.
ok, secrecy assumption verified: fact unreachable attacker(Kas[])
ok, secrecy assumption verified: fact unreachable attacker(Kbs[])
Starting query inj-event(endAkey(x,y,z)) ==> inj-event(beginAkey(x,y,z))
goal reachable: attacker(z) && attacker(y) -> inj-event(endAkey(B[],B[],z),@occ17_1)
Abbreviations:
Na_1 = Na[kA = y,xB0 = B[],xA = B[],!1 = @sid]
@occ17_1 = @occ17[m2 = encrypt((Na_1,z),y),kA = y,xB0 = B[],xA = B[],!1 = @sid]

Derivation:
Abbreviations:
Na_1 = Na[kA = y,xB0 = B[],xA = B[],!1 = @sid]
@occ17_1 = @occ17[m2 = encrypt((Na_1,z),y),kA = y,xB0 = B[],xA = B[],!1 = @sid]
C_1 = C[kA = y,xB0 = B[],xA = B[],!1 = @sid]

1. The attacker initially knows B[].
attacker(B[]).

2. By 1, the attacker may know B[].
By 1, the attacker may know B[].
Using the function 2-tuple the attacker may obtain (B[],B[]).
attacker((B[],B[])).

3. We assume as hypothesis that
attacker(y).

4. By 1, the attacker may know B[].
By 3, the attacker may know y.
Using the function 2-tuple the attacker may obtain (B[],y).
attacker((B[],y)).

5. The message (B[],y) that the attacker may have by 4 may be received at input {45}.
We have B[] ≠ A[].
So the entry keys(B[],y) may be inserted in a table at insert {47}.
table(keys(B[],y)).

6. We assume as hypothesis that
attacker(z).

7. The message (B[],y) that the attacker may have by 4 may be received at input {45}.
We have B[] ≠ A[].
So the entry keys(B[],y) may be inserted in a table at insert {47}.
table(keys(B[],y)).

8. The message (B[],B[]) that the attacker may have by 2 may be received at input {6}.
The entry keys(B[],y) that may be in a table by 7 may be read at get {19}.
So the message (C_1,B[],B[],encrypt((Na_1,C_1,B[],B[]),y)) may be sent to the attacker at output {11}.
attacker((C_1,B[],B[],encrypt((Na_1,C_1,B[],B[]),y))).

9. By 8, the attacker may know (C_1,B[],B[],encrypt((Na_1,C_1,B[],B[]),y)).
Using the function 4-proj-4-tuple the attacker may obtain encrypt((Na_1,C_1,B[],B[]),y).
attacker(encrypt((Na_1,C_1,B[],B[]),y)).

10. By 9, the attacker may know encrypt((Na_1,C_1,B[],B[]),y).
By 3, the attacker may know y.
Using the function decrypt the attacker may obtain (Na_1,C_1,B[],B[]).
attacker((Na_1,C_1,B[],B[])).

11. By 10, the attacker may know (Na_1,C_1,B[],B[]).
Using the function 1-proj-4-tuple the attacker may obtain Na_1.
attacker(Na_1).

12. By 11, the attacker may know Na_1.
By 6, the attacker may know z.
Using the function 2-tuple the attacker may obtain (Na_1,z).
attacker((Na_1,z)).

13. By 12, the attacker may know (Na_1,z).
By 3, the attacker may know y.
Using the function encrypt the attacker may obtain encrypt((Na_1,z),y).
attacker(encrypt((Na_1,z),y)).

14. By 8, the attacker may know (C_1,B[],B[],encrypt((Na_1,C_1,B[],B[]),y)).
Using the function 1-proj-4-tuple the attacker may obtain C_1.
attacker(C_1).

15. By 14, the attacker may know C_1.
By 13, the attacker may know encrypt((Na_1,z),y).
Using the function 2-tuple the attacker may obtain (C_1,encrypt((Na_1,z),y)).
attacker((C_1,encrypt((Na_1,z),y))).

16. The message (B[],B[]) that the attacker may have by 2 may be received at input {6}.
The entry keys(B[],y) that may be in a table by 5 may be read at get {19}.
The message (C_1,encrypt((Na_1,z),y)) that the attacker may have by 15 may be received at input {12}.
So event endAkey(B[],B[],z) may be executed at {17} in session @sid.
inj-event(endAkey(B[],B[],z),@occ17_1).

17. By 16, inj-event(endAkey(B[],B[],z),@occ17_1).
The goal is reached, represented in the following fact:
inj-event(endAkey(B[],B[],z),@occ17_1).


A more detailed output of the traces is available with
  set traceDisplay = long.

new Kas: key creating Kas_1 at {1}

new Kbs: key creating Kbs_1 at {2}

insert keys(A,Kas_1) at {3}

insert keys(B,Kbs_1) at {4}

in(c, (B,B)) at {6} in copy a

in(c, (B,a_1)) at {45} in copy a_2

insert keys(B,a_1) at {47} in copy a_2

get keys(B,a_1) at {19} in copy a

event beginBparam(B,B) at {8} in copy a

new C: nonce creating C_2 at {9} in copy a

new Na: nonce creating Na_2 at {10} in copy a

out(c, (~M,~M_1,~M_2,~M_3)) with ~M = C_2, ~M_1 = B, ~M_2 = B, ~M_3 = encrypt((Na_2,C_2,B,B),a_1) at {11} in copy a

in(c, (~M,encrypt((1-proj-4-tuple(decrypt(~M_3,a_1)),a_3),a_1))) with ~M = C_2, encrypt((1-proj-4-tuple(decrypt(~M_3,a_1)),a_3),a_1) = encrypt((Na_2,a_3),a_1) at {12} in copy a

event beginBkey(B,B,a_3) at {14} in copy a

event endAparam(B,B) at {16} in copy a

event endAkey(B,B,a_3) at {17} in copy a (goal)

The event endAkey(B,B,a_3) is executed at {17} in copy a.
A trace has been found.
RESULT inj-event(endAkey(x,y,z)) ==> inj-event(beginAkey(x,y,z)) is false.
RESULT (even event(endAkey(x,y,z)) ==> event(beginAkey(x,y,z)) is false.)
-- Query inj-event(endBparam(x,y)) ==> inj-event(beginBparam(x,y)) in process 0.
Translating the process into Horn clauses...
Completing...
200 rules inserted. Base: 111 rules (36 with conclusion selected). Queue: 136 rules.
400 rules inserted. Base: 178 rules (63 with conclusion selected). Queue: 279 rules.
600 rules inserted. Base: 212 rules (93 with conclusion selected). Queue: 334 rules.
800 rules inserted. Base: 249 rules (124 with conclusion selected). Queue: 356 rules.
1000 rules inserted. Base: 258 rules (133 with conclusion selected). Queue: 301 rules.
1200 rules inserted. Base: 273 rules (148 with conclusion selected). Queue: 230 rules.
1400 rules inserted. Base: 299 rules (174 with conclusion selected). Queue: 144 rules.
ok, secrecy assumption verified: fact unreachable attacker(Kas[])
ok, secrecy assumption verified: fact unreachable attacker(Kbs[])
Starting query inj-event(endBparam(x,y)) ==> inj-event(beginBparam(x,y))
goal reachable: attacker(m3_2) && attacker(k_4) && attacker(C1_2) && attacker(m2_3) && attacker(y) -> inj-event(endBparam(B[],B[]),@occ32_1)
Abbreviations:
Nb_1 = Nb[m2_1 = m2_3,xA1 = B[],C1 = C1_2,kB = y,xB = B[],!1 = @sid]
@occ32_1 = @occ32[m4 = encrypt((Nb_1,k_4),y),m3 = m3_2,m2_1 = m2_3,xA1 = B[],C1 = C1_2,kB = y,xB = B[],!1 = @sid]

Derivation:
Abbreviations:
Nb_1 = Nb[m2_1 = m2_3,xA1 = B[],C1 = C1_2,kB = y,xB = B[],!1 = @sid]
@occ32_1 = @occ32[m4 = encrypt((Nb_1,k_4),y),m3 = m3_2,m2_1 = m2_3,xA1 = B[],C1 = C1_2,kB = y,xB = B[],!1 = @sid]

1. The attacker initially knows B[].
attacker(B[]).

2. We assume as hypothesis that
attacker(y).

3. By 1, the attacker may know B[].
By 2, the attacker may know y.
Using the function 2-tuple the attacker may obtain (B[],y).
attacker((B[],y)).

4. The message (B[],y) that the attacker may have by 3 may be received at input {45}.
We have B[] ≠ A[].
So the entry keys(B[],y) may be inserted in a table at insert {47}.
table(keys(B[],y)).

5. We assume as hypothesis that
attacker(m2_3).

6. We assume as hypothesis that
attacker(C1_2).

7. By 6, the attacker may know C1_2.
By 1, the attacker may know B[].
By 1, the attacker may know B[].
By 5, the attacker may know m2_3.
Using the function 4-tuple the attacker may obtain (C1_2,B[],B[],m2_3).
attacker((C1_2,B[],B[],m2_3)).

8. We assume as hypothesis that
attacker(k_4).

9. The message (B[],y) that the attacker may have by 3 may be received at input {45}.
We have B[] ≠ A[].
So the entry keys(B[],y) may be inserted in a table at insert {47}.
table(keys(B[],y)).

10. The message B[] that the attacker may have by 1 may be received at input {21}.
The entry keys(B[],y) that may be in a table by 9 may be read at get {35}.
The message (C1_2,B[],B[],m2_3) that the attacker may have by 7 may be received at input {23}.
So the message (C1_2,B[],B[],m2_3,encrypt((Nb_1,C1_2,B[],B[]),y)) may be sent to the attacker at output {26}.
attacker((C1_2,B[],B[],m2_3,encrypt((Nb_1,C1_2,B[],B[]),y))).

11. By 10, the attacker may know (C1_2,B[],B[],m2_3,encrypt((Nb_1,C1_2,B[],B[]),y)).
Using the function 5-proj-5-tuple the attacker may obtain encrypt((Nb_1,C1_2,B[],B[]),y).
attacker(encrypt((Nb_1,C1_2,B[],B[]),y)).

12. By 11, the attacker may know encrypt((Nb_1,C1_2,B[],B[]),y).
By 2, the attacker may know y.
Using the function decrypt the attacker may obtain (Nb_1,C1_2,B[],B[]).
attacker((Nb_1,C1_2,B[],B[])).

13. By 12, the attacker may know (Nb_1,C1_2,B[],B[]).
Using the function 1-proj-4-tuple the attacker may obtain Nb_1.
attacker(Nb_1).

14. By 13, the attacker may know Nb_1.
By 8, the attacker may know k_4.
Using the function 2-tuple the attacker may obtain (Nb_1,k_4).
attacker((Nb_1,k_4)).

15. By 14, the attacker may know (Nb_1,k_4).
By 2, the attacker may know y.
Using the function encrypt the attacker may obtain encrypt((Nb_1,k_4),y).
attacker(encrypt((Nb_1,k_4),y)).

16. We assume as hypothesis that
attacker(m3_2).

17. By 6, the attacker may know C1_2.
By 16, the attacker may know m3_2.
By 15, the attacker may know encrypt((Nb_1,k_4),y).
Using the function 3-tuple the attacker may obtain (C1_2,m3_2,encrypt((Nb_1,k_4),y)).
attacker((C1_2,m3_2,encrypt((Nb_1,k_4),y))).

18. The message B[] that the attacker may have by 1 may be received at input {21}.
The entry keys(B[],y) that may be in a table by 4 may be read at get {35}.
The message (C1_2,B[],B[],m2_3) that the attacker may have by 7 may be received at input {23}.
The message (C1_2,m3_2,encrypt((Nb_1,k_4),y)) that the attacker may have by 17 may be received at input {27}.
So event endBparam(B[],B[]) may be executed at {32} in session @sid.
inj-event(endBparam(B[],B[]),@occ32_1).

19. By 18, inj-event(endBparam(B[],B[]),@occ32_1).
The goal is reached, represented in the following fact:
inj-event(endBparam(B[],B[]),@occ32_1).


A more detailed output of the traces is available with
  set traceDisplay = long.

new Kas: key creating Kas_1 at {1}

new Kbs: key creating Kbs_1 at {2}

insert keys(A,Kas_1) at {3}

insert keys(B,Kbs_1) at {4}

in(c, B) at {21} in copy a

in(c, (B,a_1)) at {45} in copy a_2

insert keys(B,a_1) at {47} in copy a_2

get keys(B,a_1) at {35} in copy a

in(c, (a_3,B,B,a_4)) at {23} in copy a

event beginAparam(B,B) at {24} in copy a

new Nb: nonce creating Nb_2 at {25} in copy a

out(c, (~M,~M_1,~M_2,~M_3,~M_4)) with ~M = a_3, ~M_1 = B, ~M_2 = B, ~M_3 = a_4, ~M_4 = encrypt((Nb_2,a_3,B,B),a_1) at {26} in copy a

in(c, (a_3,a_5,encrypt((1-proj-4-tuple(decrypt(~M_4,a_1)),a_6),a_1))) with encrypt((1-proj-4-tuple(decrypt(~M_4,a_1)),a_6),a_1) = encrypt((Nb_2,a_6),a_1) at {27} in copy a

event beginAkey(B,B,a_6) at {29} in copy a

out(c, (~M_5,~M_6)) with ~M_5 = a_3, ~M_6 = a_5 at {30} in copy a

event endBparam(B,B) at {32} in copy a (goal)

The event endBparam(B,B) is executed at {32} in copy a.
A trace has been found.
RESULT inj-event(endBparam(x,y)) ==> inj-event(beginBparam(x,y)) is false.
RESULT (even event(endBparam(x,y)) ==> event(beginBparam(x,y)) is false.)
-- Query inj-event(endBkey(x,y,z)) ==> inj-event(beginBkey(x,y,z)) in process 0.
Translating the process into Horn clauses...
Completing...
200 rules inserted. Base: 111 rules (36 with conclusion selected). Queue: 136 rules.
400 rules inserted. Base: 178 rules (63 with conclusion selected). Queue: 279 rules.
600 rules inserted. Base: 212 rules (93 with conclusion selected). Queue: 334 rules.
800 rules inserted. Base: 249 rules (124 with conclusion selected). Queue: 356 rules.
1000 rules inserted. Base: 258 rules (133 with conclusion selected). Queue: 301 rules.
1200 rules inserted. Base: 273 rules (148 with conclusion selected). Queue: 230 rules.
1400 rules inserted. Base: 299 rules (174 with conclusion selected). Queue: 144 rules.
ok, secrecy assumption verified: fact unreachable attacker(Kas[])
ok, secrecy assumption verified: fact unreachable attacker(Kbs[])
Starting query inj-event(endBkey(x,y,z)) ==> inj-event(beginBkey(x,y,z))
goal reachable: attacker(m3_2) && attacker(z) && attacker(C1_2) && attacker(m2_3) && attacker(y) -> inj-event(endBkey(B[],B[],z),@occ33_1)
Abbreviations:
Nb_1 = Nb[m2_1 = m2_3,xA1 = B[],C1 = C1_2,kB = y,xB = B[],!1 = @sid]
@occ33_1 = @occ33[m4 = encrypt((Nb_1,z),y),m3 = m3_2,m2_1 = m2_3,xA1 = B[],C1 = C1_2,kB = y,xB = B[],!1 = @sid]

Derivation:
Abbreviations:
Nb_1 = Nb[m2_1 = m2_3,xA1 = B[],C1 = C1_2,kB = y,xB = B[],!1 = @sid]
@occ33_1 = @occ33[m4 = encrypt((Nb_1,z),y),m3 = m3_2,m2_1 = m2_3,xA1 = B[],C1 = C1_2,kB = y,xB = B[],!1 = @sid]

1. The attacker initially knows B[].
attacker(B[]).

2. We assume as hypothesis that
attacker(y).

3. By 1, the attacker may know B[].
By 2, the attacker may know y.
Using the function 2-tuple the attacker may obtain (B[],y).
attacker((B[],y)).

4. The message (B[],y) that the attacker may have by 3 may be received at input {45}.
We have B[] ≠ A[].
So the entry keys(B[],y) may be inserted in a table at insert {47}.
table(keys(B[],y)).

5. We assume as hypothesis that
attacker(m2_3).

6. We assume as hypothesis that
attacker(C1_2).

7. By 6, the attacker may know C1_2.
By 1, the attacker may know B[].
By 1, the attacker may know B[].
By 5, the attacker may know m2_3.
Using the function 4-tuple the attacker may obtain (C1_2,B[],B[],m2_3).
attacker((C1_2,B[],B[],m2_3)).

8. We assume as hypothesis that
attacker(z).

9. The message (B[],y) that the attacker may have by 3 may be received at input {45}.
We have B[] ≠ A[].
So the entry keys(B[],y) may be inserted in a table at insert {47}.
table(keys(B[],y)).

10. The message B[] that the attacker may have by 1 may be received at input {21}.
The entry keys(B[],y) that may be in a table by 9 may be read at get {35}.
The message (C1_2,B[],B[],m2_3) that the attacker may have by 7 may be received at input {23}.
So the message (C1_2,B[],B[],m2_3,encrypt((Nb_1,C1_2,B[],B[]),y)) may be sent to the attacker at output {26}.
attacker((C1_2,B[],B[],m2_3,encrypt((Nb_1,C1_2,B[],B[]),y))).

11. By 10, the attacker may know (C1_2,B[],B[],m2_3,encrypt((Nb_1,C1_2,B[],B[]),y)).
Using the function 5-proj-5-tuple the attacker may obtain encrypt((Nb_1,C1_2,B[],B[]),y).
attacker(encrypt((Nb_1,C1_2,B[],B[]),y)).

12. By 11, the attacker may know encrypt((Nb_1,C1_2,B[],B[]),y).
By 2, the attacker may know y.
Using the function decrypt the attacker may obtain (Nb_1,C1_2,B[],B[]).
attacker((Nb_1,C1_2,B[],B[])).

13. By 12, the attacker may know (Nb_1,C1_2,B[],B[]).
Using the function 1-proj-4-tuple the attacker may obtain Nb_1.
attacker(Nb_1).

14. By 13, the attacker may know Nb_1.
By 8, the attacker may know z.
Using the function 2-tuple the attacker may obtain (Nb_1,z).
attacker((Nb_1,z)).

15. By 14, the attacker may know (Nb_1,z).
By 2, the attacker may know y.
Using the function encrypt the attacker may obtain encrypt((Nb_1,z),y).
attacker(encrypt((Nb_1,z),y)).

16. We assume as hypothesis that
attacker(m3_2).

17. By 6, the attacker may know C1_2.
By 16, the attacker may know m3_2.
By 15, the attacker may know encrypt((Nb_1,z),y).
Using the function 3-tuple the attacker may obtain (C1_2,m3_2,encrypt((Nb_1,z),y)).
attacker((C1_2,m3_2,encrypt((Nb_1,z),y))).

18. The message B[] that the attacker may have by 1 may be received at input {21}.
The entry keys(B[],y) that may be in a table by 4 may be read at get {35}.
The message (C1_2,B[],B[],m2_3) that the attacker may have by 7 may be received at input {23}.
The message (C1_2,m3_2,encrypt((Nb_1,z),y)) that the attacker may have by 17 may be received at input {27}.
So event endBkey(B[],B[],z) may be executed at {33} in session @sid.
inj-event(endBkey(B[],B[],z),@occ33_1).

19. By 18, inj-event(endBkey(B[],B[],z),@occ33_1).
The goal is reached, represented in the following fact:
inj-event(endBkey(B[],B[],z),@occ33_1).


A more detailed output of the traces is available with
  set traceDisplay = long.

new Kas: key creating Kas_1 at {1}

new Kbs: key creating Kbs_1 at {2}

insert keys(A,Kas_1) at {3}

insert keys(B,Kbs_1) at {4}

in(c, B) at {21} in copy a

in(c, (B,a_1)) at {45} in copy a_2

insert keys(B,a_1) at {47} in copy a_2

get keys(B,a_1) at {35} in copy a

in(c, (a_3,B,B,a_4)) at {23} in copy a

event beginAparam(B,B) at {24} in copy a

new Nb: nonce creating Nb_2 at {25} in copy a

out(c, (~M,~M_1,~M_2,~M_3,~M_4)) with ~M = a_3, ~M_1 = B, ~M_2 = B, ~M_3 = a_4, ~M_4 = encrypt((Nb_2,a_3,B,B),a_1) at {26} in copy a

in(c, (a_3,a_5,encrypt((1-proj-4-tuple(decrypt(~M_4,a_1)),a_6),a_1))) with encrypt((1-proj-4-tuple(decrypt(~M_4,a_1)),a_6),a_1) = encrypt((Nb_2,a_6),a_1) at {27} in copy a

event beginAkey(B,B,a_6) at {29} in copy a

out(c, (~M_5,~M_6)) with ~M_5 = a_3, ~M_6 = a_5 at {30} in copy a

event endBparam(B,B) at {32} in copy a

event endBkey(B,B,a_6) at {33} in copy a (goal)

The event endBkey(B,B,a_6) is executed at {33} in copy a.
A trace has been found.
RESULT inj-event(endBkey(x,y,z)) ==> inj-event(beginBkey(x,y,z)) is false.
RESULT (even event(endBkey(x,y,z)) ==> event(beginBkey(x,y,z)) is false.)

--------------------------------------------------------------
Verification summary:

Query not attacker(secretA[]) is false.

Query not attacker(secretB[]) is false.

Query inj-event(endAparam(x,y)) ==> inj-event(beginAparam(x,y)) is false.

Query inj-event(endAkey(x,y,z)) ==> inj-event(beginAkey(x,y,z)) is false.

Query inj-event(endBparam(x,y)) ==> inj-event(beginBparam(x,y)) is false.

Query inj-event(endBkey(x,y,z)) ==> inj-event(beginBkey(x,y,z)) is false.

--------------------------------------------------------------

