Process 0 (that is, the initial process):
{1}new Kas: key;
{2}new Kbs: key;
{3}insert keys(A,Kas);
{4}insert keys(B,Kbs);
(
    {5}!
    {6}in(c, (xA: host,xB0: host));
    {7}if ((xA = A) || (xA = B)) then
    {19}get keys(=xA,kA: key) in
    {8}event beginBparam(xA,xB0);
    {9}new C: nonce;
    {10}new Na: nonce;
    {11}out(c, (C,xA,xB0,encrypt((Na,C,xA,xB0),kA)));
    {12}in(c, (=C,m2: bitstring));
    {13}let (=Na,k: key) = decrypt(m2,kA) in
    {14}event beginBkey(xA,xB0,k);
    {15}if ((xB0 = A) || (xB0 = B)) then
    {16}event endAparam(xA,xB0);
    {17}event endAkey(xA,xB0,k);
    {18}out(c, encrypt(secretA,k))
) | (
    {20}!
    {21}in(c, xB: host);
    {22}if ((xB = A) || (xB = B)) then
    {35}get keys(=xB,kB: key) in
    {23}in(c, (C1: nonce,xA1: host,=xB,m2_1: bitstring));
    {24}event beginAparam(xA1,xB);
    {25}new Nb: nonce;
    {26}out(c, (C1,xA1,xB,m2_1,encrypt((Nb,C1,xA1,xB),kB)));
    {27}in(c, (=C1,m3: bitstring,m4: bitstring));
    {28}let (=Nb,k_1: key) = decrypt(m4,kB) in
    {29}event beginAkey(xA1,xB,k_1);
    {30}out(c, (C1,m3));
    {31}if ((xA1 ≠ A) || (xA1 ≠ B)) then
    {32}event endBparam(xA1,xB);
    {33}event endBkey(xA1,xB,k_1);
    {34}out(c, encrypt(secretB,k_1))
) | (
    {36}!
    {37}in(c, (C1_1: nonce,xA1_1: host,xB1: host,m2_2: bitstring,m3_1: bitstring));
    {43}get keys(=xA1_1,kA1: key) in
    {42}get keys(=xB1,kB1: key) in
    {38}let (Na1: nonce,=C1_1,=xA1_1,=xB1) = decrypt(m2_2,kA1) in
    {39}let (Nb1: nonce,=C1_1,=xA1_1,=xB1) = decrypt(m3_1,kB1) in
    {40}new k_2: key;
    {41}out(c, (C1_1,encrypt((Na1,k_2),kA1),encrypt((Nb1,k_2),kB1)))
) | (
    {44}!
    {45}in(c, (h: host,k_3: key));
    {46}if ((h ≠ A) && (h ≠ B)) then
    {47}insert keys(h,k_3)
)

-- Query not attacker(secretB[]) in process 0.
Translating the process into Horn clauses...
Completing...
200 rules inserted. Base: 144 rules (44 with conclusion selected). Queue: 41 rules.
ok, secrecy assumption verified: fact unreachable attacker(Kas[])
ok, secrecy assumption verified: fact unreachable attacker(Kbs[])
Starting query not attacker(secretB[])
goal reachable: attacker(secretB[])

Derivation:
Abbreviations:
Nb_1 = Nb[m2_1 = m2_3,xA1 = xA1_2,C1 = C1_2,kB = Kbs[],xB = B[],!1 = @sid]
k_4 = k_2[kB1 = Kbs[],kA1 = y,m3_1 = encrypt((Nb_1,C1_2,xA1_2,B[]),Kbs[]),m2_2 = encrypt((Na1_1,C1_2,xA1_2,B[]),y),xB1 = B[],xA1_1 = xA1_2,C1_1 = C1_2,!1 = @sid_1]

1. The attacker has some term y.
attacker(y).

2. The attacker initially knows B[].
attacker(B[]).

3. The entry keys(B[],Kbs[]) may be inserted in a table at insert {4}.
table(keys(B[],Kbs[])).

4. The attacker has some term m2_3.
attacker(m2_3).

5. The attacker has some term xA1_2.
attacker(xA1_2).

6. The attacker has some term C1_2.
attacker(C1_2).

7. By 6, the attacker may know C1_2.
By 5, the attacker may know xA1_2.
By 2, the attacker may know B[].
By 4, the attacker may know m2_3.
Using the function 4-tuple the attacker may obtain (C1_2,xA1_2,B[],m2_3).
attacker((C1_2,xA1_2,B[],m2_3)).

8. The message B[] that the attacker may have by 2 may be received at input {21}.
The entry keys(B[],Kbs[]) that may be in a table by 3 may be read at get {35}.
The message (C1_2,xA1_2,B[],m2_3) that the attacker may have by 7 may be received at input {23}.
So the message (C1_2,xA1_2,B[],m2_3,encrypt((Nb_1,C1_2,xA1_2,B[]),Kbs[])) may be sent to the attacker at output {26}.
attacker((C1_2,xA1_2,B[],m2_3,encrypt((Nb_1,C1_2,xA1_2,B[]),Kbs[]))).

9. By 8, the attacker may know (C1_2,xA1_2,B[],m2_3,encrypt((Nb_1,C1_2,xA1_2,B[]),Kbs[])).
Using the function 5-proj-5-tuple the attacker may obtain encrypt((Nb_1,C1_2,xA1_2,B[]),Kbs[]).
attacker(encrypt((Nb_1,C1_2,xA1_2,B[]),Kbs[])).

10. The attacker has some term Na1_1.
attacker(Na1_1).

11. By 10, the attacker may know Na1_1.
By 6, the attacker may know C1_2.
By 5, the attacker may know xA1_2.
By 2, the attacker may know B[].
Using the function 4-tuple the attacker may obtain (Na1_1,C1_2,xA1_2,B[]).
attacker((Na1_1,C1_2,xA1_2,B[])).

12. By 11, the attacker may know (Na1_1,C1_2,xA1_2,B[]).
By 1, the attacker may know y.
Using the function encrypt the attacker may obtain encrypt((Na1_1,C1_2,xA1_2,B[]),y).
attacker(encrypt((Na1_1,C1_2,xA1_2,B[]),y)).

13. By 6, the attacker may know C1_2.
By 5, the attacker may know xA1_2.
By 2, the attacker may know B[].
By 12, the attacker may know encrypt((Na1_1,C1_2,xA1_2,B[]),y).
By 9, the attacker may know encrypt((Nb_1,C1_2,xA1_2,B[]),Kbs[]).
Using the function 5-tuple the attacker may obtain (C1_2,xA1_2,B[],encrypt((Na1_1,C1_2,xA1_2,B[]),y),encrypt((Nb_1,C1_2,xA1_2,B[]),Kbs[])).
attacker((C1_2,xA1_2,B[],encrypt((Na1_1,C1_2,xA1_2,B[]),y),encrypt((Nb_1,C1_2,xA1_2,B[]),Kbs[]))).

14. By 5, the attacker may know xA1_2.
By 1, the attacker may know y.
Using the function 2-tuple the attacker may obtain (xA1_2,y).
attacker((xA1_2,y)).

15. The message (xA1_2,y) that the attacker may have by 14 may be received at input {45}.
We have xA1_2 ≠ B[] && xA1_2 ≠ A[].
So the entry keys(xA1_2,y) may be inserted in a table at insert {47}.
table(keys(xA1_2,y)).

16. The message (C1_2,xA1_2,B[],encrypt((Na1_1,C1_2,xA1_2,B[]),y),encrypt((Nb_1,C1_2,xA1_2,B[]),Kbs[])) that the attacker may have by 13 may be received at input {37}.
The entry keys(xA1_2,y) that may be in a table by 15 may be read at get {43}.
The entry keys(B[],Kbs[]) that may be in a table by 3 may be read at get {42}.
So the message (C1_2,encrypt((Na1_1,k_4),y),encrypt((Nb_1,k_4),Kbs[])) may be sent to the attacker at output {41}.
attacker((C1_2,encrypt((Na1_1,k_4),y),encrypt((Nb_1,k_4),Kbs[]))).

17. By 16, the attacker may know (C1_2,encrypt((Na1_1,k_4),y),encrypt((Nb_1,k_4),Kbs[])).
Using the function 2-proj-3-tuple the attacker may obtain encrypt((Na1_1,k_4),y).
attacker(encrypt((Na1_1,k_4),y)).

18. By 17, the attacker may know encrypt((Na1_1,k_4),y).
By 1, the attacker may know y.
Using the function decrypt the attacker may obtain (Na1_1,k_4).
attacker((Na1_1,k_4)).

19. By 18, the attacker may know (Na1_1,k_4).
Using the function 2-proj-2-tuple the attacker may obtain k_4.
attacker(k_4).

20. By 16, the attacker may know (C1_2,encrypt((Na1_1,k_4),y),encrypt((Nb_1,k_4),Kbs[])).
Using the function 3-proj-3-tuple the attacker may obtain encrypt((Nb_1,k_4),Kbs[]).
attacker(encrypt((Nb_1,k_4),Kbs[])).

21. The attacker has some term m3_2.
attacker(m3_2).

22. By 6, the attacker may know C1_2.
By 21, the attacker may know m3_2.
By 20, the attacker may know encrypt((Nb_1,k_4),Kbs[]).
Using the function 3-tuple the attacker may obtain (C1_2,m3_2,encrypt((Nb_1,k_4),Kbs[])).
attacker((C1_2,m3_2,encrypt((Nb_1,k_4),Kbs[]))).

23. The message B[] that the attacker may have by 2 may be received at input {21}.
The entry keys(B[],Kbs[]) that may be in a table by 3 may be read at get {35}.
The message (C1_2,xA1_2,B[],m2_3) that the attacker may have by 7 may be received at input {23}.
The message (C1_2,m3_2,encrypt((Nb_1,k_4),Kbs[])) that the attacker may have by 22 may be received at input {27}.
We have xA1_2 ≠ A[].
So the message encrypt(secretB[],k_4) may be sent to the attacker at output {34}.
attacker(encrypt(secretB[],k_4)).

24. By 23, the attacker may know encrypt(secretB[],k_4).
By 19, the attacker may know k_4.
Using the function decrypt the attacker may obtain secretB[].
attacker(secretB[]).

25. By 24, attacker(secretB[]).
The goal is reached, represented in the following fact:
attacker(secretB[]).


A more detailed output of the traces is available with
  set traceDisplay = long.

new Kas: key creating Kas_1 at {1}

new Kbs: key creating Kbs_1 at {2}

insert keys(A,Kas_1) at {3}

insert keys(B,Kbs_1) at {4}

in(c, B) at {21} in copy a

get keys(B,Kbs_1) at {35} in copy a

in(c, (a_1,a_2,B,a_3)) at {23} in copy a

event beginAparam(a_2,B) at {24} in copy a

new Nb: nonce creating Nb_2 at {25} in copy a

out(c, (~M,~M_1,~M_2,~M_3,~M_4)) with ~M = a_1, ~M_1 = a_2, ~M_2 = B, ~M_3 = a_3, ~M_4 = encrypt((Nb_2,a_1,a_2,B),Kbs_1) at {26} in copy a

in(c, (a_1,a_2,B,encrypt((a_4,a_1,a_2,B),a_5),~M_4)) with ~M_4 = encrypt((Nb_2,a_1,a_2,B),Kbs_1) at {37} in copy a_6

in(c, (a_2,a_5)) at {45} in copy a_7

insert keys(a_2,a_5) at {47} in copy a_7

get keys(a_2,a_5) at {43} in copy a_6

get keys(B,Kbs_1) at {42} in copy a_6

new k_2: key creating k_5 at {40} in copy a_6

out(c, (~M_5,~M_6,~M_7)) with ~M_5 = a_1, ~M_6 = encrypt((a_4,k_5),a_5), ~M_7 = encrypt((Nb_2,k_5),Kbs_1) at {41} in copy a_6

in(c, (a_1,a_8,~M_7)) with ~M_7 = encrypt((Nb_2,k_5),Kbs_1) at {27} in copy a

event beginAkey(a_2,B,k_5) at {29} in copy a

out(c, (~M_8,~M_9)) with ~M_8 = a_1, ~M_9 = a_8 at {30} in copy a

event endBparam(a_2,B) at {32} in copy a

event endBkey(a_2,B,k_5) at {33} in copy a

out(c, ~M_10) with ~M_10 = encrypt(secretB,k_5) at {34} in copy a

The attacker has the message decrypt(~M_10,2-proj-2-tuple(decrypt(~M_6,a_5))) = secretB.
A trace has been found.
RESULT not attacker(secretB[]) is false.

--------------------------------------------------------------
Verification summary:

Query not attacker(secretB[]) is false.

--------------------------------------------------------------

